#
# A fatal error has been detected by the Java Runtime Environment:
#
#  EXCEPTION_ACCESS_VIOLATION (0xc0000005) at pc=0x00007ffdc0f8582c, pid=16192, tid=6320
#
# JRE version: OpenJDK Runtime Environment Corretto-11.0.24.8.1 (11.0.24+8) (build 11.0.24+8-LTS)
# Java VM: OpenJDK 64-Bit Server VM Corretto-11.0.24.8.1 (11.0.24+8-LTS, mixed mode, tiered, compressed oops, g1 gc, windows-amd64)
# Problematic frame:
# V  [jvm.dll+0x53582c]
#
# No core dump will be written. Minidumps are not enabled by default on client versions of Windows
#
# If you would like to submit a bug report, please visit:
#   https://github.com/corretto/corretto-11/issues/
#

---------------  S U M M A R Y ------------

Command Line: -Dmaven.multiModuleProjectDirectory=C:\Users\7000qwq\Desktop\goldProject\back-end\gold-java -Djansi.passthrough=true -Dmaven.home=D:\Program Files\IntelliJ IDEA Community Edition 2024.2.1\plugins\maven\lib\maven3 -Dclassworlds.conf=D:\Program Files\IntelliJ IDEA Community Edition 2024.2.1\plugins\maven\lib\maven3\bin\m2.conf -Dmaven.ext.class.path=D:\Program Files\IntelliJ IDEA Community Edition 2024.2.1\plugins\maven\lib\maven-event-listener.jar -javaagent:D:\Program Files\IntelliJ IDEA Community Edition 2024.2.1\lib\idea_rt.jar=12292:D:\Program Files\IntelliJ IDEA Community Edition 2024.2.1\bin -Dfile.encoding=UTF-8 org.codehaus.classworlds.Launcher -Didea.version=2024.2.1 install

Host: AMD Ryzen 7 4800U with Radeon Graphics         , 16 cores, 15G,  Windows 11 , 64 bit Build 22621 (10.0.22621.3958)
Time: Thu Nov  7 00:46:22 2024  Windows 11 , 64 bit Build 22621 (10.0.22621.3958) elapsed time: 14.041469 seconds (0d 0h 0m 14s)

---------------  T H R E A D  ---------------

Current thread (0x000001b171d6d800):  JavaThread "C2 CompilerThread0" daemon [_thread_in_native, id=6320, stack(0x0000007f0c500000,0x0000007f0c600000)]


Current CompileTask:
C2:  14041 10016 %     4       jdk.nio.zipfs.ZipFileSystem::initCEN @ 188 (437 bytes)

Stack: [0x0000007f0c500000,0x0000007f0c600000],  sp=0x0000007f0c5fbc80,  free space=1007k
Native frames: (J=compiled Java code, j=interpreted, Vv=VM code, C=native code)
V  [jvm.dll+0x53582c]
V  [jvm.dll+0x1b3bd7]
V  [jvm.dll+0x221d7f]
V  [jvm.dll+0x220c38]
V  [jvm.dll+0x19e9e1]
V  [jvm.dll+0x230ae9]
V  [jvm.dll+0x22ec5f]
V  [jvm.dll+0x79b991]
V  [jvm.dll+0x794664]
V  [jvm.dll+0x644fb5]
C  [ucrtbase.dll+0x29333]
C  [KERNEL32.DLL+0x1257d]
C  [ntdll.dll+0x5af08]


siginfo: EXCEPTION_ACCESS_VIOLATION (0xc0000005), reading address 0xffffffffffffffff


Register to memory mapping:

RIP=0x00007ffdc0f8582c jvm.dll
RAX=0x100001b17acffb00 is an unknown value
RBX=0x0000000000000001 is an unknown value
RCX=0x000001b17acffac8 points into unknown readable memory: 0x00007ffdc12f7f00 | 00 7f 2f c1 fd 7f 00 00
RDX=0x0000000000000001 is an unknown value
RSP=0x0000007f0c5fbc80 is pointing into the stack for thread: 0x000001b171d6d800
RBP=0x0 is NULL
RSI=0x0000007f0c5fbea0 is pointing into the stack for thread: 0x000001b171d6d800
RDI=0x000001b17acffb30 points into unknown readable memory: 0x00007ffdc12fc658 | 58 c6 2f c1 fd 7f 00 00
R8 =0x000001b17d3f4638 points into unknown readable memory: 0x000001b10000000e | 0e 00 00 00 b1 01 00 00
R9 =0x0000007f0c5fbcc8 is pointing into the stack for thread: 0x000001b171d6d800
R10=0x00007ffdc153fdf0 jvm.dll
R11=0x0000007f0c5fbc78 is pointing into the stack for thread: 0x000001b171d6d800
R12=0x0000000000000001 is an unknown value
R13=0x0000000000000008 is an unknown value
R14=0x000001b17d3f4638 points into unknown readable memory: 0x000001b10000000e | 0e 00 00 00 b1 01 00 00
R15=0x000001b17aac90f0 points into unknown readable memory: 0x00007ffdc1286290 | 90 62 28 c1 fd 7f 00 00


Registers:
RAX=0x100001b17acffb00, RBX=0x0000000000000001, RCX=0x000001b17acffac8, RDX=0x0000000000000001
RSP=0x0000007f0c5fbc80, RBP=0x0000000000000000, RSI=0x0000007f0c5fbea0, RDI=0x000001b17acffb30
R8 =0x000001b17d3f4638, R9 =0x0000007f0c5fbcc8, R10=0x00007ffdc153fdf0, R11=0x0000007f0c5fbc78
R12=0x0000000000000001, R13=0x0000000000000008, R14=0x000001b17d3f4638, R15=0x000001b17aac90f0
RIP=0x00007ffdc0f8582c, EFLAGS=0x0000000000010202

Top of Stack: (sp=0x0000007f0c5fbc80)
0x0000007f0c5fbc80:   0000000000001fd9 0000000000000001
0x0000007f0c5fbc90:   0000000000000001 0000007f0c5fbcc8
0x0000007f0c5fbca0:   000001b17d3f4638 0000000000000008
0x0000007f0c5fbcb0:   0000000000000010 000001b171373528
0x0000007f0c5fbcc0:   000001b17143db70 00007ffdc1383de8
0x0000007f0c5fbcd0:   000001b17143db70 0000007f00000040
0x0000007f0c5fbce0:   000001b17c8c34d0 000001b179a01060
0x0000007f0c5fbcf0:   00000000002aa760 000001b179a080b0
0x0000007f0c5fbd00:   000001b179a09048 0000000000000000
0x0000007f0c5fbd10:   00000000001449c0 000001b177db2380
0x0000007f0c5fbd20:   00000000000003d8 000001b177db2768
0x0000007f0c5fbd30:   000001b177db2390 0000000000000000
0x0000007f0c5fbd40:   0000007f0c5fc2c8 0000007f0c5fbe60
0x0000007f0c5fbd50:   0000007f0c5fc1e0 00007ffdc0c03bd7
0x0000007f0c5fbd60:   0000007f0000036d 0000007f00000001
0x0000007f0c5fbd70:   000001b17a979780 000001b17acffb30 

Instructions: (pc=0x00007ffdc0f8582c)
0x00007ffdc0f8572c:   8b 14 e8 eb 02 33 d2 48 8b 46 48 48 63 52 28 48
0x00007ffdc0f8573c:   8b 48 18 8b 1c 91 85 db 74 5c 49 8b 45 08 8b cb
0x00007ffdc0f8574c:   48 c1 e9 08 8b fb 4c 8b 0c c8 4d 3b ca 75 14 8b
0x00007ffdc0f8575c:   d3 49 8b cd e8 0b 99 e4 ff 4c 8b c8 4c 8d 15 81
0x00007ffdc0f8576c:   a6 5b 00 48 c1 ef 05 8b cb 83 e7 07 83 e1 1f 41
0x00007ffdc0f8577c:   b8 01 00 00 00 41 d3 e0 41 8b 14 b9 8b c2 41 0b
0x00007ffdc0f8578c:   c0 41 89 04 b9 48 8b bc 24 f8 00 00 00 41 85 d0
0x00007ffdc0f8579c:   75 04 41 ff 45 00 49 8b 46 08 48 8b d3 48 c1 ea
0x00007ffdc0f857ac:   08 4c 8b cb 49 c1 e9 05 83 e3 1f 41 83 e1 07 0f
0x00007ffdc0f857bc:   b6 cb 4c 8b 04 d0 ba 01 00 00 00 d3 e2 8b c2 f7
0x00007ffdc0f857cc:   d0 43 8b 0c 88 23 c1 43 89 04 88 85 ca 74 03 41
0x00007ffdc0f857dc:   ff 0e 85 ed 0f 85 3a ff ff ff 8b 9c 24 e8 00 00
0x00007ffdc0f857ec:   00 48 8b cf 41 bc 01 00 00 00 e8 25 3a bf ff 41
0x00007ffdc0f857fc:   3b c4 0f 86 f6 01 00 00 83 7f 18 00 76 09 48 8b
0x00007ffdc0f8580c:   47 20 48 8b 08 eb 02 33 c9 41 8b c4 4c 8d 4c 24
0x00007ffdc0f8581c:   48 4c 8d 2c c5 00 00 00 00 4d 8b c6 48 8b 41 08
0x00007ffdc0f8582c:   4a 8b 0c 28 48 8b 46 40 8b 51 28 48 8b 48 78 4c
0x00007ffdc0f8583c:   8b 3c d1 48 8b ce 49 8b d7 e8 66 f6 ff ff 8b eb
0x00007ffdc0f8584c:   85 db 0f 84 92 01 00 00 ff cd 3b 6f 18 73 0a 48
0x00007ffdc0f8585c:   8b 47 20 48 8b 04 e8 eb 02 33 c0 44 3b 60 18 0f
0x00007ffdc0f8586c:   83 61 01 00 00 48 8b 40 08 4a 8b 0c 28 48 8b 46
0x00007ffdc0f8587c:   48 48 63 51 28 48 8b 48 18 41 8b 47 4c ff c8 44
0x00007ffdc0f8588c:   8b 34 91 41 8b d6 48 8d 0c 80 48 c1 e1 05 48 03
0x00007ffdc0f8589c:   4e 10 e8 8d 12 c8 ff 84 c0 0f 84 27 01 00 00 45
0x00007ffdc0f858ac:   8b 57 4c 45 8b c6 49 c1 e8 08 45 8b ce 49 c1 e9
0x00007ffdc0f858bc:   05 41 83 e1 07 41 8d 42 ff 48 8d 0c 80 44 8b d8
0x00007ffdc0f858cc:   48 8b 46 20 48 c1 e1 05 48 8b 54 01 08 41 8b ce
0x00007ffdc0f858dc:   83 e1 1f 4a 8b 14 c2 42 8b 04 8a 0f a3 c8 0f 82
0x00007ffdc0f858ec:   e2 00 00 00 4c 8b 46 28 4b 83 3c d8 00 75 51 45
0x00007ffdc0f858fc:   8b ca 41 c1 e9 05 44 3b 4c 24 58 73 43 48 8b 44
0x00007ffdc0f8590c:   24 60 41 8b ca 83 e1 1f ba 01 00 00 00 d3 e2 42
0x00007ffdc0f8591c:   23 14 88 74 2b 48 8b 5e 38 8b 7b 18 8d 47 01 89 


Stack slot to memory mapping:
stack at sp + 0 slots: 0x0000000000001fd9 is an unknown value
stack at sp + 1 slots: 0x0000000000000001 is an unknown value
stack at sp + 2 slots: 0x0000000000000001 is an unknown value
stack at sp + 3 slots: 0x0000007f0c5fbcc8 is pointing into the stack for thread: 0x000001b171d6d800
stack at sp + 4 slots: 0x000001b17d3f4638 points into unknown readable memory: 0x000001b10000000e | 0e 00 00 00 b1 01 00 00
stack at sp + 5 slots: 0x0000000000000008 is an unknown value
stack at sp + 6 slots: 0x0000000000000010 is an unknown value
stack at sp + 7 slots: 0x000001b171373528 points into unknown readable memory: 0x000001b171cf54d0 | d0 54 cf 71 b1 01 00 00


---------------  P R O C E S S  ---------------

Threads class SMR info:
_java_thread_list=0x000001b1763174f0, length=22, elements={
0x000001b14d0b6800, 0x000001b171440800, 0x000001b171cf8800, 0x000001b171d65000,
0x000001b171d67000, 0x000001b171d6a000, 0x000001b171d6d800, 0x000001b171d6e800,
0x000001b171d6f800, 0x000001b171cd0800, 0x000001b171ee1800, 0x000001b171ee4000,
0x000001b17213c800, 0x000001b17441e800, 0x000001b17ef21000, 0x000001b17ef22000,
0x000001b17ef1d000, 0x000001b17ef1c000, 0x000001b17ef1d800, 0x000001b17ef20000,
0x000001b17ef22800, 0x000001b17ef1f800
}

Java Threads: ( => current thread )
  0x000001b14d0b6800 JavaThread "main" [_thread_in_vm, id=4008, stack(0x0000007f0b900000,0x0000007f0ba00000)]
  0x000001b171440800 JavaThread "Reference Handler" daemon [_thread_blocked, id=17068, stack(0x0000007f0c000000,0x0000007f0c100000)]
  0x000001b171cf8800 JavaThread "Finalizer" daemon [_thread_blocked, id=8284, stack(0x0000007f0c100000,0x0000007f0c200000)]
  0x000001b171d65000 JavaThread "Signal Dispatcher" daemon [_thread_blocked, id=15112, stack(0x0000007f0c200000,0x0000007f0c300000)]
  0x000001b171d67000 JavaThread "Attach Listener" daemon [_thread_blocked, id=17312, stack(0x0000007f0c300000,0x0000007f0c400000)]
  0x000001b171d6a000 JavaThread "Service Thread" daemon [_thread_blocked, id=7244, stack(0x0000007f0c400000,0x0000007f0c500000)]
=>0x000001b171d6d800 JavaThread "C2 CompilerThread0" daemon [_thread_in_native, id=6320, stack(0x0000007f0c500000,0x0000007f0c600000)]
  0x000001b171d6e800 JavaThread "C1 CompilerThread0" daemon [_thread_blocked, id=18148, stack(0x0000007f0c600000,0x0000007f0c700000)]
  0x000001b171d6f800 JavaThread "Sweeper thread" daemon [_thread_blocked, id=13200, stack(0x0000007f0c700000,0x0000007f0c800000)]
  0x000001b171cd0800 JavaThread "Common-Cleaner" daemon [_thread_blocked, id=7636, stack(0x0000007f0c800000,0x0000007f0c900000)]
  0x000001b171ee1800 JavaThread "C1 CompilerThread1" daemon [_thread_blocked, id=5724, stack(0x0000007f0c900000,0x0000007f0ca00000)]
  0x000001b171ee4000 JavaThread "C1 CompilerThread2" daemon [_thread_blocked, id=15152, stack(0x0000007f0ca00000,0x0000007f0cb00000)]
  0x000001b17213c800 JavaThread "Monitor Ctrl-Break" daemon [_thread_in_native, id=2648, stack(0x0000007f0ce00000,0x0000007f0cf00000)]
  0x000001b17441e800 JavaThread "Thread-1" daemon [_thread_blocked, id=15184, stack(0x0000007f0d900000,0x0000007f0da00000)]
  0x000001b17ef21000 JavaThread "C1 CompilerThread3" daemon [_thread_blocked, id=15092, stack(0x0000007f0de00000,0x0000007f0df00000)]
  0x000001b17ef22000 JavaThread "C2 CompilerThread1" daemon [_thread_blocked, id=13204, stack(0x0000007f0cd00000,0x0000007f0ce00000)]
  0x000001b17ef1d000 JavaThread "C2 CompilerThread2" daemon [_thread_blocked, id=10748, stack(0x0000007f0d400000,0x0000007f0d500000)]
  0x000001b17ef1c000 JavaThread "C2 CompilerThread3" daemon [_thread_blocked, id=2900, stack(0x0000007f0d500000,0x0000007f0d600000)]
  0x000001b17ef1d800 JavaThread "C2 CompilerThread4" daemon [_thread_blocked, id=3180, stack(0x0000007f0da00000,0x0000007f0db00000)]
  0x000001b17ef20000 JavaThread "C2 CompilerThread5" daemon [_thread_in_native, id=14120, stack(0x0000007f0db00000,0x0000007f0dc00000)]
  0x000001b17ef22800 JavaThread "C2 CompilerThread6" daemon [_thread_blocked, id=13164, stack(0x0000007f0dc00000,0x0000007f0dd00000)]
  0x000001b17ef1f800 JavaThread "C2 CompilerThread7" daemon [_thread_blocked, id=17592, stack(0x0000007f0dd00000,0x0000007f0de00000)]

Other Threads:
  0x000001b17143e800 VMThread "VM Thread" [stack: 0x0000007f0bf00000,0x0000007f0c000000] [id=14284]
  0x000001b172082800 WatcherThread [stack: 0x0000007f0cf00000,0x0000007f0d000000] [id=10924]
  0x000001b14d0d1000 GCTaskThread "GC Thread#0" [stack: 0x0000007f0ba00000,0x0000007f0bb00000] [id=5264]
  0x000001b172ab9000 GCTaskThread "GC Thread#1" [stack: 0x0000007f0d000000,0x0000007f0d100000] [id=13688]
  0x000001b172d74800 GCTaskThread "GC Thread#2" [stack: 0x0000007f0d100000,0x0000007f0d200000] [id=10540]
  0x000001b172493800 GCTaskThread "GC Thread#3" [stack: 0x0000007f0d200000,0x0000007f0d300000] [id=3416]
  0x000001b172c3d800 GCTaskThread "GC Thread#4" [stack: 0x0000007f0d300000,0x0000007f0d400000] [id=12720]
  0x000001b1794c0000 GCTaskThread "GC Thread#5" [stack: 0x0000007f0cb00000,0x0000007f0cc00000] [id=18080]
  0x000001b17a4bb000 GCTaskThread "GC Thread#6" [stack: 0x0000007f0cc00000,0x0000007f0cd00000] [id=13876]
  0x000001b14d12b800 ConcurrentGCThread "G1 Main Marker" [stack: 0x0000007f0bb00000,0x0000007f0bc00000] [id=4028]
  0x000001b14d12d000 ConcurrentGCThread "G1 Conc#0" [stack: 0x0000007f0bc00000,0x0000007f0bd00000] [id=16044]
  0x000001b172d87800 ConcurrentGCThread "G1 Conc#1" [stack: 0x0000007f0d700000,0x0000007f0d800000] [id=15564]
  0x000001b17256d800 ConcurrentGCThread "G1 Conc#2" [stack: 0x0000007f0d800000,0x0000007f0d900000] [id=11840]
  0x000001b171326800 ConcurrentGCThread "G1 Refine#0" [stack: 0x0000007f0bd00000,0x0000007f0be00000] [id=7364]
  0x000001b1725b7000 ConcurrentGCThread "G1 Refine#1" [stack: 0x0000007f0d600000,0x0000007f0d700000] [id=224]
  0x000001b171327800 ConcurrentGCThread "G1 Young RemSet Sampling" [stack: 0x0000007f0be00000,0x0000007f0bf00000] [id=8476]

Threads with active compile tasks:
C2 CompilerThread0    14097 10016 %     4       jdk.nio.zipfs.ZipFileSystem::initCEN @ 188 (437 bytes)
C2 CompilerThread5    14097 10091       4       java.lang.ClassLoader::getResource (41 bytes)

VM state:not at safepoint (normal execution)

VM Mutex/Monitor currently owned by a thread: None

Heap address: 0x000000070a200000, size: 3934 MB, Compressed Oops mode: Zero based, Oop shift amount: 3
Narrow klass base: 0x0000000800000000, Narrow klass shift: 0
Compressed class space size: 1073741824 Address: 0x0000000800000000

Heap:
 garbage-first heap   total 303104K, used 126481K [0x000000070a200000, 0x0000000800000000)
  region size 1024K, 83 young (84992K), 8 survivors (8192K)
 Metaspace       used 47099K, capacity 48612K, committed 48720K, reserved 1093632K
  class space    used 4872K, capacity 5372K, committed 5376K, reserved 1048576K
Heap Regions: E=young(eden), S=young(survivor), O=old, HS=humongous(starts), HC=humongous(continues), CS=collection set, F=free, A=archive, TAMS=top-at-mark-start (previous, next)
|   0|0x000000070a200000, 0x000000070a300000, 0x000000070a300000|100%| O|  |TAMS 0x000000070a300000, 0x000000070a200000| Untracked 
|   1|0x000000070a300000, 0x000000070a400000, 0x000000070a400000|100%| O|  |TAMS 0x000000070a400000, 0x000000070a300000| Untracked 
|   2|0x000000070a400000, 0x000000070a500000, 0x000000070a500000|100%| O|  |TAMS 0x000000070a500000, 0x000000070a400000| Untracked 
|   3|0x000000070a500000, 0x000000070a600000, 0x000000070a600000|100%| O|  |TAMS 0x000000070a600000, 0x000000070a500000| Untracked 
|   4|0x000000070a600000, 0x000000070a700000, 0x000000070a700000|100%| O|  |TAMS 0x000000070a700000, 0x000000070a600000| Untracked 
|   5|0x000000070a700000, 0x000000070a800000, 0x000000070a800000|100%| O|  |TAMS 0x000000070a800000, 0x000000070a700000| Untracked 
|   6|0x000000070a800000, 0x000000070a900000, 0x000000070a900000|100%| O|  |TAMS 0x000000070a900000, 0x000000070a800000| Untracked 
|   7|0x000000070a900000, 0x000000070aa00000, 0x000000070aa00000|100%| O|  |TAMS 0x000000070aa00000, 0x000000070a900000| Untracked 
|   8|0x000000070aa00000, 0x000000070ab00000, 0x000000070ab00000|100%| O|  |TAMS 0x000000070ab00000, 0x000000070aa00000| Untracked 
|   9|0x000000070ab00000, 0x000000070ac00000, 0x000000070ac00000|100%| O|  |TAMS 0x000000070ac00000, 0x000000070ab00000| Untracked 
|  10|0x000000070ac00000, 0x000000070ad00000, 0x000000070ad00000|100%| O|  |TAMS 0x000000070ad00000, 0x000000070ac00000| Untracked 
|  11|0x000000070ad00000, 0x000000070ae00000, 0x000000070ae00000|100%| O|  |TAMS 0x000000070ae00000, 0x000000070ad00000| Untracked 
|  12|0x000000070ae00000, 0x000000070af00000, 0x000000070af00000|100%| O|  |TAMS 0x000000070ae8f600, 0x000000070ae00000| Untracked 
|  13|0x000000070af00000, 0x000000070b000000, 0x000000070b000000|100%| O|  |TAMS 0x000000070af00000, 0x000000070af00000| Untracked 
|  14|0x000000070b000000, 0x000000070b100000, 0x000000070b100000|100%| O|  |TAMS 0x000000070b000000, 0x000000070b000000| Untracked 
|  15|0x000000070b100000, 0x000000070b200000, 0x000000070b200000|100%| O|  |TAMS 0x000000070b100000, 0x000000070b100000| Untracked 
|  16|0x000000070b200000, 0x000000070b300000, 0x000000070b300000|100%| O|  |TAMS 0x000000070b200000, 0x000000070b200000| Untracked 
|  17|0x000000070b300000, 0x000000070b400000, 0x000000070b400000|100%|HS|  |TAMS 0x000000070b300000, 0x000000070b300000| Complete 
|  18|0x000000070b400000, 0x000000070b500000, 0x000000070b500000|100%|HS|  |TAMS 0x000000070b400000, 0x000000070b400000| Complete 
|  19|0x000000070b500000, 0x000000070b600000, 0x000000070b600000|100%|HS|  |TAMS 0x000000070b500000, 0x000000070b500000| Complete 
|  20|0x000000070b600000, 0x000000070b600000, 0x000000070b700000|  0%| F|  |TAMS 0x000000070b600000, 0x000000070b600000| Untracked 
|  21|0x000000070b700000, 0x000000070b700000, 0x000000070b800000|  0%| F|  |TAMS 0x000000070b700000, 0x000000070b700000| Untracked 
|  22|0x000000070b800000, 0x000000070b800000, 0x000000070b900000|  0%| F|  |TAMS 0x000000070b800000, 0x000000070b800000| Untracked 
|  23|0x000000070b900000, 0x000000070b900000, 0x000000070ba00000|  0%| F|  |TAMS 0x000000070b900000, 0x000000070b900000| Untracked 
|  24|0x000000070ba00000, 0x000000070ba00000, 0x000000070bb00000|  0%| F|  |TAMS 0x000000070ba00000, 0x000000070ba00000| Untracked 
|  25|0x000000070bb00000, 0x000000070bb00000, 0x000000070bc00000|  0%| F|  |TAMS 0x000000070bb00000, 0x000000070bb00000| Untracked 
|  26|0x000000070bc00000, 0x000000070bc00000, 0x000000070bd00000|  0%| F|  |TAMS 0x000000070bc00000, 0x000000070bc00000| Untracked 
|  27|0x000000070bd00000, 0x000000070bd00000, 0x000000070be00000|  0%| F|  |TAMS 0x000000070bd00000, 0x000000070bd00000| Untracked 
|  28|0x000000070be00000, 0x000000070be00000, 0x000000070bf00000|  0%| F|  |TAMS 0x000000070be00000, 0x000000070be00000| Untracked 
|  29|0x000000070bf00000, 0x000000070bf00000, 0x000000070c000000|  0%| F|  |TAMS 0x000000070bf00000, 0x000000070bf00000| Untracked 
|  30|0x000000070c000000, 0x000000070c000000, 0x000000070c100000|  0%| F|  |TAMS 0x000000070c000000, 0x000000070c000000| Untracked 
|  31|0x000000070c100000, 0x000000070c100000, 0x000000070c200000|  0%| F|  |TAMS 0x000000070c100000, 0x000000070c100000| Untracked 
|  32|0x000000070c200000, 0x000000070c200000, 0x000000070c300000|  0%| F|  |TAMS 0x000000070c200000, 0x000000070c200000| Untracked 
|  33|0x000000070c300000, 0x000000070c300000, 0x000000070c400000|  0%| F|  |TAMS 0x000000070c300000, 0x000000070c300000| Untracked 
|  34|0x000000070c400000, 0x000000070c400000, 0x000000070c500000|  0%| F|  |TAMS 0x000000070c400000, 0x000000070c400000| Untracked 
|  35|0x000000070c500000, 0x000000070c500000, 0x000000070c600000|  0%| F|  |TAMS 0x000000070c500000, 0x000000070c500000| Untracked 
|  36|0x000000070c600000, 0x000000070c700000, 0x000000070c700000|100%| O|  |TAMS 0x000000070c600000, 0x000000070c600000| Untracked 
|  37|0x000000070c700000, 0x000000070c800000, 0x000000070c800000|100%| O|  |TAMS 0x000000070c700000, 0x000000070c700000| Untracked 
|  38|0x000000070c800000, 0x000000070c900000, 0x000000070c900000|100%| O|  |TAMS 0x000000070c800000, 0x000000070c800000| Untracked 
|  39|0x000000070c900000, 0x000000070ca00000, 0x000000070ca00000|100%| O|  |TAMS 0x000000070c900000, 0x000000070c900000| Untracked 
|  40|0x000000070ca00000, 0x000000070cb00000, 0x000000070cb00000|100%| O|  |TAMS 0x000000070ca00000, 0x000000070ca00000| Untracked 
|  41|0x000000070cb00000, 0x000000070cc00000, 0x000000070cc00000|100%| O|  |TAMS 0x000000070cb00000, 0x000000070cb00000| Untracked 
|  42|0x000000070cc00000, 0x000000070cd00000, 0x000000070cd00000|100%| O|  |TAMS 0x000000070cc00000, 0x000000070cc00000| Untracked 
|  43|0x000000070cd00000, 0x000000070ce00000, 0x000000070ce00000|100%| O|  |TAMS 0x000000070cd00000, 0x000000070cd00000| Untracked 
|  44|0x000000070ce00000, 0x000000070cf00000, 0x000000070cf00000|100%| O|  |TAMS 0x000000070ce00000, 0x000000070ce00000| Untracked 
|  45|0x000000070cf00000, 0x000000070cf00000, 0x000000070d000000|  0%| F|  |TAMS 0x000000070cf00000, 0x000000070cf00000| Untracked 
|  46|0x000000070d000000, 0x000000070d000000, 0x000000070d100000|  0%| F|  |TAMS 0x000000070d000000, 0x000000070d000000| Untracked 
|  47|0x000000070d100000, 0x000000070d200000, 0x000000070d200000|100%| O|  |TAMS 0x000000070d100000, 0x000000070d100000| Untracked 
|  48|0x000000070d200000, 0x000000070d300000, 0x000000070d300000|100%| O|  |TAMS 0x000000070d200000, 0x000000070d200000| Untracked 
|  49|0x000000070d300000, 0x000000070d400000, 0x000000070d400000|100%| O|  |TAMS 0x000000070d300000, 0x000000070d300000| Untracked 
|  50|0x000000070d400000, 0x000000070d500000, 0x000000070d500000|100%| O|  |TAMS 0x000000070d400000, 0x000000070d400000| Untracked 
|  51|0x000000070d500000, 0x000000070d600000, 0x000000070d600000|100%| O|  |TAMS 0x000000070d500000, 0x000000070d500000| Untracked 
|  52|0x000000070d600000, 0x000000070d700000, 0x000000070d700000|100%| O|  |TAMS 0x000000070d600000, 0x000000070d600000| Untracked 
|  53|0x000000070d700000, 0x000000070d800000, 0x000000070d800000|100%| O|  |TAMS 0x000000070d700000, 0x000000070d700000| Untracked 
|  54|0x000000070d800000, 0x000000070d900000, 0x000000070d900000|100%| O|  |TAMS 0x000000070d800000, 0x000000070d800000| Untracked 
|  55|0x000000070d900000, 0x000000070da00000, 0x000000070da00000|100%| O|  |TAMS 0x000000070d900000, 0x000000070d900000| Untracked 
|  56|0x000000070da00000, 0x000000070db00000, 0x000000070db00000|100%| O|  |TAMS 0x000000070da00000, 0x000000070da00000| Untracked 
|  57|0x000000070db00000, 0x000000070dc00000, 0x000000070dc00000|100%| O|  |TAMS 0x000000070db00000, 0x000000070db00000| Untracked 
|  58|0x000000070dc00000, 0x000000070dd00000, 0x000000070dd00000|100%| O|  |TAMS 0x000000070dc00000, 0x000000070dc00000| Untracked 
|  59|0x000000070dd00000, 0x000000070dd84400, 0x000000070de00000| 51%| O|  |TAMS 0x000000070dd00000, 0x000000070dd00000| Untracked 
|  60|0x000000070de00000, 0x000000070de00000, 0x000000070df00000|  0%| F|  |TAMS 0x000000070de00000, 0x000000070de00000| Untracked 
|  61|0x000000070df00000, 0x000000070df00000, 0x000000070e000000|  0%| F|  |TAMS 0x000000070df00000, 0x000000070df00000| Untracked 
|  62|0x000000070e000000, 0x000000070e000000, 0x000000070e100000|  0%| F|  |TAMS 0x000000070e000000, 0x000000070e000000| Untracked 
|  63|0x000000070e100000, 0x000000070e100000, 0x000000070e200000|  0%| F|  |TAMS 0x000000070e100000, 0x000000070e100000| Untracked 
|  64|0x000000070e200000, 0x000000070e200000, 0x000000070e300000|  0%| F|  |TAMS 0x000000070e200000, 0x000000070e200000| Untracked 
|  65|0x000000070e300000, 0x000000070e300000, 0x000000070e400000|  0%| F|  |TAMS 0x000000070e300000, 0x000000070e300000| Untracked 
|  66|0x000000070e400000, 0x000000070e400000, 0x000000070e500000|  0%| F|  |TAMS 0x000000070e400000, 0x000000070e400000| Untracked 
|  67|0x000000070e500000, 0x000000070e500000, 0x000000070e600000|  0%| F|  |TAMS 0x000000070e500000, 0x000000070e500000| Untracked 
|  68|0x000000070e600000, 0x000000070e600000, 0x000000070e700000|  0%| F|  |TAMS 0x000000070e600000, 0x000000070e600000| Untracked 
|  69|0x000000070e700000, 0x000000070e700000, 0x000000070e800000|  0%| F|  |TAMS 0x000000070e700000, 0x000000070e700000| Untracked 
|  70|0x000000070e800000, 0x000000070e800000, 0x000000070e900000|  0%| F|  |TAMS 0x000000070e800000, 0x000000070e800000| Untracked 
|  71|0x000000070e900000, 0x000000070e900000, 0x000000070ea00000|  0%| F|  |TAMS 0x000000070e900000, 0x000000070e900000| Untracked 
|  72|0x000000070ea00000, 0x000000070ea00000, 0x000000070eb00000|  0%| F|  |TAMS 0x000000070ea00000, 0x000000070ea00000| Untracked 
|  73|0x000000070eb00000, 0x000000070eb00000, 0x000000070ec00000|  0%| F|  |TAMS 0x000000070eb00000, 0x000000070eb00000| Untracked 
|  74|0x000000070ec00000, 0x000000070ec00000, 0x000000070ed00000|  0%| F|  |TAMS 0x000000070ec00000, 0x000000070ec00000| Untracked 
|  75|0x000000070ed00000, 0x000000070ed00000, 0x000000070ee00000|  0%| F|  |TAMS 0x000000070ed00000, 0x000000070ed00000| Untracked 
|  76|0x000000070ee00000, 0x000000070ee00000, 0x000000070ef00000|  0%| F|  |TAMS 0x000000070ee00000, 0x000000070ee00000| Untracked 
|  77|0x000000070ef00000, 0x000000070ef00000, 0x000000070f000000|  0%| F|  |TAMS 0x000000070ef00000, 0x000000070ef00000| Untracked 
|  78|0x000000070f000000, 0x000000070f000000, 0x000000070f100000|  0%| F|  |TAMS 0x000000070f000000, 0x000000070f000000| Untracked 
|  79|0x000000070f100000, 0x000000070f100000, 0x000000070f200000|  0%| F|  |TAMS 0x000000070f100000, 0x000000070f100000| Untracked 
|  80|0x000000070f200000, 0x000000070f200000, 0x000000070f300000|  0%| F|  |TAMS 0x000000070f200000, 0x000000070f200000| Untracked 
|  81|0x000000070f300000, 0x000000070f300000, 0x000000070f400000|  0%| F|  |TAMS 0x000000070f300000, 0x000000070f300000| Untracked 
|  82|0x000000070f400000, 0x000000070f400000, 0x000000070f500000|  0%| F|  |TAMS 0x000000070f400000, 0x000000070f400000| Untracked 
|  83|0x000000070f500000, 0x000000070f500000, 0x000000070f600000|  0%| F|  |TAMS 0x000000070f500000, 0x000000070f500000| Untracked 
|  84|0x000000070f600000, 0x000000070f600000, 0x000000070f700000|  0%| F|  |TAMS 0x000000070f600000, 0x000000070f600000| Untracked 
|  85|0x000000070f700000, 0x000000070f700000, 0x000000070f800000|  0%| F|  |TAMS 0x000000070f700000, 0x000000070f700000| Untracked 
|  86|0x000000070f800000, 0x000000070f800000, 0x000000070f900000|  0%| F|  |TAMS 0x000000070f800000, 0x000000070f800000| Untracked 
|  87|0x000000070f900000, 0x000000070f900000, 0x000000070fa00000|  0%| F|  |TAMS 0x000000070f900000, 0x000000070f900000| Untracked 
|  88|0x000000070fa00000, 0x000000070fa00000, 0x000000070fb00000|  0%| F|  |TAMS 0x000000070fa00000, 0x000000070fa00000| Untracked 
|  89|0x000000070fb00000, 0x000000070fb00000, 0x000000070fc00000|  0%| F|  |TAMS 0x000000070fb00000, 0x000000070fb00000| Untracked 
|  90|0x000000070fc00000, 0x000000070fc00000, 0x000000070fd00000|  0%| F|  |TAMS 0x000000070fc00000, 0x000000070fc00000| Untracked 
|  91|0x000000070fd00000, 0x000000070fd00000, 0x000000070fe00000|  0%| F|  |TAMS 0x000000070fd00000, 0x000000070fd00000| Untracked 
|  92|0x000000070fe00000, 0x000000070fe00000, 0x000000070ff00000|  0%| F|  |TAMS 0x000000070fe00000, 0x000000070fe00000| Untracked 
|  93|0x000000070ff00000, 0x000000070ff00000, 0x0000000710000000|  0%| F|  |TAMS 0x000000070ff00000, 0x000000070ff00000| Untracked 
|  94|0x0000000710000000, 0x0000000710000000, 0x0000000710100000|  0%| F|  |TAMS 0x0000000710000000, 0x0000000710000000| Untracked 
|  95|0x0000000710100000, 0x0000000710100000, 0x0000000710200000|  0%| F|  |TAMS 0x0000000710100000, 0x0000000710100000| Untracked 
|  96|0x0000000710200000, 0x0000000710200000, 0x0000000710300000|  0%| F|  |TAMS 0x0000000710200000, 0x0000000710200000| Untracked 
|  97|0x0000000710300000, 0x0000000710300000, 0x0000000710400000|  0%| F|  |TAMS 0x0000000710300000, 0x0000000710300000| Untracked 
|  98|0x0000000710400000, 0x0000000710400000, 0x0000000710500000|  0%| F|  |TAMS 0x0000000710400000, 0x0000000710400000| Untracked 
|  99|0x0000000710500000, 0x0000000710500000, 0x0000000710600000|  0%| F|  |TAMS 0x0000000710500000, 0x0000000710500000| Untracked 
| 100|0x0000000710600000, 0x0000000710600000, 0x0000000710700000|  0%| F|  |TAMS 0x0000000710600000, 0x0000000710600000| Untracked 
| 101|0x0000000710700000, 0x0000000710700000, 0x0000000710800000|  0%| F|  |TAMS 0x0000000710700000, 0x0000000710700000| Untracked 
| 102|0x0000000710800000, 0x0000000710800000, 0x0000000710900000|  0%| F|  |TAMS 0x0000000710800000, 0x0000000710800000| Untracked 
| 103|0x0000000710900000, 0x0000000710900000, 0x0000000710a00000|  0%| F|  |TAMS 0x0000000710900000, 0x0000000710900000| Untracked 
| 104|0x0000000710a00000, 0x0000000710a00000, 0x0000000710b00000|  0%| F|  |TAMS 0x0000000710a00000, 0x0000000710a00000| Untracked 
| 105|0x0000000710b00000, 0x0000000710b00000, 0x0000000710c00000|  0%| F|  |TAMS 0x0000000710b00000, 0x0000000710b00000| Untracked 
| 106|0x0000000710c00000, 0x0000000710c00000, 0x0000000710d00000|  0%| F|  |TAMS 0x0000000710c00000, 0x0000000710c00000| Untracked 
| 107|0x0000000710d00000, 0x0000000710d00000, 0x0000000710e00000|  0%| F|  |TAMS 0x0000000710d00000, 0x0000000710d00000| Untracked 
| 108|0x0000000710e00000, 0x0000000710e00000, 0x0000000710f00000|  0%| F|  |TAMS 0x0000000710e00000, 0x0000000710e00000| Untracked 
| 109|0x0000000710f00000, 0x0000000710f00000, 0x0000000711000000|  0%| F|  |TAMS 0x0000000710f00000, 0x0000000710f00000| Untracked 
| 110|0x0000000711000000, 0x0000000711000000, 0x0000000711100000|  0%| F|  |TAMS 0x0000000711000000, 0x0000000711000000| Untracked 
| 111|0x0000000711100000, 0x0000000711100000, 0x0000000711200000|  0%| F|  |TAMS 0x0000000711100000, 0x0000000711100000| Untracked 
| 112|0x0000000711200000, 0x0000000711200000, 0x0000000711300000|  0%| F|  |TAMS 0x0000000711200000, 0x0000000711200000| Untracked 
| 113|0x0000000711300000, 0x0000000711300000, 0x0000000711400000|  0%| F|  |TAMS 0x0000000711300000, 0x0000000711300000| Untracked 
| 114|0x0000000711400000, 0x0000000711400000, 0x0000000711500000|  0%| F|  |TAMS 0x0000000711400000, 0x0000000711400000| Untracked 
| 115|0x0000000711500000, 0x0000000711500000, 0x0000000711600000|  0%| F|  |TAMS 0x0000000711500000, 0x0000000711500000| Untracked 
| 116|0x0000000711600000, 0x0000000711600000, 0x0000000711700000|  0%| F|  |TAMS 0x0000000711600000, 0x0000000711600000| Untracked 
| 117|0x0000000711700000, 0x0000000711800000, 0x0000000711800000|100%| S|CS|TAMS 0x0000000711700000, 0x0000000711700000| Complete 
| 118|0x0000000711800000, 0x0000000711900000, 0x0000000711900000|100%| S|CS|TAMS 0x0000000711800000, 0x0000000711800000| Complete 
| 119|0x0000000711900000, 0x0000000711a00000, 0x0000000711a00000|100%| S|CS|TAMS 0x0000000711900000, 0x0000000711900000| Complete 
| 120|0x0000000711a00000, 0x0000000711b00000, 0x0000000711b00000|100%| S|CS|TAMS 0x0000000711a00000, 0x0000000711a00000| Complete 
| 121|0x0000000711b00000, 0x0000000711c00000, 0x0000000711c00000|100%| S|CS|TAMS 0x0000000711b00000, 0x0000000711b00000| Complete 
| 122|0x0000000711c00000, 0x0000000711d00000, 0x0000000711d00000|100%| S|CS|TAMS 0x0000000711c00000, 0x0000000711c00000| Complete 
| 123|0x0000000711d00000, 0x0000000711e00000, 0x0000000711e00000|100%| S|CS|TAMS 0x0000000711d00000, 0x0000000711d00000| Complete 
| 124|0x0000000711e00000, 0x0000000711f00000, 0x0000000711f00000|100%| S|CS|TAMS 0x0000000711e00000, 0x0000000711e00000| Complete 
| 125|0x0000000711f00000, 0x0000000711f00000, 0x0000000712000000|  0%| F|  |TAMS 0x0000000711f00000, 0x0000000711f00000| Untracked 
| 126|0x0000000712000000, 0x0000000712000000, 0x0000000712100000|  0%| F|  |TAMS 0x0000000712000000, 0x0000000712000000| Untracked 
| 127|0x0000000712100000, 0x0000000712100000, 0x0000000712200000|  0%| F|  |TAMS 0x0000000712100000, 0x0000000712100000| Untracked 
| 128|0x0000000712200000, 0x0000000712200000, 0x0000000712300000|  0%| F|  |TAMS 0x0000000712200000, 0x0000000712200000| Untracked 
| 129|0x0000000712300000, 0x0000000712300000, 0x0000000712400000|  0%| F|  |TAMS 0x0000000712300000, 0x0000000712300000| Untracked 
| 130|0x0000000712400000, 0x0000000712400000, 0x0000000712500000|  0%| F|  |TAMS 0x0000000712400000, 0x0000000712400000| Untracked 
| 131|0x0000000712500000, 0x0000000712500000, 0x0000000712600000|  0%| F|  |TAMS 0x0000000712500000, 0x0000000712500000| Untracked 
| 132|0x0000000712600000, 0x0000000712600000, 0x0000000712700000|  0%| F|  |TAMS 0x0000000712600000, 0x0000000712600000| Untracked 
| 133|0x0000000712700000, 0x0000000712700000, 0x0000000712800000|  0%| F|  |TAMS 0x0000000712700000, 0x0000000712700000| Untracked 
| 134|0x0000000712800000, 0x0000000712800000, 0x0000000712900000|  0%| F|  |TAMS 0x0000000712800000, 0x0000000712800000| Untracked 
| 135|0x0000000712900000, 0x0000000712900000, 0x0000000712a00000|  0%| F|  |TAMS 0x0000000712900000, 0x0000000712900000| Untracked 
| 136|0x0000000712a00000, 0x0000000712a00000, 0x0000000712b00000|  0%| F|  |TAMS 0x0000000712a00000, 0x0000000712a00000| Untracked 
| 137|0x0000000712b00000, 0x0000000712b00000, 0x0000000712c00000|  0%| F|  |TAMS 0x0000000712b00000, 0x0000000712b00000| Untracked 
| 138|0x0000000712c00000, 0x0000000712c00000, 0x0000000712d00000|  0%| F|  |TAMS 0x0000000712c00000, 0x0000000712c00000| Untracked 
| 139|0x0000000712d00000, 0x0000000712d00000, 0x0000000712e00000|  0%| F|  |TAMS 0x0000000712d00000, 0x0000000712d00000| Untracked 
| 140|0x0000000712e00000, 0x0000000712e00000, 0x0000000712f00000|  0%| F|  |TAMS 0x0000000712e00000, 0x0000000712e00000| Untracked 
| 141|0x0000000712f00000, 0x0000000712f00000, 0x0000000713000000|  0%| F|  |TAMS 0x0000000712f00000, 0x0000000712f00000| Untracked 
| 142|0x0000000713000000, 0x0000000713000000, 0x0000000713100000|  0%| F|  |TAMS 0x0000000713000000, 0x0000000713000000| Untracked 
| 143|0x0000000713100000, 0x0000000713100000, 0x0000000713200000|  0%| F|  |TAMS 0x0000000713100000, 0x0000000713100000| Untracked 
| 144|0x0000000713200000, 0x0000000713200000, 0x0000000713300000|  0%| F|  |TAMS 0x0000000713200000, 0x0000000713200000| Untracked 
| 145|0x0000000713300000, 0x0000000713300000, 0x0000000713400000|  0%| F|  |TAMS 0x0000000713300000, 0x0000000713300000| Untracked 
| 146|0x0000000713400000, 0x0000000713400000, 0x0000000713500000|  0%| F|  |TAMS 0x0000000713400000, 0x0000000713400000| Untracked 
| 147|0x0000000713500000, 0x0000000713500000, 0x0000000713600000|  0%| F|  |TAMS 0x0000000713500000, 0x0000000713500000| Untracked 
| 148|0x0000000713600000, 0x0000000713600000, 0x0000000713700000|  0%| F|  |TAMS 0x0000000713600000, 0x0000000713600000| Untracked 
| 149|0x0000000713700000, 0x0000000713700000, 0x0000000713800000|  0%| F|  |TAMS 0x0000000713700000, 0x0000000713700000| Untracked 
| 150|0x0000000713800000, 0x0000000713800000, 0x0000000713900000|  0%| F|  |TAMS 0x0000000713800000, 0x0000000713800000| Untracked 
| 151|0x0000000713900000, 0x0000000713900000, 0x0000000713a00000|  0%| F|  |TAMS 0x0000000713900000, 0x0000000713900000| Untracked 
| 152|0x0000000713a00000, 0x0000000713a00000, 0x0000000713b00000|  0%| F|  |TAMS 0x0000000713a00000, 0x0000000713a00000| Untracked 
| 153|0x0000000713b00000, 0x0000000713b00000, 0x0000000713c00000|  0%| F|  |TAMS 0x0000000713b00000, 0x0000000713b00000| Untracked 
| 154|0x0000000713c00000, 0x0000000713c00000, 0x0000000713d00000|  0%| F|  |TAMS 0x0000000713c00000, 0x0000000713c00000| Untracked 
| 155|0x0000000713d00000, 0x0000000713d00000, 0x0000000713e00000|  0%| F|  |TAMS 0x0000000713d00000, 0x0000000713d00000| Untracked 
| 156|0x0000000713e00000, 0x0000000713e00000, 0x0000000713f00000|  0%| F|  |TAMS 0x0000000713e00000, 0x0000000713e00000| Untracked 
| 157|0x0000000713f00000, 0x0000000713f00000, 0x0000000714000000|  0%| F|  |TAMS 0x0000000713f00000, 0x0000000713f00000| Untracked 
| 158|0x0000000714000000, 0x0000000714000000, 0x0000000714100000|  0%| F|  |TAMS 0x0000000714000000, 0x0000000714000000| Untracked 
| 159|0x0000000714100000, 0x0000000714100000, 0x0000000714200000|  0%| F|  |TAMS 0x0000000714100000, 0x0000000714100000| Untracked 
| 160|0x0000000714200000, 0x0000000714200000, 0x0000000714300000|  0%| F|  |TAMS 0x0000000714200000, 0x0000000714200000| Untracked 
| 161|0x0000000714300000, 0x0000000714300000, 0x0000000714400000|  0%| F|  |TAMS 0x0000000714300000, 0x0000000714300000| Untracked 
| 162|0x0000000714400000, 0x0000000714400000, 0x0000000714500000|  0%| F|  |TAMS 0x0000000714400000, 0x0000000714400000| Untracked 
| 163|0x0000000714500000, 0x0000000714500000, 0x0000000714600000|  0%| F|  |TAMS 0x0000000714500000, 0x0000000714500000| Untracked 
| 164|0x0000000714600000, 0x0000000714600000, 0x0000000714700000|  0%| F|  |TAMS 0x0000000714600000, 0x0000000714600000| Untracked 
| 165|0x0000000714700000, 0x0000000714700000, 0x0000000714800000|  0%| F|  |TAMS 0x0000000714700000, 0x0000000714700000| Untracked 
| 166|0x0000000714800000, 0x0000000714800000, 0x0000000714900000|  0%| F|  |TAMS 0x0000000714800000, 0x0000000714800000| Untracked 
| 167|0x0000000714900000, 0x0000000714900000, 0x0000000714a00000|  0%| F|  |TAMS 0x0000000714900000, 0x0000000714900000| Untracked 
| 168|0x0000000714a00000, 0x0000000714a00000, 0x0000000714b00000|  0%| F|  |TAMS 0x0000000714a00000, 0x0000000714a00000| Untracked 
| 169|0x0000000714b00000, 0x0000000714b00000, 0x0000000714c00000|  0%| F|  |TAMS 0x0000000714b00000, 0x0000000714b00000| Untracked 
| 170|0x0000000714c00000, 0x0000000714c00000, 0x0000000714d00000|  0%| F|  |TAMS 0x0000000714c00000, 0x0000000714c00000| Untracked 
| 171|0x0000000714d00000, 0x0000000714d00000, 0x0000000714e00000|  0%| F|  |TAMS 0x0000000714d00000, 0x0000000714d00000| Untracked 
| 172|0x0000000714e00000, 0x0000000714e00000, 0x0000000714f00000|  0%| F|  |TAMS 0x0000000714e00000, 0x0000000714e00000| Untracked 
| 173|0x0000000714f00000, 0x0000000714f00000, 0x0000000715000000|  0%| F|  |TAMS 0x0000000714f00000, 0x0000000714f00000| Untracked 
| 174|0x0000000715000000, 0x0000000715000000, 0x0000000715100000|  0%| F|  |TAMS 0x0000000715000000, 0x0000000715000000| Untracked 
| 175|0x0000000715100000, 0x0000000715100000, 0x0000000715200000|  0%| F|  |TAMS 0x0000000715100000, 0x0000000715100000| Untracked 
| 176|0x0000000715200000, 0x0000000715200000, 0x0000000715300000|  0%| F|  |TAMS 0x0000000715200000, 0x0000000715200000| Untracked 
| 177|0x0000000715300000, 0x0000000715300000, 0x0000000715400000|  0%| F|  |TAMS 0x0000000715300000, 0x0000000715300000| Untracked 
| 178|0x0000000715400000, 0x0000000715400000, 0x0000000715500000|  0%| F|  |TAMS 0x0000000715400000, 0x0000000715400000| Untracked 
| 179|0x0000000715500000, 0x0000000715500000, 0x0000000715600000|  0%| F|  |TAMS 0x0000000715500000, 0x0000000715500000| Untracked 
| 180|0x0000000715600000, 0x0000000715600000, 0x0000000715700000|  0%| F|  |TAMS 0x0000000715600000, 0x0000000715600000| Untracked 
| 181|0x0000000715700000, 0x0000000715700000, 0x0000000715800000|  0%| F|  |TAMS 0x0000000715700000, 0x0000000715700000| Untracked 
| 182|0x0000000715800000, 0x0000000715800000, 0x0000000715900000|  0%| F|  |TAMS 0x0000000715800000, 0x0000000715800000| Untracked 
| 183|0x0000000715900000, 0x0000000715900000, 0x0000000715a00000|  0%| F|  |TAMS 0x0000000715900000, 0x0000000715900000| Untracked 
| 184|0x0000000715a00000, 0x0000000715a00000, 0x0000000715b00000|  0%| F|  |TAMS 0x0000000715a00000, 0x0000000715a00000| Untracked 
| 185|0x0000000715b00000, 0x0000000715b00000, 0x0000000715c00000|  0%| F|  |TAMS 0x0000000715b00000, 0x0000000715b00000| Untracked 
| 186|0x0000000715c00000, 0x0000000715c00000, 0x0000000715d00000|  0%| F|  |TAMS 0x0000000715c00000, 0x0000000715c00000| Untracked 
| 187|0x0000000715d00000, 0x0000000715d00000, 0x0000000715e00000|  0%| F|  |TAMS 0x0000000715d00000, 0x0000000715d00000| Untracked 
| 188|0x0000000715e00000, 0x0000000715e00000, 0x0000000715f00000|  0%| F|  |TAMS 0x0000000715e00000, 0x0000000715e00000| Untracked 
| 189|0x0000000715f00000, 0x0000000715f00000, 0x0000000716000000|  0%| F|  |TAMS 0x0000000715f00000, 0x0000000715f00000| Untracked 
| 190|0x0000000716000000, 0x0000000716000000, 0x0000000716100000|  0%| F|  |TAMS 0x0000000716000000, 0x0000000716000000| Untracked 
| 191|0x0000000716100000, 0x0000000716100000, 0x0000000716200000|  0%| F|  |TAMS 0x0000000716100000, 0x0000000716100000| Untracked 
| 192|0x0000000716200000, 0x0000000716200000, 0x0000000716300000|  0%| F|  |TAMS 0x0000000716200000, 0x0000000716200000| Untracked 
| 193|0x0000000716300000, 0x0000000716300000, 0x0000000716400000|  0%| F|  |TAMS 0x0000000716300000, 0x0000000716300000| Untracked 
| 194|0x0000000716400000, 0x0000000716400000, 0x0000000716500000|  0%| F|  |TAMS 0x0000000716400000, 0x0000000716400000| Untracked 
| 195|0x0000000716500000, 0x0000000716500000, 0x0000000716600000|  0%| F|  |TAMS 0x0000000716500000, 0x0000000716500000| Untracked 
| 196|0x0000000716600000, 0x0000000716600000, 0x0000000716700000|  0%| F|  |TAMS 0x0000000716600000, 0x0000000716600000| Untracked 
| 197|0x0000000716700000, 0x0000000716700000, 0x0000000716800000|  0%| F|  |TAMS 0x0000000716700000, 0x0000000716700000| Untracked 
| 198|0x0000000716800000, 0x0000000716800000, 0x0000000716900000|  0%| F|  |TAMS 0x0000000716800000, 0x0000000716800000| Untracked 
| 199|0x0000000716900000, 0x0000000716900000, 0x0000000716a00000|  0%| F|  |TAMS 0x0000000716900000, 0x0000000716900000| Untracked 
| 200|0x0000000716a00000, 0x0000000716a00000, 0x0000000716b00000|  0%| F|  |TAMS 0x0000000716a00000, 0x0000000716a00000| Untracked 
| 201|0x0000000716b00000, 0x0000000716b00000, 0x0000000716c00000|  0%| F|  |TAMS 0x0000000716b00000, 0x0000000716b00000| Untracked 
| 202|0x0000000716c00000, 0x0000000716c00000, 0x0000000716d00000|  0%| F|  |TAMS 0x0000000716c00000, 0x0000000716c00000| Untracked 
| 203|0x0000000716d00000, 0x0000000716d00000, 0x0000000716e00000|  0%| F|  |TAMS 0x0000000716d00000, 0x0000000716d00000| Untracked 
| 204|0x0000000716e00000, 0x0000000716e00000, 0x0000000716f00000|  0%| F|  |TAMS 0x0000000716e00000, 0x0000000716e00000| Untracked 
| 205|0x0000000716f00000, 0x0000000716f00000, 0x0000000717000000|  0%| F|  |TAMS 0x0000000716f00000, 0x0000000716f00000| Untracked 
| 206|0x0000000717000000, 0x0000000717000000, 0x0000000717100000|  0%| F|  |TAMS 0x0000000717000000, 0x0000000717000000| Untracked 
| 207|0x0000000717100000, 0x0000000717100000, 0x0000000717200000|  0%| F|  |TAMS 0x0000000717100000, 0x0000000717100000| Untracked 
| 208|0x0000000717200000, 0x0000000717200000, 0x0000000717300000|  0%| F|  |TAMS 0x0000000717200000, 0x0000000717200000| Untracked 
| 209|0x0000000717300000, 0x0000000717300000, 0x0000000717400000|  0%| F|  |TAMS 0x0000000717300000, 0x0000000717300000| Untracked 
| 210|0x0000000717400000, 0x0000000717400000, 0x0000000717500000|  0%| F|  |TAMS 0x0000000717400000, 0x0000000717400000| Untracked 
| 211|0x0000000717500000, 0x0000000717500000, 0x0000000717600000|  0%| F|  |TAMS 0x0000000717500000, 0x0000000717500000| Untracked 
| 212|0x0000000717600000, 0x0000000717600000, 0x0000000717700000|  0%| F|  |TAMS 0x0000000717600000, 0x0000000717600000| Untracked 
| 213|0x0000000717700000, 0x0000000717700000, 0x0000000717800000|  0%| F|  |TAMS 0x0000000717700000, 0x0000000717700000| Untracked 
| 214|0x0000000717800000, 0x0000000717800000, 0x0000000717900000|  0%| F|  |TAMS 0x0000000717800000, 0x0000000717800000| Untracked 
| 215|0x0000000717900000, 0x0000000717900000, 0x0000000717a00000|  0%| F|  |TAMS 0x0000000717900000, 0x0000000717900000| Untracked 
| 216|0x0000000717a00000, 0x0000000717a00000, 0x0000000717b00000|  0%| F|  |TAMS 0x0000000717a00000, 0x0000000717a00000| Untracked 
| 217|0x0000000717b00000, 0x0000000717b00000, 0x0000000717c00000|  0%| F|  |TAMS 0x0000000717b00000, 0x0000000717b00000| Untracked 
| 218|0x0000000717c00000, 0x0000000717c20020, 0x0000000717d00000| 12%| E|  |TAMS 0x0000000717c00000, 0x0000000717c00000| Complete 
| 219|0x0000000717d00000, 0x0000000717e00000, 0x0000000717e00000|100%| E|CS|TAMS 0x0000000717d00000, 0x0000000717d00000| Complete 
| 220|0x0000000717e00000, 0x0000000717f00000, 0x0000000717f00000|100%| E|CS|TAMS 0x0000000717e00000, 0x0000000717e00000| Complete 
| 221|0x0000000717f00000, 0x0000000718000000, 0x0000000718000000|100%| E|  |TAMS 0x0000000717f00000, 0x0000000717f00000| Complete 
| 222|0x0000000718000000, 0x0000000718100000, 0x0000000718100000|100%| E|CS|TAMS 0x0000000718000000, 0x0000000718000000| Complete 
| 223|0x0000000718100000, 0x0000000718200000, 0x0000000718200000|100%| E|CS|TAMS 0x0000000718100000, 0x0000000718100000| Complete 
| 224|0x0000000718200000, 0x0000000718300000, 0x0000000718300000|100%| E|CS|TAMS 0x0000000718200000, 0x0000000718200000| Complete 
| 225|0x0000000718300000, 0x0000000718400000, 0x0000000718400000|100%| E|CS|TAMS 0x0000000718300000, 0x0000000718300000| Complete 
| 226|0x0000000718400000, 0x0000000718500000, 0x0000000718500000|100%| E|CS|TAMS 0x0000000718400000, 0x0000000718400000| Complete 
| 227|0x0000000718500000, 0x0000000718600000, 0x0000000718600000|100%| E|CS|TAMS 0x0000000718500000, 0x0000000718500000| Complete 
| 228|0x0000000718600000, 0x0000000718700000, 0x0000000718700000|100%| E|CS|TAMS 0x0000000718600000, 0x0000000718600000| Complete 
| 229|0x0000000718700000, 0x0000000718800000, 0x0000000718800000|100%| E|CS|TAMS 0x0000000718700000, 0x0000000718700000| Complete 
| 230|0x0000000718800000, 0x0000000718900000, 0x0000000718900000|100%| E|CS|TAMS 0x0000000718800000, 0x0000000718800000| Complete 
| 231|0x0000000718900000, 0x0000000718a00000, 0x0000000718a00000|100%| E|CS|TAMS 0x0000000718900000, 0x0000000718900000| Complete 
| 232|0x0000000718a00000, 0x0000000718b00000, 0x0000000718b00000|100%| E|CS|TAMS 0x0000000718a00000, 0x0000000718a00000| Complete 
| 233|0x0000000718b00000, 0x0000000718c00000, 0x0000000718c00000|100%| E|CS|TAMS 0x0000000718b00000, 0x0000000718b00000| Complete 
| 234|0x0000000718c00000, 0x0000000718d00000, 0x0000000718d00000|100%| E|CS|TAMS 0x0000000718c00000, 0x0000000718c00000| Complete 
| 235|0x0000000718d00000, 0x0000000718e00000, 0x0000000718e00000|100%| E|CS|TAMS 0x0000000718d00000, 0x0000000718d00000| Complete 
| 236|0x0000000718e00000, 0x0000000718f00000, 0x0000000718f00000|100%| E|CS|TAMS 0x0000000718e00000, 0x0000000718e00000| Complete 
| 237|0x0000000718f00000, 0x0000000719000000, 0x0000000719000000|100%| E|CS|TAMS 0x0000000718f00000, 0x0000000718f00000| Complete 
| 238|0x0000000719000000, 0x0000000719100000, 0x0000000719100000|100%| E|CS|TAMS 0x0000000719000000, 0x0000000719000000| Complete 
| 239|0x0000000719100000, 0x0000000719200000, 0x0000000719200000|100%| E|CS|TAMS 0x0000000719100000, 0x0000000719100000| Complete 
| 240|0x0000000719200000, 0x0000000719300000, 0x0000000719300000|100%| E|CS|TAMS 0x0000000719200000, 0x0000000719200000| Complete 
| 241|0x0000000719300000, 0x0000000719400000, 0x0000000719400000|100%| E|CS|TAMS 0x0000000719300000, 0x0000000719300000| Complete 
| 242|0x0000000719400000, 0x0000000719500000, 0x0000000719500000|100%| E|CS|TAMS 0x0000000719400000, 0x0000000719400000| Complete 
| 243|0x0000000719500000, 0x0000000719600000, 0x0000000719600000|100%| E|CS|TAMS 0x0000000719500000, 0x0000000719500000| Complete 
| 244|0x0000000719600000, 0x0000000719700000, 0x0000000719700000|100%| E|CS|TAMS 0x0000000719600000, 0x0000000719600000| Complete 
| 245|0x0000000719700000, 0x0000000719800000, 0x0000000719800000|100%| E|CS|TAMS 0x0000000719700000, 0x0000000719700000| Complete 
| 246|0x0000000719800000, 0x0000000719900000, 0x0000000719900000|100%| E|CS|TAMS 0x0000000719800000, 0x0000000719800000| Complete 
| 247|0x0000000719900000, 0x0000000719a00000, 0x0000000719a00000|100%| E|CS|TAMS 0x0000000719900000, 0x0000000719900000| Complete 
| 248|0x0000000719a00000, 0x0000000719b00000, 0x0000000719b00000|100%| E|CS|TAMS 0x0000000719a00000, 0x0000000719a00000| Complete 
| 249|0x0000000719b00000, 0x0000000719c00000, 0x0000000719c00000|100%| E|CS|TAMS 0x0000000719b00000, 0x0000000719b00000| Complete 
| 250|0x0000000719c00000, 0x0000000719d00000, 0x0000000719d00000|100%| E|CS|TAMS 0x0000000719c00000, 0x0000000719c00000| Complete 
| 251|0x0000000719d00000, 0x0000000719e00000, 0x0000000719e00000|100%| E|CS|TAMS 0x0000000719d00000, 0x0000000719d00000| Complete 
| 252|0x0000000719e00000, 0x0000000719f00000, 0x0000000719f00000|100%| E|CS|TAMS 0x0000000719e00000, 0x0000000719e00000| Complete 
| 253|0x0000000719f00000, 0x000000071a000000, 0x000000071a000000|100%| E|CS|TAMS 0x0000000719f00000, 0x0000000719f00000| Complete 
| 254|0x000000071a000000, 0x000000071a100000, 0x000000071a100000|100%| E|CS|TAMS 0x000000071a000000, 0x000000071a000000| Complete 
| 255|0x000000071a100000, 0x000000071a200000, 0x000000071a200000|100%| E|CS|TAMS 0x000000071a100000, 0x000000071a100000| Complete 
| 256|0x000000071a200000, 0x000000071a300000, 0x000000071a300000|100%| E|CS|TAMS 0x000000071a200000, 0x000000071a200000| Complete 
| 257|0x000000071a300000, 0x000000071a400000, 0x000000071a400000|100%| E|CS|TAMS 0x000000071a300000, 0x000000071a300000| Complete 
| 258|0x000000071a400000, 0x000000071a500000, 0x000000071a500000|100%| E|CS|TAMS 0x000000071a400000, 0x000000071a400000| Complete 
| 259|0x000000071a500000, 0x000000071a600000, 0x000000071a600000|100%| E|CS|TAMS 0x000000071a500000, 0x000000071a500000| Complete 
| 260|0x000000071a600000, 0x000000071a700000, 0x000000071a700000|100%| E|CS|TAMS 0x000000071a600000, 0x000000071a600000| Complete 
| 261|0x000000071a700000, 0x000000071a800000, 0x000000071a800000|100%| E|CS|TAMS 0x000000071a700000, 0x000000071a700000| Complete 
| 262|0x000000071a800000, 0x000000071a900000, 0x000000071a900000|100%| E|CS|TAMS 0x000000071a800000, 0x000000071a800000| Complete 
| 263|0x000000071a900000, 0x000000071aa00000, 0x000000071aa00000|100%| E|CS|TAMS 0x000000071a900000, 0x000000071a900000| Complete 
| 264|0x000000071aa00000, 0x000000071ab00000, 0x000000071ab00000|100%| E|CS|TAMS 0x000000071aa00000, 0x000000071aa00000| Complete 
| 265|0x000000071ab00000, 0x000000071ac00000, 0x000000071ac00000|100%| E|CS|TAMS 0x000000071ab00000, 0x000000071ab00000| Complete 
| 266|0x000000071ac00000, 0x000000071ad00000, 0x000000071ad00000|100%| E|CS|TAMS 0x000000071ac00000, 0x000000071ac00000| Complete 
| 267|0x000000071ad00000, 0x000000071ae00000, 0x000000071ae00000|100%| E|CS|TAMS 0x000000071ad00000, 0x000000071ad00000| Complete 
| 268|0x000000071ae00000, 0x000000071af00000, 0x000000071af00000|100%| E|CS|TAMS 0x000000071ae00000, 0x000000071ae00000| Complete 
| 269|0x000000071af00000, 0x000000071b000000, 0x000000071b000000|100%| E|CS|TAMS 0x000000071af00000, 0x000000071af00000| Complete 
| 270|0x000000071b000000, 0x000000071b100000, 0x000000071b100000|100%| E|CS|TAMS 0x000000071b000000, 0x000000071b000000| Complete 
| 271|0x000000071b100000, 0x000000071b200000, 0x000000071b200000|100%| E|CS|TAMS 0x000000071b100000, 0x000000071b100000| Complete 
| 272|0x000000071b200000, 0x000000071b300000, 0x000000071b300000|100%| E|CS|TAMS 0x000000071b200000, 0x000000071b200000| Complete 
| 273|0x000000071b300000, 0x000000071b400000, 0x000000071b400000|100%| E|CS|TAMS 0x000000071b300000, 0x000000071b300000| Complete 
| 274|0x000000071b400000, 0x000000071b500000, 0x000000071b500000|100%| E|CS|TAMS 0x000000071b400000, 0x000000071b400000| Complete 
| 275|0x000000071b500000, 0x000000071b600000, 0x000000071b600000|100%| E|CS|TAMS 0x000000071b500000, 0x000000071b500000| Complete 
| 276|0x000000071b600000, 0x000000071b700000, 0x000000071b700000|100%| E|CS|TAMS 0x000000071b600000, 0x000000071b600000| Complete 
| 277|0x000000071b700000, 0x000000071b800000, 0x000000071b800000|100%| E|CS|TAMS 0x000000071b700000, 0x000000071b700000| Complete 
| 278|0x000000071b800000, 0x000000071b900000, 0x000000071b900000|100%| E|CS|TAMS 0x000000071b800000, 0x000000071b800000| Complete 
| 279|0x000000071b900000, 0x000000071ba00000, 0x000000071ba00000|100%| E|CS|TAMS 0x000000071b900000, 0x000000071b900000| Complete 
| 280|0x000000071ba00000, 0x000000071bb00000, 0x000000071bb00000|100%| E|CS|TAMS 0x000000071ba00000, 0x000000071ba00000| Complete 
| 281|0x000000071bb00000, 0x000000071bc00000, 0x000000071bc00000|100%| E|CS|TAMS 0x000000071bb00000, 0x000000071bb00000| Complete 
| 282|0x000000071bc00000, 0x000000071bd00000, 0x000000071bd00000|100%| E|CS|TAMS 0x000000071bc00000, 0x000000071bc00000| Complete 
| 283|0x000000071bd00000, 0x000000071be00000, 0x000000071be00000|100%| E|CS|TAMS 0x000000071bd00000, 0x000000071bd00000| Complete 
| 284|0x000000071be00000, 0x000000071bf00000, 0x000000071bf00000|100%| E|CS|TAMS 0x000000071be00000, 0x000000071be00000| Complete 
| 285|0x000000071bf00000, 0x000000071c000000, 0x000000071c000000|100%| E|CS|TAMS 0x000000071bf00000, 0x000000071bf00000| Complete 
| 286|0x000000071c000000, 0x000000071c100000, 0x000000071c100000|100%| E|CS|TAMS 0x000000071c000000, 0x000000071c000000| Complete 
| 287|0x000000071c100000, 0x000000071c200000, 0x000000071c200000|100%| E|CS|TAMS 0x000000071c100000, 0x000000071c100000| Complete 
| 288|0x000000071c200000, 0x000000071c300000, 0x000000071c300000|100%| E|CS|TAMS 0x000000071c200000, 0x000000071c200000| Complete 
| 289|0x000000071c300000, 0x000000071c400000, 0x000000071c400000|100%| E|CS|TAMS 0x000000071c300000, 0x000000071c300000| Complete 
| 290|0x000000071c400000, 0x000000071c500000, 0x000000071c500000|100%| E|CS|TAMS 0x000000071c400000, 0x000000071c400000| Complete 
| 291|0x000000071c500000, 0x000000071c600000, 0x000000071c600000|100%| E|CS|TAMS 0x000000071c500000, 0x000000071c500000| Complete 
| 292|0x000000071c600000, 0x000000071c700000, 0x000000071c700000|100%| E|CS|TAMS 0x000000071c600000, 0x000000071c600000| Complete 
| 293|0x000000071c700000, 0x000000071c800000, 0x000000071c800000|100%| E|CS|TAMS 0x000000071c700000, 0x000000071c700000| Complete 
| 294|0x000000071c800000, 0x000000071c900000, 0x000000071c900000|100%| E|CS|TAMS 0x000000071c800000, 0x000000071c800000| Complete 
| 295|0x000000071c900000, 0x000000071ca00000, 0x000000071ca00000|100%| E|CS|TAMS 0x000000071c900000, 0x000000071c900000| Complete 

Card table byte_map: [0x000001b165880000,0x000001b166030000] _byte_map_base: 0x000001b16202f000

Marking Bits (Prev, Next): (CMBitMap*) 0x000001b14d11b2c8, (CMBitMap*) 0x000001b14d11b300
 Prev Bits: [0x000001b1667e0000, 0x000001b16a558000)
 Next Bits: [0x000001b16a560000, 0x000001b16e2d8000)

Polling page: 0x000001b14b060000

Metaspace:

Usage:
  Non-class:     42.23 MB capacity,    41.27 MB ( 98%) used,   871.16 KB (  2%) free+waste,   111.62 KB ( <1%) overhead. 
      Class:      5.25 MB capacity,     4.78 MB ( 91%) used,   431.88 KB (  8%) free+waste,    46.38 KB ( <1%) overhead. 
       Both:     47.47 MB capacity,    46.05 MB ( 97%) used,     1.27 MB (  3%) free+waste,   158.00 KB ( <1%) overhead. 

Virtual space:
  Non-class space:       44.00 MB reserved,      42.33 MB ( 96%) committed 
      Class space:        1.00 GB reserved,       5.25 MB ( <1%) committed 
             Both:        1.04 GB reserved,      47.58 MB (  4%) committed 

Chunk freelists:
   Non-Class:  40.00 KB
       Class:  4.00 KB
        Both:  44.00 KB

MaxMetaspaceSize: 17179869184.00 GB
CompressedClassSpaceSize: 1.00 GB
Initial GC threshold: 20.80 MB
Current GC threshold: 58.88 MB
CDS: off

CodeHeap 'non-profiled nmethods': size=119168Kb used=7781Kb max_used=7781Kb free=111386Kb
 bounds [0x000001b15d3f0000, 0x000001b15db90000, 0x000001b164850000]
CodeHeap 'profiled nmethods': size=119168Kb used=27108Kb max_used=27108Kb free=92059Kb
 bounds [0x000001b155f90000, 0x000001b157a10000, 0x000001b15d3f0000]
CodeHeap 'non-nmethods': size=7424Kb used=2933Kb max_used=3032Kb free=4490Kb
 bounds [0x000001b155850000, 0x000001b155b50000, 0x000001b155f90000]
 total_blobs=10529 nmethods=10004 adapters=433
 compilation: enabled
              stopped_count=0, restarted_count=0
 full_count=0

Compilation events (20 events):
Event: 13.978 Thread 0x000001b171ee1800 nmethod 10084 0x000001b1579fe090 code [0x000001b1579fe260, 0x000001b1579fe4d8]
Event: 13.978 Thread 0x000001b17ef21000 10086   !   3       java.io.BufferedReader::readLine (304 bytes)
Event: 13.978 Thread 0x000001b171d6e800 nmethod 10085 0x000001b1579fe610 code [0x000001b1579fe7e0, 0x000001b1579fe9f8]
Event: 13.978 Thread 0x000001b171ee4000 nmethod 10083 0x000001b1579feb10 code [0x000001b1579fed60, 0x000001b1579ff668]
Event: 13.980 Thread 0x000001b17ef21000 nmethod 10086 0x000001b1579ff990 code [0x000001b1579ffd00, 0x000001b157a01568]
Event: 13.989 Thread 0x000001b17ef1c000 nmethod 10067 0x000001b15db6b810 code [0x000001b15db6b9e0, 0x000001b15db6c0d8]
Event: 13.990 Thread 0x000001b17ef20000 nmethod 10057 0x000001b15db6c410 code [0x000001b15db6c740, 0x000001b15db6ea20]
Event: 13.992 Thread 0x000001b17ef1f800 nmethod 10068 0x000001b15db6ff90 code [0x000001b15db70160, 0x000001b15db70a58]
Event: 13.999 Thread 0x000001b17ef1d000 nmethod 10017% 0x000001b15db70d10 code [0x000001b15db71020, 0x000001b15db756e0]
Event: 13.999 Thread 0x000001b17ef1d800 nmethod 10019 0x000001b15db77990 code [0x000001b15db77ce0, 0x000001b15db79a20]
Event: 14.004 Thread 0x000001b17ef22000 nmethod 10040 0x000001b15db7af90 code [0x000001b15db7b280, 0x000001b15db7d150]
Event: 14.009 Thread 0x000001b171d6e800 10088   !   3       jdk.internal.loader.URLClassPath$JarLoader::getResource (353 bytes)
Event: 14.009 Thread 0x000001b171ee4000 10089       3       jdk.internal.util.jar.JarIndex::get (49 bytes)
Event: 14.009 Thread 0x000001b17ef1c000 10087   !   4       jdk.internal.loader.URLClassPath$JarLoader::getResource (65 bytes)
Event: 14.010 Thread 0x000001b171ee4000 nmethod 10089 0x000001b157a02110 code [0x000001b157a02360, 0x000001b157a02c68]
Event: 14.011 Thread 0x000001b171d6e800 nmethod 10088 0x000001b157a02f10 code [0x000001b157a033a0, 0x000001b157a05438]
Event: 14.015 Thread 0x000001b17ef21000 10090       3       java.lang.Module::isStaticallyExportedOrOpen (70 bytes)
Event: 14.016 Thread 0x000001b17ef21000 nmethod 10090 0x000001b157a06610 code [0x000001b157a06820, 0x000001b157a06ef8]
Event: 14.023 Thread 0x000001b17ef1c000 nmethod 10087 0x000001b15db7ea90 code [0x000001b15db7ed00, 0x000001b15db7f8b0]
Event: 14.026 Thread 0x000001b17ef22800 nmethod 10046 0x000001b15db80190 code [0x000001b15db80460, 0x000001b15db83028]

GC Heap History (16 events):
Event: 0.508 GC heap before
{Heap before GC invocations=0 (full 0):
 garbage-first heap   total 251904K, used 23552K [0x000000070a200000, 0x0000000800000000)
  region size 1024K, 24 young (24576K), 0 survivors (0K)
 Metaspace       used 13710K, capacity 14055K, committed 14336K, reserved 1062912K
  class space    used 1360K, capacity 1453K, committed 1536K, reserved 1048576K
}
Event: 0.511 GC heap after
{Heap after GC invocations=1 (full 0):
 garbage-first heap   total 251904K, used 3612K [0x000000070a200000, 0x0000000800000000)
  region size 1024K, 3 young (3072K), 3 survivors (3072K)
 Metaspace       used 13710K, capacity 14055K, committed 14336K, reserved 1062912K
  class space    used 1360K, capacity 1453K, committed 1536K, reserved 1048576K
}
Event: 1.240 GC heap before
{Heap before GC invocations=1 (full 0):
 garbage-first heap   total 251904K, used 66076K [0x000000070a200000, 0x0000000800000000)
  region size 1024K, 65 young (66560K), 3 survivors (3072K)
 Metaspace       used 20780K, capacity 21155K, committed 21296K, reserved 1069056K
  class space    used 2243K, capacity 2402K, committed 2432K, reserved 1048576K
}
Event: 1.247 GC heap after
{Heap after GC invocations=2 (full 0):
 garbage-first heap   total 251904K, used 6662K [0x000000070a200000, 0x0000000800000000)
  region size 1024K, 6 young (6144K), 6 survivors (6144K)
 Metaspace       used 20780K, capacity 21155K, committed 21296K, reserved 1069056K
  class space    used 2243K, capacity 2402K, committed 2432K, reserved 1048576K
}
Event: 3.170 GC heap before
{Heap before GC invocations=3 (full 0):
 garbage-first heap   total 251904K, used 77318K [0x000000070a200000, 0x0000000800000000)
  region size 1024K, 75 young (76800K), 6 survivors (6144K)
 Metaspace       used 26491K, capacity 27134K, committed 27312K, reserved 1073152K
  class space    used 2816K, capacity 3009K, committed 3072K, reserved 1048576K
}
Event: 3.179 GC heap after
{Heap after GC invocations=4 (full 0):
 garbage-first heap   total 251904K, used 13786K [0x000000070a200000, 0x0000000800000000)
  region size 1024K, 10 young (10240K), 10 survivors (10240K)
 Metaspace       used 26491K, capacity 27134K, committed 27312K, reserved 1073152K
  class space    used 2816K, capacity 3009K, committed 3072K, reserved 1048576K
}
Event: 4.920 GC heap before
{Heap before GC invocations=4 (full 0):
 garbage-first heap   total 251904K, used 78298K [0x000000070a200000, 0x0000000800000000)
  region size 1024K, 74 young (75776K), 10 survivors (10240K)
 Metaspace       used 34958K, capacity 35811K, committed 35920K, reserved 1081344K
  class space    used 3741K, capacity 4050K, committed 4096K, reserved 1048576K
}
Event: 4.940 GC heap after
{Heap after GC invocations=5 (full 0):
 garbage-first heap   total 251904K, used 19000K [0x000000070a200000, 0x0000000800000000)
  region size 1024K, 6 young (6144K), 6 survivors (6144K)
 Metaspace       used 34958K, capacity 35811K, committed 35920K, reserved 1081344K
  class space    used 3741K, capacity 4050K, committed 4096K, reserved 1048576K
}
Event: 5.943 GC heap before
{Heap before GC invocations=6 (full 0):
 garbage-first heap   total 251904K, used 117304K [0x000000070a200000, 0x0000000800000000)
  region size 1024K, 103 young (105472K), 6 survivors (6144K)
 Metaspace       used 38786K, capacity 39838K, committed 40016K, reserved 1085440K
  class space    used 4117K, capacity 4505K, committed 4608K, reserved 1048576K
}
Event: 5.953 GC heap after
{Heap after GC invocations=7 (full 0):
 garbage-first heap   total 303104K, used 29760K [0x000000070a200000, 0x0000000800000000)
  region size 1024K, 13 young (13312K), 13 survivors (13312K)
 Metaspace       used 38786K, capacity 39838K, committed 40016K, reserved 1085440K
  class space    used 4117K, capacity 4505K, committed 4608K, reserved 1048576K
}
Event: 9.916 GC heap before
{Heap before GC invocations=7 (full 0):
 garbage-first heap   total 303104K, used 158784K [0x000000070a200000, 0x0000000800000000)
  region size 1024K, 120 young (122880K), 13 survivors (13312K)
 Metaspace       used 43387K, capacity 44667K, committed 44880K, reserved 1089536K
  class space    used 4602K, capacity 5038K, committed 5120K, reserved 1048576K
}
Event: 9.923 GC heap after
{Heap after GC invocations=8 (full 0):
 garbage-first heap   total 303104K, used 32920K [0x000000070a200000, 0x0000000800000000)
  region size 1024K, 7 young (7168K), 7 survivors (7168K)
 Metaspace       used 43387K, capacity 44667K, committed 44880K, reserved 1089536K
  class space    used 4602K, capacity 5038K, committed 5120K, reserved 1048576K
}
Event: 11.191 GC heap before
{Heap before GC invocations=8 (full 0):
 garbage-first heap   total 303104K, used 169112K [0x000000070a200000, 0x0000000800000000)
  region size 1024K, 141 young (144384K), 7 survivors (7168K)
 Metaspace       used 45415K, capacity 46747K, committed 46928K, reserved 1091584K
  class space    used 4798K, capacity 5254K, committed 5376K, reserved 1048576K
}
Event: 11.199 GC heap after
{Heap after GC invocations=9 (full 0):
 garbage-first heap   total 303104K, used 43606K [0x000000070a200000, 0x0000000800000000)
  region size 1024K, 17 young (17408K), 17 survivors (17408K)
 Metaspace       used 45415K, capacity 46747K, committed 46928K, reserved 1091584K
  class space    used 4798K, capacity 5254K, committed 5376K, reserved 1048576K
}
Event: 13.277 GC heap before
{Heap before GC invocations=9 (full 0):
 garbage-first heap   total 303104K, used 222806K [0x000000070a200000, 0x0000000800000000)
  region size 1024K, 171 young (175104K), 17 survivors (17408K)
 Metaspace       used 46560K, capacity 47934K, committed 48208K, reserved 1091584K
  class space    used 4828K, capacity 5296K, committed 5376K, reserved 1048576K
}
Event: 13.285 GC heap after
{Heap after GC invocations=10 (full 0):
 garbage-first heap   total 303104K, used 47633K [0x000000070a200000, 0x0000000800000000)
  region size 1024K, 8 young (8192K), 8 survivors (8192K)
 Metaspace       used 46560K, capacity 47934K, committed 48208K, reserved 1091584K
  class space    used 4828K, capacity 5296K, committed 5376K, reserved 1048576K
}

Deoptimization events (20 events):
Event: 13.875 Thread 0x000001b14d0b6800 Uncommon trap: trap_request=0xffffff4d fr.pc=0x000001b15d6f4f58 relative=0x0000000000000b98
Event: 13.875 Thread 0x000001b14d0b6800 Uncommon trap: reason=unstable_if action=reinterpret pc=0x000001b15d6f4f58 method=com.sun.tools.javac.util.ArrayUtils.ensureCapacity([BI)[B @ 3 c2
Event: 13.875 Thread 0x000001b14d0b6800 DEOPT PACKING pc=0x000001b15d6f4f58 sp=0x0000007f0b9fbb70
Event: 13.875 Thread 0x000001b14d0b6800 DEOPT UNPACKING pc=0x000001b15589a1af sp=0x0000007f0b9fba98 mode 2
Event: 13.895 Thread 0x000001b14d0b6800 Uncommon trap: trap_request=0xffffff4d fr.pc=0x000001b15d7ccab0 relative=0x00000000000032b0
Event: 13.895 Thread 0x000001b14d0b6800 Uncommon trap: reason=unstable_if action=reinterpret pc=0x000001b15d7ccab0 method=com.sun.tools.javac.comp.Resolve.isImportOnDemand(Lcom/sun/tools/javac/comp/Env;Lcom/sun/tools/javac/util/Name;)Z @ 49 c2
Event: 13.895 Thread 0x000001b14d0b6800 DEOPT PACKING pc=0x000001b15d7ccab0 sp=0x0000007f0b9fb9e0
Event: 13.895 Thread 0x000001b14d0b6800 DEOPT UNPACKING pc=0x000001b15589a1af sp=0x0000007f0b9fb9a0 mode 2
Event: 13.895 Thread 0x000001b14d0b6800 Uncommon trap: trap_request=0xffffff4d fr.pc=0x000001b15d79fdf4 relative=0x0000000000000134
Event: 13.895 Thread 0x000001b14d0b6800 Uncommon trap: reason=unstable_if action=reinterpret pc=0x000001b15d79fdf4 method=com.sun.tools.javac.comp.Resolve.isImportOnDemand(Lcom/sun/tools/javac/comp/Env;Lcom/sun/tools/javac/util/Name;)Z @ 49 c2
Event: 13.895 Thread 0x000001b14d0b6800 DEOPT PACKING pc=0x000001b15d79fdf4 sp=0x0000007f0b9fba20
Event: 13.895 Thread 0x000001b14d0b6800 DEOPT UNPACKING pc=0x000001b15589a1af sp=0x0000007f0b9fb9c0 mode 2
Event: 13.964 Thread 0x000001b14d0b6800 Uncommon trap: trap_request=0xffffff4d fr.pc=0x000001b15d43759c relative=0x00000000000012dc
Event: 13.964 Thread 0x000001b14d0b6800 Uncommon trap: reason=unstable_if action=reinterpret pc=0x000001b15d43759c method=jdk.internal.loader.URLClassPath$JarLoader.getResource(Ljava/lang/String;Z)Ljdk/internal/loader/Resource; @ 42 c2
Event: 13.964 Thread 0x000001b14d0b6800 DEOPT PACKING pc=0x000001b15d43759c sp=0x0000007f0b9f9160
Event: 13.964 Thread 0x000001b14d0b6800 DEOPT UNPACKING pc=0x000001b15589a1af sp=0x0000007f0b9f9188 mode 2
Event: 13.977 Thread 0x000001b14d0b6800 Uncommon trap: trap_request=0xffffff4d fr.pc=0x000001b15d8f2a04 relative=0x0000000000002fc4
Event: 13.978 Thread 0x000001b14d0b6800 Uncommon trap: reason=unstable_if action=reinterpret pc=0x000001b15d8f2a04 method=java.io.BufferedReader.readLine(Z)Ljava/lang/String; @ 192 c2
Event: 13.978 Thread 0x000001b14d0b6800 DEOPT PACKING pc=0x000001b15d8f2a04 sp=0x0000007f0b9f59a0
Event: 13.978 Thread 0x000001b14d0b6800 DEOPT UNPACKING pc=0x000001b15589a1af sp=0x0000007f0b9f59e8 mode 2

Classes redefined (0 events):
No events

Internal exceptions (20 events):
Event: 13.919 Thread 0x000001b14d0b6800 Exception <a 'sun/nio/fs/WindowsException'{0x000000071914c688}> (0x000000071914c688) thrown at [s\src\hotspot\share\prims\jni.cpp, line 617]
Event: 13.919 Thread 0x000001b14d0b6800 Exception <a 'sun/nio/fs/WindowsException'{0x000000071914ca68}> (0x000000071914ca68) thrown at [s\src\hotspot\share\prims\jni.cpp, line 617]
Event: 13.919 Thread 0x000001b14d0b6800 Exception <a 'sun/nio/fs/WindowsException'{0x000000071914e048}> (0x000000071914e048) thrown at [s\src\hotspot\share\prims\jni.cpp, line 617]
Event: 13.919 Thread 0x000001b14d0b6800 Exception <a 'sun/nio/fs/WindowsException'{0x000000071914e4b8}> (0x000000071914e4b8) thrown at [s\src\hotspot\share\prims\jni.cpp, line 617]
Event: 13.923 Thread 0x000001b14d0b6800 Exception <a 'sun/nio/fs/WindowsException'{0x0000000718f52488}> (0x0000000718f52488) thrown at [s\src\hotspot\share\prims\jni.cpp, line 617]
Event: 13.923 Thread 0x000001b14d0b6800 Exception <a 'sun/nio/fs/WindowsException'{0x0000000718f52898}> (0x0000000718f52898) thrown at [s\src\hotspot\share\prims\jni.cpp, line 617]
Event: 13.924 Thread 0x000001b14d0b6800 Exception <a 'sun/nio/fs/WindowsException'{0x0000000718f5c418}> (0x0000000718f5c418) thrown at [s\src\hotspot\share\prims\jni.cpp, line 617]
Event: 13.924 Thread 0x000001b14d0b6800 Exception <a 'sun/nio/fs/WindowsException'{0x0000000718f5c7a8}> (0x0000000718f5c7a8) thrown at [s\src\hotspot\share\prims\jni.cpp, line 617]
Event: 13.924 Thread 0x000001b14d0b6800 Exception <a 'sun/nio/fs/WindowsException'{0x0000000718f75ea8}> (0x0000000718f75ea8) thrown at [s\src\hotspot\share\prims\jni.cpp, line 617]
Event: 13.924 Thread 0x000001b14d0b6800 Exception <a 'sun/nio/fs/WindowsException'{0x0000000718f762b0}> (0x0000000718f762b0) thrown at [s\src\hotspot\share\prims\jni.cpp, line 617]
Event: 13.924 Thread 0x000001b14d0b6800 Exception <a 'sun/nio/fs/WindowsException'{0x0000000718f778b8}> (0x0000000718f778b8) thrown at [s\src\hotspot\share\prims\jni.cpp, line 617]
Event: 13.924 Thread 0x000001b14d0b6800 Exception <a 'sun/nio/fs/WindowsException'{0x0000000718f77d48}> (0x0000000718f77d48) thrown at [s\src\hotspot\share\prims\jni.cpp, line 617]
Event: 13.925 Thread 0x000001b14d0b6800 Exception <a 'sun/nio/fs/WindowsException'{0x0000000718f90bd0}> (0x0000000718f90bd0) thrown at [s\src\hotspot\share\prims\jni.cpp, line 617]
Event: 13.925 Thread 0x000001b14d0b6800 Exception <a 'sun/nio/fs/WindowsException'{0x0000000718f90fb0}> (0x0000000718f90fb0) thrown at [s\src\hotspot\share\prims\jni.cpp, line 617]
Event: 13.926 Thread 0x000001b14d0b6800 Exception <a 'sun/nio/fs/WindowsException'{0x0000000718fa0280}> (0x0000000718fa0280) thrown at [s\src\hotspot\share\prims\jni.cpp, line 617]
Event: 13.926 Thread 0x000001b14d0b6800 Exception <a 'sun/nio/fs/WindowsException'{0x0000000718fa05e0}> (0x0000000718fa05e0) thrown at [s\src\hotspot\share\prims\jni.cpp, line 617]
Event: 13.926 Thread 0x000001b14d0b6800 Exception <a 'sun/nio/fs/WindowsException'{0x0000000718fcaed0}> (0x0000000718fcaed0) thrown at [s\src\hotspot\share\prims\jni.cpp, line 617]
Event: 13.926 Thread 0x000001b14d0b6800 Exception <a 'sun/nio/fs/WindowsException'{0x0000000718fcb2a8}> (0x0000000718fcb2a8) thrown at [s\src\hotspot\share\prims\jni.cpp, line 617]
Event: 13.926 Thread 0x000001b14d0b6800 Exception <a 'sun/nio/fs/WindowsException'{0x0000000718fcc878}> (0x0000000718fcc878) thrown at [s\src\hotspot\share\prims\jni.cpp, line 617]
Event: 13.926 Thread 0x000001b14d0b6800 Exception <a 'sun/nio/fs/WindowsException'{0x0000000718fcccd8}> (0x0000000718fcccd8) thrown at [s\src\hotspot\share\prims\jni.cpp, line 617]

Events (20 events):
Event: 13.285 Executing VM operation: G1CollectForAllocation done
Event: 13.315 loading class lombok/launch/AnnotationProcessorHider$AnnotationProcessor
Event: 13.315 loading class lombok/launch/AnnotationProcessorHider$AnnotationProcessor done
Event: 13.471 Thread 0x000001b17a4b4000 Thread exited: 0x000001b17a4b4000
Event: 13.616 Thread 0x000001b17a4b9000 Thread exited: 0x000001b17a4b9000
Event: 13.871 Thread 0x000001b17ef22000 Thread added: 0x000001b17ef22000
Event: 13.876 Thread 0x000001b17ef1d000 Thread added: 0x000001b17ef1d000
Event: 13.897 Thread 0x000001b17ef1c000 Thread added: 0x000001b17ef1c000
Event: 13.897 Thread 0x000001b17ef1d800 Thread added: 0x000001b17ef1d800
Event: 13.922 Thread 0x000001b17ef20000 Thread added: 0x000001b17ef20000
Event: 13.922 Thread 0x000001b17ef22800 Thread added: 0x000001b17ef22800
Event: 13.931 Thread 0x000001b17ef1f800 Thread added: 0x000001b17ef1f800
Event: 13.932 loading class lombok/launch/Main
Event: 13.932 loading class lombok/launch/Main done
Event: 13.933 loading class lombok/launch/ShadowClassLoader
Event: 13.933 loading class lombok/launch/ShadowClassLoader done
Event: 13.977 Executing VM operation: RevokeBias
Event: 13.978 Executing VM operation: RevokeBias done
Event: 13.990 loading class lombok/launch/AnnotationProcessorHider$AstModificationNotifierData
Event: 13.990 loading class lombok/launch/AnnotationProcessorHider$AstModificationNotifierData done


Dynamic libraries:
0x00007ff784940000 - 0x00007ff78494e000 	C:\Users\7000qwq\.jdks\corretto-11.0.24\bin\java.exe
0x00007ffe26df0000 - 0x00007ffe27007000 	C:\WINDOWS\SYSTEM32\ntdll.dll
0x00007ffe25f70000 - 0x00007ffe26034000 	C:\WINDOWS\System32\KERNEL32.DLL
0x00007ffe24270000 - 0x00007ffe24627000 	C:\WINDOWS\System32\KERNELBASE.dll
0x00007ffe248b0000 - 0x00007ffe249c1000 	C:\WINDOWS\System32\ucrtbase.dll
0x00007ffe120c0000 - 0x00007ffe120db000 	C:\Users\7000qwq\.jdks\corretto-11.0.24\bin\VCRUNTIME140.dll
0x00007ffe120e0000 - 0x00007ffe120f7000 	C:\Users\7000qwq\.jdks\corretto-11.0.24\bin\jli.dll
0x00007ffe25330000 - 0x00007ffe254df000 	C:\WINDOWS\System32\USER32.dll
0x00007ffe24880000 - 0x00007ffe248a6000 	C:\WINDOWS\System32\win32u.dll
0x00007ffe26540000 - 0x00007ffe26569000 	C:\WINDOWS\System32\GDI32.dll
0x00007ffe246a0000 - 0x00007ffe247b8000 	C:\WINDOWS\System32\gdi32full.dll
0x00007ffe24a80000 - 0x00007ffe24b1a000 	C:\WINDOWS\System32\msvcp_win.dll
0x00007ffe0d5b0000 - 0x00007ffe0d843000 	C:\WINDOWS\WinSxS\amd64_microsoft.windows.common-controls_6595b64144ccf1df_6.0.22621.3672_none_2713b9d173822955\COMCTL32.dll
0x00007ffe251a0000 - 0x00007ffe25247000 	C:\WINDOWS\System32\msvcrt.dll
0x00007ffe26320000 - 0x00007ffe26351000 	C:\WINDOWS\System32\IMM32.DLL
0x00007ffe14300000 - 0x00007ffe1430c000 	C:\Users\7000qwq\.jdks\corretto-11.0.24\bin\vcruntime140_1.dll
0x00007ffde9900000 - 0x00007ffde998d000 	C:\Users\7000qwq\.jdks\corretto-11.0.24\bin\msvcp140.dll
0x00007ffdc0a50000 - 0x00007ffdc1615000 	C:\Users\7000qwq\.jdks\corretto-11.0.24\bin\server\jvm.dll
0x00007ffe25050000 - 0x00007ffe25102000 	C:\WINDOWS\System32\ADVAPI32.dll
0x00007ffe26270000 - 0x00007ffe26318000 	C:\WINDOWS\System32\sechost.dll
0x00007ffe249d0000 - 0x00007ffe249f8000 	C:\WINDOWS\System32\bcrypt.dll
0x00007ffe25d50000 - 0x00007ffe25e64000 	C:\WINDOWS\System32\RPCRT4.dll
0x00007ffe26da0000 - 0x00007ffe26da8000 	C:\WINDOWS\System32\PSAPI.DLL
0x00007ffe1e640000 - 0x00007ffe1e649000 	C:\WINDOWS\SYSTEM32\WSOCK32.dll
0x00007ffe264c0000 - 0x00007ffe26531000 	C:\WINDOWS\System32\WS2_32.dll
0x00007ffe1d000000 - 0x00007ffe1d00a000 	C:\WINDOWS\SYSTEM32\VERSION.dll
0x00007ffe1f190000 - 0x00007ffe1f1c4000 	C:\WINDOWS\SYSTEM32\WINMM.dll
0x00007ffe23150000 - 0x00007ffe23168000 	C:\WINDOWS\SYSTEM32\kernel.appcore.dll
0x00007ffe14210000 - 0x00007ffe14220000 	C:\Users\7000qwq\.jdks\corretto-11.0.24\bin\verify.dll
0x00007ffe21c50000 - 0x00007ffe21e82000 	C:\WINDOWS\SYSTEM32\DBGHELP.DLL
0x00007ffe26a10000 - 0x00007ffe26d9e000 	C:\WINDOWS\System32\combase.dll
0x00007ffe265e0000 - 0x00007ffe266b7000 	C:\WINDOWS\System32\OLEAUT32.dll
0x00007ffe0d1b0000 - 0x00007ffe0d1e2000 	C:\WINDOWS\SYSTEM32\dbgcore.DLL
0x00007ffe24a00000 - 0x00007ffe24a7b000 	C:\WINDOWS\System32\bcryptPrimitives.dll
0x00007ffe10440000 - 0x00007ffe10468000 	C:\Users\7000qwq\.jdks\corretto-11.0.24\bin\java.dll
0x00007ffe10600000 - 0x00007ffe1060a000 	C:\Users\7000qwq\.jdks\corretto-11.0.24\bin\jimage.dll
0x00007ffe12110000 - 0x00007ffe1211e000 	C:\Users\7000qwq\.jdks\corretto-11.0.24\bin\instrument.dll
0x00007ffe0f120000 - 0x00007ffe0f138000 	C:\Users\7000qwq\.jdks\corretto-11.0.24\bin\zip.dll
0x00007ffe254e0000 - 0x00007ffe25d49000 	C:\WINDOWS\System32\SHELL32.dll
0x00007ffe22070000 - 0x00007ffe2296f000 	C:\WINDOWS\SYSTEM32\windows.storage.dll
0x00007ffe21f30000 - 0x00007ffe2206f000 	C:\WINDOWS\SYSTEM32\wintypes.dll
0x00007ffe266c0000 - 0x00007ffe267b9000 	C:\WINDOWS\System32\SHCORE.dll
0x00007ffe25250000 - 0x00007ffe252ae000 	C:\WINDOWS\System32\shlwapi.dll
0x00007ffe24030000 - 0x00007ffe24057000 	C:\WINDOWS\SYSTEM32\profapi.dll
0x00007ffe0efc0000 - 0x00007ffe0efd9000 	C:\Users\7000qwq\.jdks\corretto-11.0.24\bin\net.dll
0x00007ffe1efa0000 - 0x00007ffe1f0d6000 	C:\WINDOWS\SYSTEM32\WINHTTP.dll
0x00007ffe235c0000 - 0x00007ffe23629000 	C:\WINDOWS\system32\mswsock.dll
0x00007ffe0e9f0000 - 0x00007ffe0ea02000 	C:\Users\7000qwq\.jdks\corretto-11.0.24\bin\nio.dll
0x00007ffe0ed80000 - 0x00007ffe0ed9a000 	D:\Program Files\IntelliJ IDEA Community Edition 2024.2.1\bin\breakgen64.dll
0x00007ffe0a7e0000 - 0x00007ffe0a804000 	C:\Users\7000qwq\AppData\Local\Temp\jansi-2.4.1-26848bafd6eccdb5-jansi.dll

dbghelp: loaded successfully - version: 4.0.5 - missing functions: none
symbol engine: initialized successfully - sym options: 0x614 - pdb path: .;C:\Users\7000qwq\.jdks\corretto-11.0.24\bin;C:\WINDOWS\SYSTEM32;C:\WINDOWS\WinSxS\amd64_microsoft.windows.common-controls_6595b64144ccf1df_6.0.22621.3672_none_2713b9d173822955;C:\Users\7000qwq\.jdks\corretto-11.0.24\bin\server;D:\Program Files\IntelliJ IDEA Community Edition 2024.2.1\bin;C:\Users\7000qwq\AppData\Local\Temp

VM Arguments:
jvm_args: -Dmaven.multiModuleProjectDirectory=C:\Users\7000qwq\Desktop\goldProject\back-end\gold-java -Djansi.passthrough=true -Dmaven.home=D:\Program Files\IntelliJ IDEA Community Edition 2024.2.1\plugins\maven\lib\maven3 -Dclassworlds.conf=D:\Program Files\IntelliJ IDEA Community Edition 2024.2.1\plugins\maven\lib\maven3\bin\m2.conf -Dmaven.ext.class.path=D:\Program Files\IntelliJ IDEA Community Edition 2024.2.1\plugins\maven\lib\maven-event-listener.jar -javaagent:D:\Program Files\IntelliJ IDEA Community Edition 2024.2.1\lib\idea_rt.jar=12292:D:\Program Files\IntelliJ IDEA Community Edition 2024.2.1\bin -Dfile.encoding=UTF-8 
java_command: org.codehaus.classworlds.Launcher -Didea.version=2024.2.1 install
java_class_path (initial): D:\Program Files\IntelliJ IDEA Community Edition 2024.2.1\plugins\maven\lib\maven3\boot\plexus-classworlds-2.8.0.jar;D:\Program Files\IntelliJ IDEA Community Edition 2024.2.1\plugins\maven\lib\maven3\boot\plexus-classworlds.license
Launcher Type: SUN_STANDARD

[Global flags]
     intx CICompilerCount                          = 12                                        {product} {ergonomic}
     uint ConcGCThreads                            = 3                                         {product} {ergonomic}
     uint G1ConcRefinementThreads                  = 13                                        {product} {ergonomic}
   size_t G1HeapRegionSize                         = 1048576                                   {product} {ergonomic}
    uintx GCDrainStackTargetSize                   = 64                                        {product} {ergonomic}
   size_t InitialHeapSize                          = 257949696                                 {product} {ergonomic}
   size_t MarkStackSize                            = 4194304                                   {product} {ergonomic}
   size_t MaxHeapSize                              = 4125097984                                {product} {ergonomic}
   size_t MaxNewSize                               = 2474639360                                {product} {ergonomic}
   size_t MinHeapDeltaBytes                        = 1048576                                   {product} {ergonomic}
    uintx NonNMethodCodeHeapSize                   = 7594288                                {pd product} {ergonomic}
    uintx NonProfiledCodeHeapSize                  = 122031976                              {pd product} {ergonomic}
    uintx ProfiledCodeHeapSize                     = 122031976                              {pd product} {ergonomic}
    uintx ReservedCodeCacheSize                    = 251658240                              {pd product} {ergonomic}
     bool SegmentedCodeCache                       = true                                      {product} {ergonomic}
     bool UseCompressedClassPointers               = true                                 {lp64_product} {ergonomic}
     bool UseCompressedOops                        = true                                 {lp64_product} {ergonomic}
     bool UseG1GC                                  = true                                      {product} {ergonomic}
     bool UseLargePagesIndividualAllocation        = false                                  {pd product} {ergonomic}

Logging:
Log output configuration:
 #0: stdout all=warning uptime,level,tags
 #1: stderr all=off uptime,level,tags

Environment Variables:
JAVA_HOME=C:\Users\7000qwq\.jdks\corretto-11.0.24
PATH=D:\Program Files\VMware\bin\;D:\texlive\2022\bin\win32;C:\WINDOWS\system32;C:\WINDOWS;C:\WINDOWS\System32\Wbem;C:\WINDOWS\System32\WindowsPowerShell\v1.0\;C:\WINDOWS\System32\OpenSSH\;D:\matlab\bin;D:\Program Files\Git\cmd;D:\Program Files\web\dll;C:\Program Files (x86)\Windows Kits\10\Windows Performance Toolkit\;C:\Program Files\MySQL\MySQL Server 8.0\bin;D:\Program Files\IntelliJ IDEA Community Edition 2024.2.1\plugins\maven\lib\maven3\bin;C:\Users\7000qwq\.jdks\corretto-11.0.24\bin;D:\anaconda3;D:\anaconda3\Scripts;D:\anaconda3\Library\bin;D:\anaconda3\envs\whisper_project\Scripts;C:\Program Files\MySQL\MySQL Shell 8.0\bin\;C:\Users\7000qwq\AppData\Local\Microsoft\WindowsApps;C:\Program Files\Bandizip\;D:\ffmpeg-5.0-full_build\bin;D:\texlive\2022\bin\win32;D:\Program Files\IntelliJ IDEA Community Edition 2024.2.1\bin;;D:\Program Files\cpolar\;D:\Program Files\Microsoft VS Code\bin
USERNAME=7000qwq
OS=Windows_NT
PROCESSOR_IDENTIFIER=AMD64 Family 23 Model 96 Stepping 1, AuthenticAMD
TMP=C:\Users\7000qwq\AppData\Local\Temp
TEMP=C:\Users\7000qwq\AppData\Local\Temp



---------------  S Y S T E M  ---------------

OS: Windows 11 , 64 bit Build 22621 (10.0.22621.3958)
OS uptime: 0 days 3:10 hours

CPU:total 16 (initial active 16) (16 cores per cpu, 2 threads per core) family 23 model 96 stepping 1 microcode 0x0, cmov, cx8, fxsr, mmx, sse, sse2, sse3, ssse3, sse4.1, sse4.2, popcnt, avx, avx2, aes, clmul, mmxext, 3dnowpref, lzcnt, sse4a, ht, tsc, tscinvbit, tscinv, bmi1, bmi2, adx, sha, fma

Memory: 4k page, system-wide physical 15734M (5896M free)
TotalPageFile size 16822M (AvailPageFile size 4388M)
current process WorkingSet (physical memory assigned to process): 530M, peak: 531M
current process commit charge ("private bytes"): 644M, peak: 662M

vm_info: OpenJDK 64-Bit Server VM (11.0.24+8-LTS) for windows-amd64 JRE (11.0.24+8-LTS), built on Jul  9 2024 22:03:43 by "Administrator" with MS VC++ 16.10 / 16.11 (VS2019)

END.
