#
# A fatal error has been detected by the Java Runtime Environment:
#
#  EXCEPTION_ACCESS_VIOLATION (0xc0000005) at pc=0x00007ffd52d08580, pid=996, tid=19540
#
# JRE version: OpenJDK Runtime Environment Corretto-11.0.24.8.1 (11.0.24+8) (build 11.0.24+8-LTS)
# Java VM: OpenJDK 64-Bit Server VM Corretto-11.0.24.8.1 (11.0.24+8-LTS, mixed mode, tiered, compressed oops, g1 gc, windows-amd64)
# Problematic frame:
# V  [jvm.dll+0x88580]
#
# No core dump will be written. Minidumps are not enabled by default on client versions of Windows
#
# If you would like to submit a bug report, please visit:
#   https://github.com/corretto/corretto-11/issues/
#

---------------  S U M M A R Y ------------

Command Line: -javaagent:D:\Program Files\IntelliJ IDEA Community Edition 2024.2.1\lib\idea_rt.jar=10099:D:\Program Files\IntelliJ IDEA Community Edition 2024.2.1\bin -Dfile.encoding=UTF-8 gold.GoldApplication

Host: AMD Ryzen 7 4800U with Radeon Graphics         , 16 cores, 15G,  Windows 11 , 64 bit Build 22621 (10.0.22621.3958)
Time: Sun Nov 10 23:03:40 2024  Windows 11 , 64 bit Build 22621 (10.0.22621.3958) elapsed time: 5.595881 seconds (0d 0h 0m 5s)

---------------  T H R E A D  ---------------

Current thread (0x00000244cb831000):  JavaThread "C2 CompilerThread5" daemon [_thread_in_native, id=19540, stack(0x0000008476600000,0x0000008476700000)]


Current CompileTask:
C2:   5596 5293   !   4       org.springframework.util.ReflectionUtils::doWithMethods (207 bytes)

Stack: [0x0000008476600000,0x0000008476700000],  sp=0x00000084766fba50,  free space=1006k
Native frames: (J=compiled Java code, j=interpreted, Vv=VM code, C=native code)
V  [jvm.dll+0x88580]
V  [jvm.dll+0x621955]
V  [jvm.dll+0x6f8d2]
V  [jvm.dll+0x72f64]
V  [jvm.dll+0x64e36d]
V  [jvm.dll+0x64dadd]
V  [jvm.dll+0x64b73c]
V  [jvm.dll+0x22208c]
V  [jvm.dll+0x220c38]
V  [jvm.dll+0x19e9e1]
V  [jvm.dll+0x230ae9]
V  [jvm.dll+0x22ec5f]
V  [jvm.dll+0x79b991]
V  [jvm.dll+0x794664]
V  [jvm.dll+0x644fb5]
C  [ucrtbase.dll+0x29333]
C  [KERNEL32.DLL+0x1257d]
C  [ntdll.dll+0x5af08]


siginfo: EXCEPTION_ACCESS_VIOLATION (0xc0000005), reading address 0xffffffffffffffff


Register to memory mapping:

RIP=0x00007ffd52d08580 jvm.dll
RAX=0x0 is NULL
RBX=0x10000244c7783cb8 is an unknown value
RCX=0x10000244c7783cb8 is an unknown value
RDX=0x00000244cd547f78 points into unknown readable memory: 0x00007ffd534a4ce8 | e8 4c 4a 53 fd 7f 00 00
RSP=0x00000084766fba50 is pointing into the stack for thread: 0x00000244cb831000
RBP=0x00000244cd547f78 points into unknown readable memory: 0x00007ffd534a4ce8 | e8 4c 4a 53 fd 7f 00 00
RSI=0x0 is NULL
RDI=0x00000244cd547f78 points into unknown readable memory: 0x00007ffd534a4ce8 | e8 4c 4a 53 fd 7f 00 00
R8 =0x0 is NULL
R9 =0x00000244cd547fe8 points into unknown readable memory: 0x10000244c7783cb8 | b8 3c 78 c7 44 02 00 10
R10=0x0000000000000001 is an unknown value
R11=0xffffffffffffe1b0 is an unknown value
R12=0x00000000000017c0 is an unknown value
R13=0x00000244c7783d20 points into unknown readable memory: 0x00007ffd5352c658 | 58 c6 52 53 fd 7f 00 00
R14=0x00000244cd547e01 points into unknown readable memory: fd 76 53 fd 7f 00 00
R15=0x0000000000000006 is an unknown value


Registers:
RAX=0x0000000000000000, RBX=0x10000244c7783cb8, RCX=0x10000244c7783cb8, RDX=0x00000244cd547f78
RSP=0x00000084766fba50, RBP=0x00000244cd547f78, RSI=0x0000000000000000, RDI=0x00000244cd547f78
R8 =0x0000000000000000, R9 =0x00000244cd547fe8, R10=0x0000000000000001, R11=0xffffffffffffe1b0
R12=0x00000000000017c0, R13=0x00000244c7783d20, R14=0x00000244cd547e01, R15=0x0000000000000006
RIP=0x00007ffd52d08580, EFLAGS=0x0000000000010206

Top of Stack: (sp=0x00000084766fba50)
0x00000084766fba50:   00000244c7933438 00000244cd547d28
0x00000084766fba60:   0000000000000000 00007ffd532a4464
0x00000084766fba70:   10000244c7783cb8 00007ffd532a1955
0x00000084766fba80:   00000244cd547f78 00000244cd547f78
0x00000084766fba90:   0000000000000000 0000000000000000
0x00000084766fbaa0:   00000244c7932a40 00007ffd52cef8d2
0x00000084766fbab0:   0000000000000000 00000244cd547f78
0x00000084766fbac0:   0000000000000007 0000000000000000
0x00000084766fbad0:   00000244cd547e01 00007ffd52cf2f64
0x00000084766fbae0:   00000244cd547f78 0000000000000007
0x00000084766fbaf0:   00000244c7932a40 00000244c7932a40
0x00000084766fbb00:   00000244d1398468 00007ffd532ce36d
0x00000084766fbb10:   00000084766fe600 00000244d1398464
0x00000084766fbb20:   0000000000000142 00000244d13957b4
0x00000084766fbb30:   0000011e00270001 0000014200000001
0x00000084766fbb40:   00000000008d15d0 000007920000175e 

Instructions: (pc=0x00007ffd52d08580)
0x00007ffd52d08480:   8b d7 48 8b ce e8 46 94 59 00 48 8b 5c 24 30 48
0x00007ffd52d08490:   8b c6 48 8b 74 24 40 48 8b 6c 24 38 48 8b 7c 24
0x00007ffd52d084a0:   48 48 83 c4 20 41 5e c3 cc cc cc cc cc cc cc cc
0x00007ffd52d084b0:   48 89 5c 24 08 48 89 74 24 10 57 48 83 ec 20 44
0x00007ffd52d084c0:   8b 05 22 38 aa 00 48 8b f1 65 48 8b 04 25 58 00
0x00007ffd52d084d0:   00 00 48 8b da b9 10 00 00 00 4a 8b 04 c0 80 3c
0x00007ffd52d084e0:   01 00 75 05 e8 3b 45 78 00 b9 50 00 00 00 e8 1d
0x00007ffd52d084f0:   3e f8 ff 48 8b f8 48 85 c0 74 4d ba 52 00 00 00
0x00007ffd52d08500:   48 8b cb e8 e8 11 02 00 33 d2 48 8b cf 48 8b d8
0x00007ffd52d08510:   e8 5b 8d 59 00 48 8d 4f 48 c7 47 2c 22 00 00 00
0x00007ffd52d08520:   48 89 4f 40 48 8d 05 9d 92 7a 00 48 8b cf 48 89
0x00007ffd52d08530:   07 33 d2 c7 47 38 01 00 00 00 e8 91 93 59 00 48
0x00007ffd52d08540:   8b 4f 40 48 89 19 eb 02 33 ff 48 8b d7 48 8b ce
0x00007ffd52d08550:   e8 7b 93 59 00 48 8b 5c 24 30 48 8b c6 48 8b 74
0x00007ffd52d08560:   24 38 48 83 c4 20 5f c3 cc cc cc cc cc cc cc cc
0x00007ffd52d08570:   48 89 5c 24 08 57 48 83 ec 20 48 8b d9 48 8b fa
0x00007ffd52d08580:   48 8b 49 10 48 85 c9 74 20 8b 43 20 3b 43 24 75
0x00007ffd52d08590:   11 8b d0 48 8b cb e8 25 be 59 00 8b 43 20 48 8b
0x00007ffd52d085a0:   4b 10 48 89 3c c1 ff 43 20 48 8b 5c 24 30 48 83
0x00007ffd52d085b0:   c4 20 5f c3 cc cc cc cc cc cc cc cc cc cc cc cc
0x00007ffd52d085c0:   48 89 5c 24 08 57 48 83 ec 20 48 8b 01 48 8b d9
0x00007ffd52d085d0:   ff 90 c0 00 00 00 8d 50 01 48 8b 43 08 48 8b 0c
0x00007ffd52d085e0:   d0 48 8b 01 ff 50 28 48 8b 13 48 8b cb 48 8b f8
0x00007ffd52d085f0:   ff 92 c0 00 00 00 83 c0 02 39 43 18 77 0e 48 8b
0x00007ffd52d08600:   c7 48 8b 5c 24 30 48 83 c4 20 5f c3 48 8b 03 48
0x00007ffd52d08610:   8b cb ff 90 c0 00 00 00 8d 48 02 48 8b 43 08 48
0x00007ffd52d08620:   8b 0c c8 48 8b 01 ff 50 28 45 33 c0 48 8b cf 48
0x00007ffd52d08630:   8b d0 48 8b 5c 24 30 48 83 c4 20 5f e9 6f 56 72
0x00007ffd52d08640:   00 cc cc cc cc cc cc cc cc cc cc cc cc cc cc cc
0x00007ffd52d08650:   48 8b 41 70 c3 cc cc cc cc cc cc cc cc cc cc cc
0x00007ffd52d08660:   48 8b 41 60 c3 cc cc cc cc cc cc cc cc cc cc cc
0x00007ffd52d08670:   8b 81 98 00 00 00 c3 cc cc cc cc cc cc cc cc cc 


Stack slot to memory mapping:
stack at sp + 0 slots: 0x00000244c7933438 points into unknown readable memory: 0x00007ffd53527f00 | 00 7f 52 53 fd 7f 00 00
stack at sp + 1 slots: 0x00000244cd547d28 points into unknown readable memory: 0x00007ffd534a4ce8 | e8 4c 4a 53 fd 7f 00 00
stack at sp + 2 slots: 0x0 is NULL
stack at sp + 3 slots: 0x00007ffd532a4464 jvm.dll
stack at sp + 4 slots: 0x10000244c7783cb8 is an unknown value
stack at sp + 5 slots: 0x00007ffd532a1955 jvm.dll
stack at sp + 6 slots: 0x00000244cd547f78 points into unknown readable memory: 0x00007ffd534a4ce8 | e8 4c 4a 53 fd 7f 00 00
stack at sp + 7 slots: 0x00000244cd547f78 points into unknown readable memory: 0x00007ffd534a4ce8 | e8 4c 4a 53 fd 7f 00 00


---------------  P R O C E S S  ---------------

Threads class SMR info:
_java_thread_list=0x00000244d00d1370, length=40, elements={
0x00000244c6bf2000, 0x00000244c6bfb000, 0x00000244c6c63000, 0x00000244c6c64000,
0x00000244c6c65000, 0x00000244c6c6c800, 0x00000244c6c6d800, 0x00000244c6c6f000,
0x00000244c6bd0800, 0x00000244c6e16800, 0x00000244c6e1d800, 0x00000244c6e20800,
0x00000244c6ea1000, 0x00000244c727a800, 0x00000244c9533800, 0x00000244c9535000,
0x00000244cc705800, 0x00000244caf53000, 0x00000244cc994800, 0x00000244cbc56000,
0x00000244cea3c800, 0x00000244ccf34000, 0x00000244ceb91000, 0x00000244ccfac000,
0x00000244cb831000, 0x00000244cbace800, 0x00000244d073e000, 0x00000244d073e800,
0x00000244d073d000, 0x00000244d0739000, 0x00000244d073f800, 0x00000244d073a000,
0x00000244d073a800, 0x00000244d073c000, 0x00000244d073b800, 0x00000244cfe4b800,
0x00000244cfe45800, 0x00000244cfe4c800, 0x00000244d05f8000, 0x00000244cfe4a000
}

Java Threads: ( => current thread )
  0x00000244c6bf2000 JavaThread "Reference Handler" daemon [_thread_blocked, id=4440, stack(0x0000008474400000,0x0000008474500000)]
  0x00000244c6bfb000 JavaThread "Finalizer" daemon [_thread_blocked, id=5356, stack(0x0000008474500000,0x0000008474600000)]
  0x00000244c6c63000 JavaThread "Signal Dispatcher" daemon [_thread_blocked, id=13112, stack(0x0000008474600000,0x0000008474700000)]
  0x00000244c6c64000 JavaThread "Attach Listener" daemon [_thread_blocked, id=14948, stack(0x0000008474700000,0x0000008474800000)]
  0x00000244c6c65000 JavaThread "Service Thread" daemon [_thread_blocked, id=18396, stack(0x0000008474800000,0x0000008474900000)]
  0x00000244c6c6c800 JavaThread "C2 CompilerThread0" daemon [_thread_blocked, id=6032, stack(0x0000008474900000,0x0000008474a00000)]
  0x00000244c6c6d800 JavaThread "C1 CompilerThread0" daemon [_thread_blocked, id=8804, stack(0x0000008474a00000,0x0000008474b00000)]
  0x00000244c6c6f000 JavaThread "Sweeper thread" daemon [_thread_blocked, id=14348, stack(0x0000008474b00000,0x0000008474c00000)]
  0x00000244c6bd0800 JavaThread "Common-Cleaner" daemon [_thread_blocked, id=20232, stack(0x0000008474c00000,0x0000008474d00000)]
  0x00000244c6e16800 JavaThread "C1 CompilerThread1" daemon [_thread_blocked, id=1920, stack(0x0000008474d00000,0x0000008474e00000)]
  0x00000244c6e1d800 JavaThread "C1 CompilerThread2" daemon [_thread_blocked, id=19208, stack(0x0000008474e00000,0x0000008474f00000)]
  0x00000244c6e20800 JavaThread "C1 CompilerThread3" daemon [_thread_blocked, id=12104, stack(0x0000008474f00000,0x0000008475000000)]
  0x00000244c6ea1000 JavaThread "C2 CompilerThread1" daemon [_thread_blocked, id=16260, stack(0x0000008475000000,0x0000008475100000)]
  0x00000244c727a800 JavaThread "Monitor Ctrl-Break" daemon [_thread_in_native, id=19368, stack(0x0000008475100000,0x0000008475200000)]
  0x00000244c9533800 JavaThread "C2 CompilerThread2" daemon [_thread_blocked, id=11712, stack(0x0000008475300000,0x0000008475400000)]
  0x00000244c9535000 JavaThread "C2 CompilerThread3" daemon [_thread_blocked, id=20128, stack(0x0000008475800000,0x0000008475900000)]
  0x00000244cc705800 JavaThread "Catalina-utility-1" [_thread_blocked, id=7432, stack(0x0000008475b00000,0x0000008475c00000)]
  0x00000244caf53000 JavaThread "Catalina-utility-2" [_thread_blocked, id=18160, stack(0x0000008475c00000,0x0000008475d00000)]
  0x00000244cc994800 JavaThread "container-0" [_thread_blocked, id=19836, stack(0x0000008475d00000,0x0000008475e00000)]
  0x00000244cbc56000 JavaThread "C2 CompilerThread4" daemon [_thread_blocked, id=3992, stack(0x0000008475e00000,0x0000008475f00000)]
  0x00000244cea3c800 JavaThread "mysql-cj-abandoned-connection-cleanup" daemon [_thread_blocked, id=12364, stack(0x0000008475f00000,0x0000008476000000)]
  0x00000244ccf34000 JavaThread "Druid-ConnectionPool-Create-1268629255" daemon [_thread_blocked, id=4112, stack(0x0000008476000000,0x0000008476100000)]
  0x00000244ceb91000 JavaThread "Druid-ConnectionPool-Destroy-1268629255" daemon [_thread_blocked, id=15576, stack(0x0000008476100000,0x0000008476200000)]
  0x00000244ccfac000 JavaThread "lettuce-timer-3-1" daemon [_thread_blocked, id=18172, stack(0x0000008476200000,0x0000008476300000)]
=>0x00000244cb831000 JavaThread "C2 CompilerThread5" daemon [_thread_in_native, id=19540, stack(0x0000008476600000,0x0000008476700000)]
  0x00000244cbace800 JavaThread "C2 CompilerThread6" daemon [_thread_blocked, id=17424, stack(0x0000008476700000,0x0000008476800000)]
  0x00000244d073e000 JavaThread "http-nio-8081-exec-1" daemon [_thread_blocked, id=16784, stack(0x0000008476800000,0x0000008476900000)]
  0x00000244d073e800 JavaThread "http-nio-8081-exec-2" daemon [_thread_blocked, id=11812, stack(0x0000008476900000,0x0000008476a00000)]
  0x00000244d073d000 JavaThread "http-nio-8081-exec-3" daemon [_thread_blocked, id=19564, stack(0x0000008476a00000,0x0000008476b00000)]
  0x00000244d0739000 JavaThread "http-nio-8081-exec-4" daemon [_thread_blocked, id=14900, stack(0x0000008476b00000,0x0000008476c00000)]
  0x00000244d073f800 JavaThread "http-nio-8081-exec-5" daemon [_thread_blocked, id=6588, stack(0x0000008476c00000,0x0000008476d00000)]
  0x00000244d073a000 JavaThread "http-nio-8081-exec-6" daemon [_thread_blocked, id=10668, stack(0x0000008476d00000,0x0000008476e00000)]
  0x00000244d073a800 JavaThread "http-nio-8081-exec-7" daemon [_thread_blocked, id=16012, stack(0x0000008476e00000,0x0000008476f00000)]
  0x00000244d073c000 JavaThread "http-nio-8081-exec-8" daemon [_thread_blocked, id=16528, stack(0x0000008476f00000,0x0000008477000000)]
  0x00000244d073b800 JavaThread "http-nio-8081-exec-9" daemon [_thread_blocked, id=17748, stack(0x0000008477000000,0x0000008477100000)]
  0x00000244cfe4b800 JavaThread "http-nio-8081-exec-10" daemon [_thread_blocked, id=3228, stack(0x0000008477100000,0x0000008477200000)]
  0x00000244cfe45800 JavaThread "http-nio-8081-Poller" daemon [_thread_in_native, id=7648, stack(0x0000008477200000,0x0000008477300000)]
  0x00000244cfe4c800 JavaThread "http-nio-8081-Acceptor" daemon [_thread_in_native, id=7604, stack(0x0000008477300000,0x0000008477400000)]
  0x00000244d05f8000 JavaThread "C2 CompilerThread7" daemon [_thread_blocked, id=5948, stack(0x0000008477400000,0x0000008477500000)]
  0x00000244cfe4a000 JavaThread "DestroyJavaVM" [_thread_blocked, id=18972, stack(0x0000008473d00000,0x0000008473e00000)]

Other Threads:
  0x00000244c6349000 VMThread "VM Thread" [stack: 0x0000008474300000,0x0000008474400000] [id=8568]
  0x00000244c727b800 WatcherThread [stack: 0x0000008475200000,0x0000008475300000] [id=17132]
  0x00000244a1fee000 GCTaskThread "GC Thread#0" [stack: 0x0000008473e00000,0x0000008473f00000] [id=14284]
  0x00000244c7c11000 GCTaskThread "GC Thread#1" [stack: 0x0000008475400000,0x0000008475500000] [id=14220]
  0x00000244c7d1c800 GCTaskThread "GC Thread#2" [stack: 0x0000008475500000,0x0000008475600000] [id=2624]
  0x00000244c7179800 GCTaskThread "GC Thread#3" [stack: 0x0000008475600000,0x0000008475700000] [id=12284]
  0x00000244c717a000 GCTaskThread "GC Thread#4" [stack: 0x0000008475700000,0x0000008475800000] [id=10952]
  0x00000244cd0ec800 GCTaskThread "GC Thread#5" [stack: 0x0000008476300000,0x0000008476400000] [id=4988]
  0x00000244cbd49800 GCTaskThread "GC Thread#6" [stack: 0x0000008476400000,0x0000008476500000] [id=2312]
  0x00000244cbc6e800 GCTaskThread "GC Thread#7" [stack: 0x0000008476500000,0x0000008476600000] [id=19940]
  0x00000244a204a800 ConcurrentGCThread "G1 Main Marker" [stack: 0x0000008473f00000,0x0000008474000000] [id=5576]
  0x00000244a204c000 ConcurrentGCThread "G1 Conc#0" [stack: 0x0000008474000000,0x0000008474100000] [id=8016]
  0x00000244c8700800 ConcurrentGCThread "G1 Conc#1" [stack: 0x0000008475900000,0x0000008475a00000] [id=11652]
  0x00000244c852c800 ConcurrentGCThread "G1 Conc#2" [stack: 0x0000008475a00000,0x0000008475b00000] [id=972]
  0x00000244c6231800 ConcurrentGCThread "G1 Refine#0" [stack: 0x0000008474100000,0x0000008474200000] [id=14080]
  0x00000244c6232800 ConcurrentGCThread "G1 Young RemSet Sampling" [stack: 0x0000008474200000,0x0000008474300000] [id=19324]

Threads with active compile tasks:
C2 CompilerThread5     5678 5293   !   4       org.springframework.util.ReflectionUtils::doWithMethods (207 bytes)

VM state:not at safepoint (normal execution)

VM Mutex/Monitor currently owned by a thread: None

Heap address: 0x000000070a200000, size: 3934 MB, Compressed Oops mode: Zero based, Oop shift amount: 3
Narrow klass base: 0x0000000800000000, Narrow klass shift: 0
Compressed class space size: 1073741824 Address: 0x0000000800000000

Heap:
 garbage-first heap   total 303104K, used 94605K [0x000000070a200000, 0x0000000800000000)
  region size 1024K, 86 young (88064K), 13 survivors (13312K)
 Metaspace       used 56026K, capacity 57519K, committed 57856K, reserved 1099776K
  class space    used 6675K, capacity 7307K, committed 7424K, reserved 1048576K
Heap Regions: E=young(eden), S=young(survivor), O=old, HS=humongous(starts), HC=humongous(continues), CS=collection set, F=free, A=archive, TAMS=top-at-mark-start (previous, next)
|   0|0x000000070a200000, 0x000000070a300000, 0x000000070a300000|100%|HS|  |TAMS 0x000000070a300000, 0x000000070a200000| Complete 
|   1|0x000000070a300000, 0x000000070a400000, 0x000000070a400000|100%| O|  |TAMS 0x000000070a400000, 0x000000070a300000| Untracked 
|   2|0x000000070a400000, 0x000000070a500000, 0x000000070a500000|100%| O|  |TAMS 0x000000070a500000, 0x000000070a400000| Untracked 
|   3|0x000000070a500000, 0x000000070a600000, 0x000000070a600000|100%| O|  |TAMS 0x000000070a600000, 0x000000070a500000| Untracked 
|   4|0x000000070a600000, 0x000000070a700000, 0x000000070a700000|100%| O|  |TAMS 0x000000070a700000, 0x000000070a600000| Untracked 
|   5|0x000000070a700000, 0x000000070a800000, 0x000000070a800000|100%| O|  |TAMS 0x000000070a800000, 0x000000070a700000| Untracked 
|   6|0x000000070a800000, 0x000000070a900000, 0x000000070a900000|100%| O|  |TAMS 0x000000070a900000, 0x000000070a800000| Untracked 
|   7|0x000000070a900000, 0x000000070a9c8000, 0x000000070aa00000| 78%| O|  |TAMS 0x000000070a9c8000, 0x000000070a900000| Untracked 
|   8|0x000000070aa00000, 0x000000070aa00000, 0x000000070ab00000|  0%| F|  |TAMS 0x000000070aa00000, 0x000000070aa00000| Untracked 
|   9|0x000000070ab00000, 0x000000070ab00000, 0x000000070ac00000|  0%| F|  |TAMS 0x000000070ab00000, 0x000000070ab00000| Untracked 
|  10|0x000000070ac00000, 0x000000070ac00000, 0x000000070ad00000|  0%| F|  |TAMS 0x000000070ac00000, 0x000000070ac00000| Untracked 
|  11|0x000000070ad00000, 0x000000070ad00000, 0x000000070ae00000|  0%| F|  |TAMS 0x000000070ad00000, 0x000000070ad00000| Untracked 
|  12|0x000000070ae00000, 0x000000070ae00000, 0x000000070af00000|  0%| F|  |TAMS 0x000000070ae00000, 0x000000070ae00000| Untracked 
|  13|0x000000070af00000, 0x000000070af00000, 0x000000070b000000|  0%| F|  |TAMS 0x000000070af00000, 0x000000070af00000| Untracked 
|  14|0x000000070b000000, 0x000000070b000000, 0x000000070b100000|  0%| F|  |TAMS 0x000000070b000000, 0x000000070b000000| Untracked 
|  15|0x000000070b100000, 0x000000070b100000, 0x000000070b200000|  0%| F|  |TAMS 0x000000070b100000, 0x000000070b100000| Untracked 
|  16|0x000000070b200000, 0x000000070b200000, 0x000000070b300000|  0%| F|  |TAMS 0x000000070b200000, 0x000000070b200000| Untracked 
|  17|0x000000070b300000, 0x000000070b300000, 0x000000070b400000|  0%| F|  |TAMS 0x000000070b300000, 0x000000070b300000| Untracked 
|  18|0x000000070b400000, 0x000000070b400000, 0x000000070b500000|  0%| F|  |TAMS 0x000000070b400000, 0x000000070b400000| Untracked 
|  19|0x000000070b500000, 0x000000070b500000, 0x000000070b600000|  0%| F|  |TAMS 0x000000070b500000, 0x000000070b500000| Untracked 
|  20|0x000000070b600000, 0x000000070b600000, 0x000000070b700000|  0%| F|  |TAMS 0x000000070b600000, 0x000000070b600000| Untracked 
|  21|0x000000070b700000, 0x000000070b700000, 0x000000070b800000|  0%| F|  |TAMS 0x000000070b700000, 0x000000070b700000| Untracked 
|  22|0x000000070b800000, 0x000000070b800000, 0x000000070b900000|  0%| F|  |TAMS 0x000000070b800000, 0x000000070b800000| Untracked 
|  23|0x000000070b900000, 0x000000070b900000, 0x000000070ba00000|  0%| F|  |TAMS 0x000000070b900000, 0x000000070b900000| Untracked 
|  24|0x000000070ba00000, 0x000000070ba00000, 0x000000070bb00000|  0%| F|  |TAMS 0x000000070ba00000, 0x000000070ba00000| Untracked 
|  25|0x000000070bb00000, 0x000000070bb00000, 0x000000070bc00000|  0%| F|  |TAMS 0x000000070bb00000, 0x000000070bb00000| Untracked 
|  26|0x000000070bc00000, 0x000000070bc00000, 0x000000070bd00000|  0%| F|  |TAMS 0x000000070bc00000, 0x000000070bc00000| Untracked 
|  27|0x000000070bd00000, 0x000000070bd00000, 0x000000070be00000|  0%| F|  |TAMS 0x000000070bd00000, 0x000000070bd00000| Untracked 
|  28|0x000000070be00000, 0x000000070be00000, 0x000000070bf00000|  0%| F|  |TAMS 0x000000070be00000, 0x000000070be00000| Untracked 
|  29|0x000000070bf00000, 0x000000070bf00000, 0x000000070c000000|  0%| F|  |TAMS 0x000000070bf00000, 0x000000070bf00000| Untracked 
|  30|0x000000070c000000, 0x000000070c000000, 0x000000070c100000|  0%| F|  |TAMS 0x000000070c000000, 0x000000070c000000| Untracked 
|  31|0x000000070c100000, 0x000000070c100000, 0x000000070c200000|  0%| F|  |TAMS 0x000000070c100000, 0x000000070c100000| Untracked 
|  32|0x000000070c200000, 0x000000070c200000, 0x000000070c300000|  0%| F|  |TAMS 0x000000070c200000, 0x000000070c200000| Untracked 
|  33|0x000000070c300000, 0x000000070c300000, 0x000000070c400000|  0%| F|  |TAMS 0x000000070c300000, 0x000000070c300000| Untracked 
|  34|0x000000070c400000, 0x000000070c400000, 0x000000070c500000|  0%| F|  |TAMS 0x000000070c400000, 0x000000070c400000| Untracked 
|  35|0x000000070c500000, 0x000000070c500000, 0x000000070c600000|  0%| F|  |TAMS 0x000000070c500000, 0x000000070c500000| Untracked 
|  36|0x000000070c600000, 0x000000070c600000, 0x000000070c700000|  0%| F|  |TAMS 0x000000070c600000, 0x000000070c600000| Untracked 
|  37|0x000000070c700000, 0x000000070c700000, 0x000000070c800000|  0%| F|  |TAMS 0x000000070c700000, 0x000000070c700000| Untracked 
|  38|0x000000070c800000, 0x000000070c800000, 0x000000070c900000|  0%| F|  |TAMS 0x000000070c800000, 0x000000070c800000| Untracked 
|  39|0x000000070c900000, 0x000000070c900000, 0x000000070ca00000|  0%| F|  |TAMS 0x000000070c900000, 0x000000070c900000| Untracked 
|  40|0x000000070ca00000, 0x000000070ca00000, 0x000000070cb00000|  0%| F|  |TAMS 0x000000070ca00000, 0x000000070ca00000| Untracked 
|  41|0x000000070cb00000, 0x000000070cb00000, 0x000000070cc00000|  0%| F|  |TAMS 0x000000070cb00000, 0x000000070cb00000| Untracked 
|  42|0x000000070cc00000, 0x000000070cc00000, 0x000000070cd00000|  0%| F|  |TAMS 0x000000070cc00000, 0x000000070cc00000| Untracked 
|  43|0x000000070cd00000, 0x000000070cd00000, 0x000000070ce00000|  0%| F|  |TAMS 0x000000070cd00000, 0x000000070cd00000| Untracked 
|  44|0x000000070ce00000, 0x000000070ce00000, 0x000000070cf00000|  0%| F|  |TAMS 0x000000070ce00000, 0x000000070ce00000| Untracked 
|  45|0x000000070cf00000, 0x000000070cf00000, 0x000000070d000000|  0%| F|  |TAMS 0x000000070cf00000, 0x000000070cf00000| Untracked 
|  46|0x000000070d000000, 0x000000070d000000, 0x000000070d100000|  0%| F|  |TAMS 0x000000070d000000, 0x000000070d000000| Untracked 
|  47|0x000000070d100000, 0x000000070d100000, 0x000000070d200000|  0%| F|  |TAMS 0x000000070d100000, 0x000000070d100000| Untracked 
|  48|0x000000070d200000, 0x000000070d200000, 0x000000070d300000|  0%| F|  |TAMS 0x000000070d200000, 0x000000070d200000| Untracked 
|  49|0x000000070d300000, 0x000000070d300000, 0x000000070d400000|  0%| F|  |TAMS 0x000000070d300000, 0x000000070d300000| Untracked 
|  50|0x000000070d400000, 0x000000070d400000, 0x000000070d500000|  0%| F|  |TAMS 0x000000070d400000, 0x000000070d400000| Untracked 
|  51|0x000000070d500000, 0x000000070d500000, 0x000000070d600000|  0%| F|  |TAMS 0x000000070d500000, 0x000000070d500000| Untracked 
|  52|0x000000070d600000, 0x000000070d600000, 0x000000070d700000|  0%| F|  |TAMS 0x000000070d600000, 0x000000070d600000| Untracked 
|  53|0x000000070d700000, 0x000000070d700000, 0x000000070d800000|  0%| F|  |TAMS 0x000000070d700000, 0x000000070d700000| Untracked 
|  54|0x000000070d800000, 0x000000070d800000, 0x000000070d900000|  0%| F|  |TAMS 0x000000070d800000, 0x000000070d800000| Untracked 
|  55|0x000000070d900000, 0x000000070d900000, 0x000000070da00000|  0%| F|  |TAMS 0x000000070d900000, 0x000000070d900000| Untracked 
|  56|0x000000070da00000, 0x000000070da00000, 0x000000070db00000|  0%| F|  |TAMS 0x000000070da00000, 0x000000070da00000| Untracked 
|  57|0x000000070db00000, 0x000000070db00000, 0x000000070dc00000|  0%| F|  |TAMS 0x000000070db00000, 0x000000070db00000| Untracked 
|  58|0x000000070dc00000, 0x000000070dc00000, 0x000000070dd00000|  0%| F|  |TAMS 0x000000070dc00000, 0x000000070dc00000| Untracked 
|  59|0x000000070dd00000, 0x000000070dd00000, 0x000000070de00000|  0%| F|  |TAMS 0x000000070dd00000, 0x000000070dd00000| Untracked 
|  60|0x000000070de00000, 0x000000070de00000, 0x000000070df00000|  0%| F|  |TAMS 0x000000070de00000, 0x000000070de00000| Untracked 
|  61|0x000000070df00000, 0x000000070df00000, 0x000000070e000000|  0%| F|  |TAMS 0x000000070df00000, 0x000000070df00000| Untracked 
|  62|0x000000070e000000, 0x000000070e000000, 0x000000070e100000|  0%| F|  |TAMS 0x000000070e000000, 0x000000070e000000| Untracked 
|  63|0x000000070e100000, 0x000000070e100000, 0x000000070e200000|  0%| F|  |TAMS 0x000000070e100000, 0x000000070e100000| Untracked 
|  64|0x000000070e200000, 0x000000070e200000, 0x000000070e300000|  0%| F|  |TAMS 0x000000070e200000, 0x000000070e200000| Untracked 
|  65|0x000000070e300000, 0x000000070e300000, 0x000000070e400000|  0%| F|  |TAMS 0x000000070e300000, 0x000000070e300000| Untracked 
|  66|0x000000070e400000, 0x000000070e400000, 0x000000070e500000|  0%| F|  |TAMS 0x000000070e400000, 0x000000070e400000| Untracked 
|  67|0x000000070e500000, 0x000000070e500000, 0x000000070e600000|  0%| F|  |TAMS 0x000000070e500000, 0x000000070e500000| Untracked 
|  68|0x000000070e600000, 0x000000070e600000, 0x000000070e700000|  0%| F|  |TAMS 0x000000070e600000, 0x000000070e600000| Untracked 
|  69|0x000000070e700000, 0x000000070e700000, 0x000000070e800000|  0%| F|  |TAMS 0x000000070e700000, 0x000000070e700000| Untracked 
|  70|0x000000070e800000, 0x000000070e800000, 0x000000070e900000|  0%| F|  |TAMS 0x000000070e800000, 0x000000070e800000| Untracked 
|  71|0x000000070e900000, 0x000000070e900000, 0x000000070ea00000|  0%| F|  |TAMS 0x000000070e900000, 0x000000070e900000| Untracked 
|  72|0x000000070ea00000, 0x000000070ea00000, 0x000000070eb00000|  0%| F|  |TAMS 0x000000070ea00000, 0x000000070ea00000| Untracked 
|  73|0x000000070eb00000, 0x000000070eb00000, 0x000000070ec00000|  0%| F|  |TAMS 0x000000070eb00000, 0x000000070eb00000| Untracked 
|  74|0x000000070ec00000, 0x000000070ec00000, 0x000000070ed00000|  0%| F|  |TAMS 0x000000070ec00000, 0x000000070ec00000| Untracked 
|  75|0x000000070ed00000, 0x000000070ed00000, 0x000000070ee00000|  0%| F|  |TAMS 0x000000070ed00000, 0x000000070ed00000| Untracked 
|  76|0x000000070ee00000, 0x000000070ee00000, 0x000000070ef00000|  0%| F|  |TAMS 0x000000070ee00000, 0x000000070ee00000| Untracked 
|  77|0x000000070ef00000, 0x000000070ef00000, 0x000000070f000000|  0%| F|  |TAMS 0x000000070ef00000, 0x000000070ef00000| Untracked 
|  78|0x000000070f000000, 0x000000070f000000, 0x000000070f100000|  0%| F|  |TAMS 0x000000070f000000, 0x000000070f000000| Untracked 
|  79|0x000000070f100000, 0x000000070f100000, 0x000000070f200000|  0%| F|  |TAMS 0x000000070f100000, 0x000000070f100000| Untracked 
|  80|0x000000070f200000, 0x000000070f200000, 0x000000070f300000|  0%| F|  |TAMS 0x000000070f200000, 0x000000070f200000| Untracked 
|  81|0x000000070f300000, 0x000000070f300000, 0x000000070f400000|  0%| F|  |TAMS 0x000000070f300000, 0x000000070f300000| Untracked 
|  82|0x000000070f400000, 0x000000070f400000, 0x000000070f500000|  0%| F|  |TAMS 0x000000070f400000, 0x000000070f400000| Untracked 
|  83|0x000000070f500000, 0x000000070f500000, 0x000000070f600000|  0%| F|  |TAMS 0x000000070f500000, 0x000000070f500000| Untracked 
|  84|0x000000070f600000, 0x000000070f600000, 0x000000070f700000|  0%| F|  |TAMS 0x000000070f600000, 0x000000070f600000| Untracked 
|  85|0x000000070f700000, 0x000000070f700000, 0x000000070f800000|  0%| F|  |TAMS 0x000000070f700000, 0x000000070f700000| Untracked 
|  86|0x000000070f800000, 0x000000070f800000, 0x000000070f900000|  0%| F|  |TAMS 0x000000070f800000, 0x000000070f800000| Untracked 
|  87|0x000000070f900000, 0x000000070f900000, 0x000000070fa00000|  0%| F|  |TAMS 0x000000070f900000, 0x000000070f900000| Untracked 
|  88|0x000000070fa00000, 0x000000070fa00000, 0x000000070fb00000|  0%| F|  |TAMS 0x000000070fa00000, 0x000000070fa00000| Untracked 
|  89|0x000000070fb00000, 0x000000070fb00000, 0x000000070fc00000|  0%| F|  |TAMS 0x000000070fb00000, 0x000000070fb00000| Untracked 
|  90|0x000000070fc00000, 0x000000070fc00000, 0x000000070fd00000|  0%| F|  |TAMS 0x000000070fc00000, 0x000000070fc00000| Untracked 
|  91|0x000000070fd00000, 0x000000070fd00000, 0x000000070fe00000|  0%| F|  |TAMS 0x000000070fd00000, 0x000000070fd00000| Untracked 
|  92|0x000000070fe00000, 0x000000070fe00000, 0x000000070ff00000|  0%| F|  |TAMS 0x000000070fe00000, 0x000000070fe00000| Untracked 
|  93|0x000000070ff00000, 0x000000070ff00000, 0x0000000710000000|  0%| F|  |TAMS 0x000000070ff00000, 0x000000070ff00000| Untracked 
|  94|0x0000000710000000, 0x0000000710000000, 0x0000000710100000|  0%| F|  |TAMS 0x0000000710000000, 0x0000000710000000| Untracked 
|  95|0x0000000710100000, 0x0000000710100000, 0x0000000710200000|  0%| F|  |TAMS 0x0000000710100000, 0x0000000710100000| Untracked 
|  96|0x0000000710200000, 0x0000000710200000, 0x0000000710300000|  0%| F|  |TAMS 0x0000000710200000, 0x0000000710200000| Untracked 
|  97|0x0000000710300000, 0x0000000710300000, 0x0000000710400000|  0%| F|  |TAMS 0x0000000710300000, 0x0000000710300000| Untracked 
|  98|0x0000000710400000, 0x0000000710400000, 0x0000000710500000|  0%| F|  |TAMS 0x0000000710400000, 0x0000000710400000| Untracked 
|  99|0x0000000710500000, 0x0000000710500000, 0x0000000710600000|  0%| F|  |TAMS 0x0000000710500000, 0x0000000710500000| Untracked 
| 100|0x0000000710600000, 0x0000000710600000, 0x0000000710700000|  0%| F|  |TAMS 0x0000000710600000, 0x0000000710600000| Untracked 
| 101|0x0000000710700000, 0x0000000710700000, 0x0000000710800000|  0%| F|  |TAMS 0x0000000710700000, 0x0000000710700000| Untracked 
| 102|0x0000000710800000, 0x0000000710800000, 0x0000000710900000|  0%| F|  |TAMS 0x0000000710800000, 0x0000000710800000| Untracked 
| 103|0x0000000710900000, 0x0000000710900000, 0x0000000710a00000|  0%| F|  |TAMS 0x0000000710900000, 0x0000000710900000| Untracked 
| 104|0x0000000710a00000, 0x0000000710a00000, 0x0000000710b00000|  0%| F|  |TAMS 0x0000000710a00000, 0x0000000710a00000| Untracked 
| 105|0x0000000710b00000, 0x0000000710b00000, 0x0000000710c00000|  0%| F|  |TAMS 0x0000000710b00000, 0x0000000710b00000| Untracked 
| 106|0x0000000710c00000, 0x0000000710c00000, 0x0000000710d00000|  0%| F|  |TAMS 0x0000000710c00000, 0x0000000710c00000| Untracked 
| 107|0x0000000710d00000, 0x0000000710d00000, 0x0000000710e00000|  0%| F|  |TAMS 0x0000000710d00000, 0x0000000710d00000| Untracked 
| 108|0x0000000710e00000, 0x0000000710e00000, 0x0000000710f00000|  0%| F|  |TAMS 0x0000000710e00000, 0x0000000710e00000| Untracked 
| 109|0x0000000710f00000, 0x0000000710f00000, 0x0000000711000000|  0%| F|  |TAMS 0x0000000710f00000, 0x0000000710f00000| Untracked 
| 110|0x0000000711000000, 0x0000000711000000, 0x0000000711100000|  0%| F|  |TAMS 0x0000000711000000, 0x0000000711000000| Untracked 
| 111|0x0000000711100000, 0x0000000711100000, 0x0000000711200000|  0%| F|  |TAMS 0x0000000711100000, 0x0000000711100000| Untracked 
| 112|0x0000000711200000, 0x000000071129b480, 0x0000000711300000| 60%| S|CS|TAMS 0x0000000711200000, 0x0000000711200000| Complete 
| 113|0x0000000711300000, 0x0000000711400000, 0x0000000711400000|100%| S|CS|TAMS 0x0000000711300000, 0x0000000711300000| Complete 
| 114|0x0000000711400000, 0x0000000711500000, 0x0000000711500000|100%| S|CS|TAMS 0x0000000711400000, 0x0000000711400000| Complete 
| 115|0x0000000711500000, 0x0000000711600000, 0x0000000711600000|100%| S|CS|TAMS 0x0000000711500000, 0x0000000711500000| Complete 
| 116|0x0000000711600000, 0x0000000711700000, 0x0000000711700000|100%| S|CS|TAMS 0x0000000711600000, 0x0000000711600000| Complete 
| 117|0x0000000711700000, 0x0000000711800000, 0x0000000711800000|100%| S|CS|TAMS 0x0000000711700000, 0x0000000711700000| Complete 
| 118|0x0000000711800000, 0x0000000711900000, 0x0000000711900000|100%| S|CS|TAMS 0x0000000711800000, 0x0000000711800000| Complete 
| 119|0x0000000711900000, 0x0000000711a00000, 0x0000000711a00000|100%| S|CS|TAMS 0x0000000711900000, 0x0000000711900000| Complete 
| 120|0x0000000711a00000, 0x0000000711b00000, 0x0000000711b00000|100%| S|CS|TAMS 0x0000000711a00000, 0x0000000711a00000| Complete 
| 121|0x0000000711b00000, 0x0000000711c00000, 0x0000000711c00000|100%| S|CS|TAMS 0x0000000711b00000, 0x0000000711b00000| Complete 
| 122|0x0000000711c00000, 0x0000000711d00000, 0x0000000711d00000|100%| S|CS|TAMS 0x0000000711c00000, 0x0000000711c00000| Complete 
| 123|0x0000000711d00000, 0x0000000711e00000, 0x0000000711e00000|100%| S|CS|TAMS 0x0000000711d00000, 0x0000000711d00000| Complete 
| 124|0x0000000711e00000, 0x0000000711f00000, 0x0000000711f00000|100%| S|CS|TAMS 0x0000000711e00000, 0x0000000711e00000| Complete 
| 125|0x0000000711f00000, 0x0000000711f00000, 0x0000000712000000|  0%| F|  |TAMS 0x0000000711f00000, 0x0000000711f00000| Untracked 
| 126|0x0000000712000000, 0x0000000712000000, 0x0000000712100000|  0%| F|  |TAMS 0x0000000712000000, 0x0000000712000000| Untracked 
| 127|0x0000000712100000, 0x0000000712100000, 0x0000000712200000|  0%| F|  |TAMS 0x0000000712100000, 0x0000000712100000| Untracked 
| 128|0x0000000712200000, 0x0000000712200000, 0x0000000712300000|  0%| F|  |TAMS 0x0000000712200000, 0x0000000712200000| Untracked 
| 129|0x0000000712300000, 0x0000000712300000, 0x0000000712400000|  0%| F|  |TAMS 0x0000000712300000, 0x0000000712300000| Untracked 
| 130|0x0000000712400000, 0x0000000712400000, 0x0000000712500000|  0%| F|  |TAMS 0x0000000712400000, 0x0000000712400000| Untracked 
| 131|0x0000000712500000, 0x0000000712500000, 0x0000000712600000|  0%| F|  |TAMS 0x0000000712500000, 0x0000000712500000| Untracked 
| 132|0x0000000712600000, 0x0000000712600000, 0x0000000712700000|  0%| F|  |TAMS 0x0000000712600000, 0x0000000712600000| Untracked 
| 133|0x0000000712700000, 0x0000000712700000, 0x0000000712800000|  0%| F|  |TAMS 0x0000000712700000, 0x0000000712700000| Untracked 
| 134|0x0000000712800000, 0x0000000712800000, 0x0000000712900000|  0%| F|  |TAMS 0x0000000712800000, 0x0000000712800000| Untracked 
| 135|0x0000000712900000, 0x0000000712900000, 0x0000000712a00000|  0%| F|  |TAMS 0x0000000712900000, 0x0000000712900000| Untracked 
| 136|0x0000000712a00000, 0x0000000712a00000, 0x0000000712b00000|  0%| F|  |TAMS 0x0000000712a00000, 0x0000000712a00000| Untracked 
| 137|0x0000000712b00000, 0x0000000712b00000, 0x0000000712c00000|  0%| F|  |TAMS 0x0000000712b00000, 0x0000000712b00000| Untracked 
| 138|0x0000000712c00000, 0x0000000712c00000, 0x0000000712d00000|  0%| F|  |TAMS 0x0000000712c00000, 0x0000000712c00000| Untracked 
| 139|0x0000000712d00000, 0x0000000712d00000, 0x0000000712e00000|  0%| F|  |TAMS 0x0000000712d00000, 0x0000000712d00000| Untracked 
| 140|0x0000000712e00000, 0x0000000712e00000, 0x0000000712f00000|  0%| F|  |TAMS 0x0000000712e00000, 0x0000000712e00000| Untracked 
| 141|0x0000000712f00000, 0x0000000712f00000, 0x0000000713000000|  0%| F|  |TAMS 0x0000000712f00000, 0x0000000712f00000| Untracked 
| 142|0x0000000713000000, 0x0000000713000000, 0x0000000713100000|  0%| F|  |TAMS 0x0000000713000000, 0x0000000713000000| Untracked 
| 143|0x0000000713100000, 0x0000000713100000, 0x0000000713200000|  0%| F|  |TAMS 0x0000000713100000, 0x0000000713100000| Untracked 
| 144|0x0000000713200000, 0x0000000713200000, 0x0000000713300000|  0%| F|  |TAMS 0x0000000713200000, 0x0000000713200000| Untracked 
| 145|0x0000000713300000, 0x0000000713300000, 0x0000000713400000|  0%| F|  |TAMS 0x0000000713300000, 0x0000000713300000| Untracked 
| 146|0x0000000713400000, 0x0000000713400000, 0x0000000713500000|  0%| F|  |TAMS 0x0000000713400000, 0x0000000713400000| Untracked 
| 147|0x0000000713500000, 0x0000000713500000, 0x0000000713600000|  0%| F|  |TAMS 0x0000000713500000, 0x0000000713500000| Untracked 
| 148|0x0000000713600000, 0x0000000713600000, 0x0000000713700000|  0%| F|  |TAMS 0x0000000713600000, 0x0000000713600000| Untracked 
| 149|0x0000000713700000, 0x0000000713700000, 0x0000000713800000|  0%| F|  |TAMS 0x0000000713700000, 0x0000000713700000| Untracked 
| 150|0x0000000713800000, 0x0000000713800000, 0x0000000713900000|  0%| F|  |TAMS 0x0000000713800000, 0x0000000713800000| Untracked 
| 151|0x0000000713900000, 0x0000000713900000, 0x0000000713a00000|  0%| F|  |TAMS 0x0000000713900000, 0x0000000713900000| Untracked 
| 152|0x0000000713a00000, 0x0000000713a00000, 0x0000000713b00000|  0%| F|  |TAMS 0x0000000713a00000, 0x0000000713a00000| Untracked 
| 153|0x0000000713b00000, 0x0000000713b00000, 0x0000000713c00000|  0%| F|  |TAMS 0x0000000713b00000, 0x0000000713b00000| Untracked 
| 154|0x0000000713c00000, 0x0000000713c00000, 0x0000000713d00000|  0%| F|  |TAMS 0x0000000713c00000, 0x0000000713c00000| Untracked 
| 155|0x0000000713d00000, 0x0000000713d00000, 0x0000000713e00000|  0%| F|  |TAMS 0x0000000713d00000, 0x0000000713d00000| Untracked 
| 156|0x0000000713e00000, 0x0000000713e00000, 0x0000000713f00000|  0%| F|  |TAMS 0x0000000713e00000, 0x0000000713e00000| Untracked 
| 157|0x0000000713f00000, 0x0000000713f00000, 0x0000000714000000|  0%| F|  |TAMS 0x0000000713f00000, 0x0000000713f00000| Untracked 
| 158|0x0000000714000000, 0x0000000714000000, 0x0000000714100000|  0%| F|  |TAMS 0x0000000714000000, 0x0000000714000000| Untracked 
| 159|0x0000000714100000, 0x0000000714100000, 0x0000000714200000|  0%| F|  |TAMS 0x0000000714100000, 0x0000000714100000| Untracked 
| 160|0x0000000714200000, 0x0000000714200000, 0x0000000714300000|  0%| F|  |TAMS 0x0000000714200000, 0x0000000714200000| Untracked 
| 161|0x0000000714300000, 0x0000000714300000, 0x0000000714400000|  0%| F|  |TAMS 0x0000000714300000, 0x0000000714300000| Untracked 
| 162|0x0000000714400000, 0x0000000714400000, 0x0000000714500000|  0%| F|  |TAMS 0x0000000714400000, 0x0000000714400000| Untracked 
| 163|0x0000000714500000, 0x0000000714500000, 0x0000000714600000|  0%| F|  |TAMS 0x0000000714500000, 0x0000000714500000| Untracked 
| 164|0x0000000714600000, 0x0000000714600000, 0x0000000714700000|  0%| F|  |TAMS 0x0000000714600000, 0x0000000714600000| Untracked 
| 165|0x0000000714700000, 0x0000000714700000, 0x0000000714800000|  0%| F|  |TAMS 0x0000000714700000, 0x0000000714700000| Untracked 
| 166|0x0000000714800000, 0x0000000714800000, 0x0000000714900000|  0%| F|  |TAMS 0x0000000714800000, 0x0000000714800000| Untracked 
| 167|0x0000000714900000, 0x0000000714900000, 0x0000000714a00000|  0%| F|  |TAMS 0x0000000714900000, 0x0000000714900000| Untracked 
| 168|0x0000000714a00000, 0x0000000714a00000, 0x0000000714b00000|  0%| F|  |TAMS 0x0000000714a00000, 0x0000000714a00000| Untracked 
| 169|0x0000000714b00000, 0x0000000714b00000, 0x0000000714c00000|  0%| F|  |TAMS 0x0000000714b00000, 0x0000000714b00000| Untracked 
| 170|0x0000000714c00000, 0x0000000714c00000, 0x0000000714d00000|  0%| F|  |TAMS 0x0000000714c00000, 0x0000000714c00000| Untracked 
| 171|0x0000000714d00000, 0x0000000714d00000, 0x0000000714e00000|  0%| F|  |TAMS 0x0000000714d00000, 0x0000000714d00000| Untracked 
| 172|0x0000000714e00000, 0x0000000714e00000, 0x0000000714f00000|  0%| F|  |TAMS 0x0000000714e00000, 0x0000000714e00000| Untracked 
| 173|0x0000000714f00000, 0x0000000714f00000, 0x0000000715000000|  0%| F|  |TAMS 0x0000000714f00000, 0x0000000714f00000| Untracked 
| 174|0x0000000715000000, 0x0000000715000000, 0x0000000715100000|  0%| F|  |TAMS 0x0000000715000000, 0x0000000715000000| Untracked 
| 175|0x0000000715100000, 0x0000000715100000, 0x0000000715200000|  0%| F|  |TAMS 0x0000000715100000, 0x0000000715100000| Untracked 
| 176|0x0000000715200000, 0x0000000715200000, 0x0000000715300000|  0%| F|  |TAMS 0x0000000715200000, 0x0000000715200000| Untracked 
| 177|0x0000000715300000, 0x0000000715300000, 0x0000000715400000|  0%| F|  |TAMS 0x0000000715300000, 0x0000000715300000| Untracked 
| 178|0x0000000715400000, 0x0000000715400000, 0x0000000715500000|  0%| F|  |TAMS 0x0000000715400000, 0x0000000715400000| Untracked 
| 179|0x0000000715500000, 0x0000000715500000, 0x0000000715600000|  0%| F|  |TAMS 0x0000000715500000, 0x0000000715500000| Untracked 
| 180|0x0000000715600000, 0x0000000715600000, 0x0000000715700000|  0%| F|  |TAMS 0x0000000715600000, 0x0000000715600000| Untracked 
| 181|0x0000000715700000, 0x0000000715700000, 0x0000000715800000|  0%| F|  |TAMS 0x0000000715700000, 0x0000000715700000| Untracked 
| 182|0x0000000715800000, 0x0000000715800000, 0x0000000715900000|  0%| F|  |TAMS 0x0000000715800000, 0x0000000715800000| Untracked 
| 183|0x0000000715900000, 0x0000000715900000, 0x0000000715a00000|  0%| F|  |TAMS 0x0000000715900000, 0x0000000715900000| Untracked 
| 184|0x0000000715a00000, 0x0000000715a00000, 0x0000000715b00000|  0%| F|  |TAMS 0x0000000715a00000, 0x0000000715a00000| Untracked 
| 185|0x0000000715b00000, 0x0000000715b00000, 0x0000000715c00000|  0%| F|  |TAMS 0x0000000715b00000, 0x0000000715b00000| Untracked 
| 186|0x0000000715c00000, 0x0000000715c00000, 0x0000000715d00000|  0%| F|  |TAMS 0x0000000715c00000, 0x0000000715c00000| Untracked 
| 187|0x0000000715d00000, 0x0000000715d00000, 0x0000000715e00000|  0%| F|  |TAMS 0x0000000715d00000, 0x0000000715d00000| Untracked 
| 188|0x0000000715e00000, 0x0000000715e00000, 0x0000000715f00000|  0%| F|  |TAMS 0x0000000715e00000, 0x0000000715e00000| Untracked 
| 189|0x0000000715f00000, 0x0000000715f00000, 0x0000000716000000|  0%| F|  |TAMS 0x0000000715f00000, 0x0000000715f00000| Untracked 
| 190|0x0000000716000000, 0x0000000716000000, 0x0000000716100000|  0%| F|  |TAMS 0x0000000716000000, 0x0000000716000000| Untracked 
| 191|0x0000000716100000, 0x0000000716100000, 0x0000000716200000|  0%| F|  |TAMS 0x0000000716100000, 0x0000000716100000| Untracked 
| 192|0x0000000716200000, 0x0000000716200000, 0x0000000716300000|  0%| F|  |TAMS 0x0000000716200000, 0x0000000716200000| Untracked 
| 193|0x0000000716300000, 0x0000000716300000, 0x0000000716400000|  0%| F|  |TAMS 0x0000000716300000, 0x0000000716300000| Untracked 
| 194|0x0000000716400000, 0x0000000716400000, 0x0000000716500000|  0%| F|  |TAMS 0x0000000716400000, 0x0000000716400000| Untracked 
| 195|0x0000000716500000, 0x0000000716500000, 0x0000000716600000|  0%| F|  |TAMS 0x0000000716500000, 0x0000000716500000| Untracked 
| 196|0x0000000716600000, 0x0000000716600000, 0x0000000716700000|  0%| F|  |TAMS 0x0000000716600000, 0x0000000716600000| Untracked 
| 197|0x0000000716700000, 0x0000000716700000, 0x0000000716800000|  0%| F|  |TAMS 0x0000000716700000, 0x0000000716700000| Untracked 
| 198|0x0000000716800000, 0x0000000716800000, 0x0000000716900000|  0%| F|  |TAMS 0x0000000716800000, 0x0000000716800000| Untracked 
| 199|0x0000000716900000, 0x0000000716900000, 0x0000000716a00000|  0%| F|  |TAMS 0x0000000716900000, 0x0000000716900000| Untracked 
| 200|0x0000000716a00000, 0x0000000716a00000, 0x0000000716b00000|  0%| F|  |TAMS 0x0000000716a00000, 0x0000000716a00000| Untracked 
| 201|0x0000000716b00000, 0x0000000716b00000, 0x0000000716c00000|  0%| F|  |TAMS 0x0000000716b00000, 0x0000000716b00000| Untracked 
| 202|0x0000000716c00000, 0x0000000716c00000, 0x0000000716d00000|  0%| F|  |TAMS 0x0000000716c00000, 0x0000000716c00000| Untracked 
| 203|0x0000000716d00000, 0x0000000716d00000, 0x0000000716e00000|  0%| F|  |TAMS 0x0000000716d00000, 0x0000000716d00000| Untracked 
| 204|0x0000000716e00000, 0x0000000716e00000, 0x0000000716f00000|  0%| F|  |TAMS 0x0000000716e00000, 0x0000000716e00000| Untracked 
| 205|0x0000000716f00000, 0x0000000716f00000, 0x0000000717000000|  0%| F|  |TAMS 0x0000000716f00000, 0x0000000716f00000| Untracked 
| 206|0x0000000717000000, 0x0000000717000000, 0x0000000717100000|  0%| F|  |TAMS 0x0000000717000000, 0x0000000717000000| Untracked 
| 207|0x0000000717100000, 0x0000000717100000, 0x0000000717200000|  0%| F|  |TAMS 0x0000000717100000, 0x0000000717100000| Untracked 
| 208|0x0000000717200000, 0x0000000717200000, 0x0000000717300000|  0%| F|  |TAMS 0x0000000717200000, 0x0000000717200000| Untracked 
| 209|0x0000000717300000, 0x0000000717300000, 0x0000000717400000|  0%| F|  |TAMS 0x0000000717300000, 0x0000000717300000| Untracked 
| 210|0x0000000717400000, 0x0000000717400000, 0x0000000717500000|  0%| F|  |TAMS 0x0000000717400000, 0x0000000717400000| Untracked 
| 211|0x0000000717500000, 0x0000000717500000, 0x0000000717600000|  0%| F|  |TAMS 0x0000000717500000, 0x0000000717500000| Untracked 
| 212|0x0000000717600000, 0x0000000717600000, 0x0000000717700000|  0%| F|  |TAMS 0x0000000717600000, 0x0000000717600000| Untracked 
| 213|0x0000000717700000, 0x0000000717700000, 0x0000000717800000|  0%| F|  |TAMS 0x0000000717700000, 0x0000000717700000| Untracked 
| 214|0x0000000717800000, 0x0000000717800000, 0x0000000717900000|  0%| F|  |TAMS 0x0000000717800000, 0x0000000717800000| Untracked 
| 215|0x0000000717900000, 0x0000000717900000, 0x0000000717a00000|  0%| F|  |TAMS 0x0000000717900000, 0x0000000717900000| Untracked 
| 216|0x0000000717a00000, 0x0000000717a00000, 0x0000000717b00000|  0%| F|  |TAMS 0x0000000717a00000, 0x0000000717a00000| Untracked 
| 217|0x0000000717b00000, 0x0000000717b00000, 0x0000000717c00000|  0%| F|  |TAMS 0x0000000717b00000, 0x0000000717b00000| Untracked 
| 218|0x0000000717c00000, 0x0000000717c00000, 0x0000000717d00000|  0%| F|  |TAMS 0x0000000717c00000, 0x0000000717c00000| Untracked 
| 219|0x0000000717d00000, 0x0000000717d00000, 0x0000000717e00000|  0%| F|  |TAMS 0x0000000717d00000, 0x0000000717d00000| Untracked 
| 220|0x0000000717e00000, 0x0000000717e00000, 0x0000000717f00000|  0%| F|  |TAMS 0x0000000717e00000, 0x0000000717e00000| Untracked 
| 221|0x0000000717f00000, 0x0000000717f00000, 0x0000000718000000|  0%| F|  |TAMS 0x0000000717f00000, 0x0000000717f00000| Untracked 
| 222|0x0000000718000000, 0x0000000718000000, 0x0000000718100000|  0%| F|  |TAMS 0x0000000718000000, 0x0000000718000000| Untracked 
| 223|0x0000000718100000, 0x0000000718100800, 0x0000000718200000|  0%| E|  |TAMS 0x0000000718100000, 0x0000000718100000| Complete 
| 224|0x0000000718200000, 0x0000000718300000, 0x0000000718300000|100%| E|CS|TAMS 0x0000000718200000, 0x0000000718200000| Complete 
| 225|0x0000000718300000, 0x0000000718400000, 0x0000000718400000|100%| E|CS|TAMS 0x0000000718300000, 0x0000000718300000| Complete 
| 226|0x0000000718400000, 0x0000000718500000, 0x0000000718500000|100%| E|CS|TAMS 0x0000000718400000, 0x0000000718400000| Complete 
| 227|0x0000000718500000, 0x0000000718600000, 0x0000000718600000|100%| E|CS|TAMS 0x0000000718500000, 0x0000000718500000| Complete 
| 228|0x0000000718600000, 0x0000000718700000, 0x0000000718700000|100%| E|CS|TAMS 0x0000000718600000, 0x0000000718600000| Complete 
| 229|0x0000000718700000, 0x0000000718800000, 0x0000000718800000|100%| E|CS|TAMS 0x0000000718700000, 0x0000000718700000| Complete 
| 230|0x0000000718800000, 0x0000000718900000, 0x0000000718900000|100%| E|CS|TAMS 0x0000000718800000, 0x0000000718800000| Complete 
| 231|0x0000000718900000, 0x0000000718a00000, 0x0000000718a00000|100%| E|CS|TAMS 0x0000000718900000, 0x0000000718900000| Complete 
| 232|0x0000000718a00000, 0x0000000718b00000, 0x0000000718b00000|100%| E|CS|TAMS 0x0000000718a00000, 0x0000000718a00000| Complete 
| 233|0x0000000718b00000, 0x0000000718c00000, 0x0000000718c00000|100%| E|CS|TAMS 0x0000000718b00000, 0x0000000718b00000| Complete 
| 234|0x0000000718c00000, 0x0000000718d00000, 0x0000000718d00000|100%| E|CS|TAMS 0x0000000718c00000, 0x0000000718c00000| Complete 
| 235|0x0000000718d00000, 0x0000000718e00000, 0x0000000718e00000|100%| E|CS|TAMS 0x0000000718d00000, 0x0000000718d00000| Complete 
| 236|0x0000000718e00000, 0x0000000718f00000, 0x0000000718f00000|100%| E|CS|TAMS 0x0000000718e00000, 0x0000000718e00000| Complete 
| 237|0x0000000718f00000, 0x0000000719000000, 0x0000000719000000|100%| E|CS|TAMS 0x0000000718f00000, 0x0000000718f00000| Complete 
| 238|0x0000000719000000, 0x0000000719100000, 0x0000000719100000|100%| E|CS|TAMS 0x0000000719000000, 0x0000000719000000| Complete 
| 239|0x0000000719100000, 0x0000000719200000, 0x0000000719200000|100%| E|CS|TAMS 0x0000000719100000, 0x0000000719100000| Complete 
| 240|0x0000000719200000, 0x0000000719300000, 0x0000000719300000|100%| E|CS|TAMS 0x0000000719200000, 0x0000000719200000| Complete 
| 241|0x0000000719300000, 0x0000000719400000, 0x0000000719400000|100%| E|CS|TAMS 0x0000000719300000, 0x0000000719300000| Complete 
| 242|0x0000000719400000, 0x0000000719500000, 0x0000000719500000|100%| E|CS|TAMS 0x0000000719400000, 0x0000000719400000| Complete 
| 243|0x0000000719500000, 0x0000000719600000, 0x0000000719600000|100%| E|CS|TAMS 0x0000000719500000, 0x0000000719500000| Complete 
| 244|0x0000000719600000, 0x0000000719700000, 0x0000000719700000|100%| E|CS|TAMS 0x0000000719600000, 0x0000000719600000| Complete 
| 245|0x0000000719700000, 0x0000000719800000, 0x0000000719800000|100%| E|CS|TAMS 0x0000000719700000, 0x0000000719700000| Complete 
| 246|0x0000000719800000, 0x0000000719900000, 0x0000000719900000|100%| E|CS|TAMS 0x0000000719800000, 0x0000000719800000| Complete 
| 247|0x0000000719900000, 0x0000000719a00000, 0x0000000719a00000|100%| E|CS|TAMS 0x0000000719900000, 0x0000000719900000| Complete 
| 248|0x0000000719a00000, 0x0000000719b00000, 0x0000000719b00000|100%| E|CS|TAMS 0x0000000719a00000, 0x0000000719a00000| Complete 
| 249|0x0000000719b00000, 0x0000000719c00000, 0x0000000719c00000|100%| E|CS|TAMS 0x0000000719b00000, 0x0000000719b00000| Complete 
| 250|0x0000000719c00000, 0x0000000719d00000, 0x0000000719d00000|100%| E|CS|TAMS 0x0000000719c00000, 0x0000000719c00000| Complete 
| 251|0x0000000719d00000, 0x0000000719e00000, 0x0000000719e00000|100%| E|CS|TAMS 0x0000000719d00000, 0x0000000719d00000| Complete 
| 252|0x0000000719e00000, 0x0000000719f00000, 0x0000000719f00000|100%| E|CS|TAMS 0x0000000719e00000, 0x0000000719e00000| Complete 
| 253|0x0000000719f00000, 0x000000071a000000, 0x000000071a000000|100%| E|CS|TAMS 0x0000000719f00000, 0x0000000719f00000| Complete 
| 254|0x000000071a000000, 0x000000071a100000, 0x000000071a100000|100%| E|CS|TAMS 0x000000071a000000, 0x000000071a000000| Complete 
| 255|0x000000071a100000, 0x000000071a200000, 0x000000071a200000|100%| E|CS|TAMS 0x000000071a100000, 0x000000071a100000| Complete 
| 256|0x000000071a200000, 0x000000071a300000, 0x000000071a300000|100%| E|CS|TAMS 0x000000071a200000, 0x000000071a200000| Complete 
| 257|0x000000071a300000, 0x000000071a400000, 0x000000071a400000|100%| E|CS|TAMS 0x000000071a300000, 0x000000071a300000| Complete 
| 258|0x000000071a400000, 0x000000071a500000, 0x000000071a500000|100%| E|CS|TAMS 0x000000071a400000, 0x000000071a400000| Complete 
| 259|0x000000071a500000, 0x000000071a600000, 0x000000071a600000|100%| E|CS|TAMS 0x000000071a500000, 0x000000071a500000| Complete 
| 260|0x000000071a600000, 0x000000071a700000, 0x000000071a700000|100%| E|CS|TAMS 0x000000071a600000, 0x000000071a600000| Complete 
| 261|0x000000071a700000, 0x000000071a800000, 0x000000071a800000|100%| E|CS|TAMS 0x000000071a700000, 0x000000071a700000| Complete 
| 262|0x000000071a800000, 0x000000071a900000, 0x000000071a900000|100%| E|CS|TAMS 0x000000071a800000, 0x000000071a800000| Complete 
| 263|0x000000071a900000, 0x000000071aa00000, 0x000000071aa00000|100%| E|CS|TAMS 0x000000071a900000, 0x000000071a900000| Complete 
| 264|0x000000071aa00000, 0x000000071ab00000, 0x000000071ab00000|100%| E|CS|TAMS 0x000000071aa00000, 0x000000071aa00000| Complete 
| 265|0x000000071ab00000, 0x000000071ac00000, 0x000000071ac00000|100%| E|CS|TAMS 0x000000071ab00000, 0x000000071ab00000| Complete 
| 266|0x000000071ac00000, 0x000000071ad00000, 0x000000071ad00000|100%| E|CS|TAMS 0x000000071ac00000, 0x000000071ac00000| Complete 
| 267|0x000000071ad00000, 0x000000071ae00000, 0x000000071ae00000|100%| E|CS|TAMS 0x000000071ad00000, 0x000000071ad00000| Complete 
| 268|0x000000071ae00000, 0x000000071af00000, 0x000000071af00000|100%| E|CS|TAMS 0x000000071ae00000, 0x000000071ae00000| Complete 
| 269|0x000000071af00000, 0x000000071b000000, 0x000000071b000000|100%| E|CS|TAMS 0x000000071af00000, 0x000000071af00000| Complete 
| 270|0x000000071b000000, 0x000000071b100000, 0x000000071b100000|100%| E|CS|TAMS 0x000000071b000000, 0x000000071b000000| Complete 
| 271|0x000000071b100000, 0x000000071b200000, 0x000000071b200000|100%| E|CS|TAMS 0x000000071b100000, 0x000000071b100000| Complete 
| 272|0x000000071b200000, 0x000000071b300000, 0x000000071b300000|100%| E|CS|TAMS 0x000000071b200000, 0x000000071b200000| Complete 
| 273|0x000000071b300000, 0x000000071b400000, 0x000000071b400000|100%| E|CS|TAMS 0x000000071b300000, 0x000000071b300000| Complete 
| 274|0x000000071b400000, 0x000000071b500000, 0x000000071b500000|100%| E|CS|TAMS 0x000000071b400000, 0x000000071b400000| Complete 
| 275|0x000000071b500000, 0x000000071b600000, 0x000000071b600000|100%| E|CS|TAMS 0x000000071b500000, 0x000000071b500000| Complete 
| 276|0x000000071b600000, 0x000000071b700000, 0x000000071b700000|100%| E|CS|TAMS 0x000000071b600000, 0x000000071b600000| Complete 
| 277|0x000000071b700000, 0x000000071b800000, 0x000000071b800000|100%| E|CS|TAMS 0x000000071b700000, 0x000000071b700000| Complete 
| 278|0x000000071b800000, 0x000000071b900000, 0x000000071b900000|100%| E|CS|TAMS 0x000000071b800000, 0x000000071b800000| Complete 
| 279|0x000000071b900000, 0x000000071ba00000, 0x000000071ba00000|100%| E|CS|TAMS 0x000000071b900000, 0x000000071b900000| Complete 
| 280|0x000000071ba00000, 0x000000071bb00000, 0x000000071bb00000|100%| E|CS|TAMS 0x000000071ba00000, 0x000000071ba00000| Complete 
| 281|0x000000071bb00000, 0x000000071bc00000, 0x000000071bc00000|100%| E|CS|TAMS 0x000000071bb00000, 0x000000071bb00000| Complete 
| 282|0x000000071bc00000, 0x000000071bd00000, 0x000000071bd00000|100%| E|CS|TAMS 0x000000071bc00000, 0x000000071bc00000| Complete 
| 283|0x000000071bd00000, 0x000000071be00000, 0x000000071be00000|100%| E|CS|TAMS 0x000000071bd00000, 0x000000071bd00000| Complete 
| 284|0x000000071be00000, 0x000000071bf00000, 0x000000071bf00000|100%| E|CS|TAMS 0x000000071be00000, 0x000000071be00000| Complete 
| 285|0x000000071bf00000, 0x000000071c000000, 0x000000071c000000|100%| E|CS|TAMS 0x000000071bf00000, 0x000000071bf00000| Complete 
| 286|0x000000071c000000, 0x000000071c100000, 0x000000071c100000|100%| E|CS|TAMS 0x000000071c000000, 0x000000071c000000| Complete 
| 287|0x000000071c100000, 0x000000071c200000, 0x000000071c200000|100%| E|CS|TAMS 0x000000071c100000, 0x000000071c100000| Complete 
| 288|0x000000071c200000, 0x000000071c300000, 0x000000071c300000|100%| E|CS|TAMS 0x000000071c200000, 0x000000071c200000| Complete 
| 289|0x000000071c300000, 0x000000071c400000, 0x000000071c400000|100%| E|CS|TAMS 0x000000071c300000, 0x000000071c300000| Complete 
| 290|0x000000071c400000, 0x000000071c500000, 0x000000071c500000|100%| E|CS|TAMS 0x000000071c400000, 0x000000071c400000| Complete 
| 291|0x000000071c500000, 0x000000071c600000, 0x000000071c600000|100%| E|CS|TAMS 0x000000071c500000, 0x000000071c500000| Complete 
| 292|0x000000071c600000, 0x000000071c700000, 0x000000071c700000|100%| E|CS|TAMS 0x000000071c600000, 0x000000071c600000| Complete 
| 293|0x000000071c700000, 0x000000071c800000, 0x000000071c800000|100%| E|CS|TAMS 0x000000071c700000, 0x000000071c700000| Complete 
| 294|0x000000071c800000, 0x000000071c900000, 0x000000071c900000|100%| E|CS|TAMS 0x000000071c800000, 0x000000071c800000| Complete 
| 295|0x000000071c900000, 0x000000071ca00000, 0x000000071ca00000|100%| E|CS|TAMS 0x000000071c900000, 0x000000071c900000| Complete 

Card table byte_map: [0x00000244ba7a0000,0x00000244baf50000] _byte_map_base: 0x00000244b6f4f000

Marking Bits (Prev, Next): (CMBitMap*) 0x00000244a203a788, (CMBitMap*) 0x00000244a203a7c0
 Prev Bits: [0x00000244bb700000, 0x00000244bf478000)
 Next Bits: [0x00000244bf480000, 0x00000244c31f8000)

Polling page: 0x00000244a1790000

Metaspace:

Usage:
  Non-class:     49.04 MB capacity,    48.19 MB ( 98%) used,   668.73 KB (  1%) free+waste,   192.06 KB ( <1%) overhead. 
      Class:      7.14 MB capacity,     6.52 MB ( 91%) used,   540.70 KB (  7%) free+waste,    91.00 KB (  1%) overhead. 
       Both:     56.17 MB capacity,    54.71 MB ( 97%) used,     1.18 MB (  2%) free+waste,   283.06 KB ( <1%) overhead. 

Virtual space:
  Non-class space:       50.00 MB reserved,      49.25 MB ( 98%) committed 
      Class space:        1.00 GB reserved,       7.25 MB ( <1%) committed 
             Both:        1.05 GB reserved,      56.50 MB (  5%) committed 

Chunk freelists:
   Non-Class:  28.00 KB
       Class:  0 bytes
        Both:  28.00 KB

MaxMetaspaceSize: 17179869184.00 GB
CompressedClassSpaceSize: 1.00 GB
Initial GC threshold: 20.80 MB
Current GC threshold: 58.75 MB
CDS: off

CodeHeap 'non-profiled nmethods': size=119168Kb used=4066Kb max_used=4066Kb free=115101Kb
 bounds [0x00000244b2300000, 0x00000244b2700000, 0x00000244b9760000]
CodeHeap 'profiled nmethods': size=119168Kb used=12769Kb max_used=12769Kb free=106398Kb
 bounds [0x00000244aaea0000, 0x00000244abb20000, 0x00000244b2300000]
CodeHeap 'non-nmethods': size=7424Kb used=2956Kb max_used=3041Kb free=4467Kb
 bounds [0x00000244aa760000, 0x00000244aaa60000, 0x00000244aaea0000]
 total_blobs=5930 nmethods=5381 adapters=457
 compilation: enabled
              stopped_count=0, restarted_count=0
 full_count=0

Compilation events (20 events):
Event: 5.451 Thread 0x00000244c6c6d800 5410       3       jdk.internal.math.FDBigInteger::mult (44 bytes)
Event: 5.451 Thread 0x00000244c6e20800 nmethod 5408 0x00000244abb13690 code [0x00000244abb13860, 0x00000244abb13b38]
Event: 5.451 Thread 0x00000244c6e1d800 nmethod 5406 0x00000244abb13c90 code [0x00000244abb13e60, 0x00000244abb14098]
Event: 5.451 Thread 0x00000244c6e16800 5411       3       java.util.Calendar::internalGet (7 bytes)
Event: 5.451 Thread 0x00000244c6e16800 nmethod 5411 0x00000244abb14290 code [0x00000244abb14440, 0x00000244abb14578]
Event: 5.451 Thread 0x00000244c6c6d800 nmethod 5410 0x00000244abb14690 code [0x00000244abb14880, 0x00000244abb14c98]
Event: 5.452 Thread 0x00000244c6e20800 5412       3       org.springframework.core.annotation.AnnotationAwareOrderComparator::findOrder (18 bytes)
Event: 5.452 Thread 0x00000244c6e20800 nmethod 5412 0x00000244abb14e10 code [0x00000244abb15020, 0x00000244abb155a8]
Event: 5.455 Thread 0x00000244c6e1d800 5413       3       org.springframework.core.ResolvableType::isAssignableFrom (407 bytes)
Event: 5.457 Thread 0x00000244c6e1d800 nmethod 5413 0x00000244abb15710 code [0x00000244abb15b00, 0x00000244abb17e88]
Event: 5.474 Thread 0x00000244c9533800 nmethod 5341% 0x00000244b26a5a90 code [0x00000244b26a5d80, 0x00000244b26a9a48]
Event: 5.475 Thread 0x00000244c9533800 5397       4       org.springframework.boot.autoconfigure.condition.ConditionEvaluationReport$$Lambda$933/0x0000000800721440::accept (20 bytes)
Event: 5.477 Thread 0x00000244d05f8000 nmethod 5359 0x00000244b26aad90 code [0x00000244b26aafe0, 0x00000244b26ac920]
Event: 5.477 Thread 0x00000244d05f8000 5398       4       org.springframework.boot.autoconfigure.condition.ConditionEvaluationReport::lambda$addNoMatchOutcomeToAncestors$1 (54 bytes)
Event: 5.488 Thread 0x00000244c9533800 nmethod 5397 0x00000244b26ad490 code [0x00000244b26ad6a0, 0x00000244b26adfc8]
Event: 5.489 Thread 0x00000244c9533800 5307       4       java.lang.invoke.DirectMethodHandle$Holder::invokeStatic (15 bytes)
Event: 5.489 Thread 0x00000244d05f8000 nmethod 5398 0x00000244b26ae490 code [0x00000244b26ae6a0, 0x00000244b26aef28]
Event: 5.489 Thread 0x00000244c9533800 nmethod 5307 0x00000244b26af390 code [0x00000244b26af540, 0x00000244b26af5e8]
Event: 5.517 Thread 0x00000244cbc56000 nmethod 5255 0x00000244b26af710 code [0x00000244b26b0040, 0x00000244b26b87b8]
Event: 5.550 Thread 0x00000244c9535000 nmethod 5263 0x00000244b26bd210 code [0x00000244b26bdb40, 0x00000244b26c6770]

GC Heap History (12 events):
Event: 0.593 GC heap before
{Heap before GC invocations=0 (full 0):
 garbage-first heap   total 251904K, used 24576K [0x000000070a200000, 0x0000000800000000)
  region size 1024K, 24 young (24576K), 0 survivors (0K)
 Metaspace       used 11196K, capacity 11407K, committed 11648K, reserved 1060864K
  class space    used 1039K, capacity 1100K, committed 1152K, reserved 1048576K
}
Event: 0.597 GC heap after
{Heap after GC invocations=1 (full 0):
 garbage-first heap   total 251904K, used 8027K [0x000000070a200000, 0x0000000800000000)
  region size 1024K, 3 young (3072K), 3 survivors (3072K)
 Metaspace       used 11196K, capacity 11407K, committed 11648K, reserved 1060864K
  class space    used 1039K, capacity 1100K, committed 1152K, reserved 1048576K
}
Event: 1.269 GC heap before
{Heap before GC invocations=1 (full 0):
 garbage-first heap   total 251904K, used 53083K [0x000000070a200000, 0x0000000800000000)
  region size 1024K, 48 young (49152K), 3 survivors (3072K)
 Metaspace       used 20539K, capacity 21077K, committed 21248K, reserved 1069056K
  class space    used 2220K, capacity 2452K, committed 2560K, reserved 1048576K
}
Event: 1.274 GC heap after
{Heap after GC invocations=2 (full 0):
 garbage-first heap   total 251904K, used 10202K [0x000000070a200000, 0x0000000800000000)
  region size 1024K, 6 young (6144K), 6 survivors (6144K)
 Metaspace       used 20539K, capacity 21077K, committed 21248K, reserved 1069056K
  class space    used 2220K, capacity 2452K, committed 2560K, reserved 1048576K
}
Event: 1.598 GC heap before
{Heap before GC invocations=3 (full 0):
 garbage-first heap   total 251904K, used 42970K [0x000000070a200000, 0x0000000800000000)
  region size 1024K, 38 young (38912K), 6 survivors (6144K)
 Metaspace       used 25461K, capacity 26128K, committed 26240K, reserved 1073152K
  class space    used 2833K, capacity 3088K, committed 3200K, reserved 1048576K
}
Event: 1.603 GC heap after
{Heap after GC invocations=4 (full 0):
 garbage-first heap   total 251904K, used 11573K [0x000000070a200000, 0x0000000800000000)
  region size 1024K, 4 young (4096K), 4 survivors (4096K)
 Metaspace       used 25461K, capacity 26128K, committed 26240K, reserved 1073152K
  class space    used 2833K, capacity 3088K, committed 3200K, reserved 1048576K
}
Event: 2.345 GC heap before
{Heap before GC invocations=4 (full 0):
 garbage-first heap   total 251904K, used 79157K [0x000000070a200000, 0x0000000800000000)
  region size 1024K, 70 young (71680K), 4 survivors (4096K)
 Metaspace       used 31245K, capacity 32005K, committed 32256K, reserved 1077248K
  class space    used 3491K, capacity 3805K, committed 3840K, reserved 1048576K
}
Event: 2.349 GC heap after
{Heap after GC invocations=5 (full 0):
 garbage-first heap   total 251904K, used 13845K [0x000000070a200000, 0x0000000800000000)
  region size 1024K, 6 young (6144K), 6 survivors (6144K)
 Metaspace       used 31245K, capacity 32005K, committed 32256K, reserved 1077248K
  class space    used 3491K, capacity 3805K, committed 3840K, reserved 1048576K
}
Event: 2.768 GC heap before
{Heap before GC invocations=5 (full 0):
 garbage-first heap   total 251904K, used 47637K [0x000000070a200000, 0x0000000800000000)
  region size 1024K, 40 young (40960K), 6 survivors (6144K)
 Metaspace       used 34901K, capacity 35749K, committed 35840K, reserved 1081344K
  class space    used 4070K, capacity 4413K, committed 4480K, reserved 1048576K
}
Event: 2.776 GC heap after
{Heap after GC invocations=6 (full 0):
 garbage-first heap   total 251904K, used 15136K [0x000000070a200000, 0x0000000800000000)
  region size 1024K, 7 young (7168K), 7 survivors (7168K)
 Metaspace       used 34901K, capacity 35749K, committed 35840K, reserved 1081344K
  class space    used 4070K, capacity 4413K, committed 4480K, reserved 1048576K
}
Event: 4.429 GC heap before
{Heap before GC invocations=7 (full 0):
 garbage-first heap   total 251904K, used 130848K [0x000000070a200000, 0x0000000800000000)
  region size 1024K, 121 young (123904K), 7 survivors (7168K)
 Metaspace       used 49769K, capacity 51070K, committed 51328K, reserved 1093632K
  class space    used 5857K, capacity 6411K, committed 6528K, reserved 1048576K
}
Event: 4.438 GC heap after
{Heap after GC invocations=8 (full 0):
 garbage-first heap   total 303104K, used 20877K [0x000000070a200000, 0x0000000800000000)
  region size 1024K, 13 young (13312K), 13 survivors (13312K)
 Metaspace       used 49769K, capacity 51070K, committed 51328K, reserved 1093632K
  class space    used 5857K, capacity 6411K, committed 6528K, reserved 1048576K
}

Deoptimization events (20 events):
Event: 5.338 Thread 0x00000244a1fd4800 Uncommon trap: trap_request=0xffffff4d fr.pc=0x00000244b26a11ac relative=0x000000000000008c
Event: 5.338 Thread 0x00000244a1fd4800 Uncommon trap: reason=unstable_if action=reinterpret pc=0x00000244b26a11ac method=java.lang.Math.floorDiv(JJ)J @ 10 c2
Event: 5.338 Thread 0x00000244a1fd4800 DEOPT PACKING pc=0x00000244b26a11ac sp=0x0000008473dfd150
Event: 5.338 Thread 0x00000244a1fd4800 DEOPT UNPACKING pc=0x00000244aa7aa1af sp=0x0000008473dfd0f0 mode 2
Event: 5.358 Thread 0x00000244a1fd4800 Uncommon trap: trap_request=0xffffffd6 fr.pc=0x00000244b2675c10 relative=0x0000000000001530
Event: 5.358 Thread 0x00000244a1fd4800 Uncommon trap: reason=array_check action=maybe_recompile pc=0x00000244b2675c10 method=java.util.TimSort.binarySort([Ljava/lang/Object;IIILjava/util/Comparator;)V @ 193 c2
Event: 5.358 Thread 0x00000244a1fd4800 DEOPT PACKING pc=0x00000244b2675c10 sp=0x0000008473dfae30
Event: 5.358 Thread 0x00000244a1fd4800 DEOPT UNPACKING pc=0x00000244aa7aa1af sp=0x0000008473dfad20 mode 2
Event: 5.389 Thread 0x00000244a1fd4800 Uncommon trap: trap_request=0xffffff4d fr.pc=0x00000244b265c278 relative=0x00000000000000b8
Event: 5.389 Thread 0x00000244a1fd4800 Uncommon trap: reason=unstable_if action=reinterpret pc=0x00000244b265c278 method=java.util.Arrays.sort([Ljava/lang/Object;IILjava/util/Comparator;)V @ 1 c2
Event: 5.389 Thread 0x00000244a1fd4800 DEOPT PACKING pc=0x00000244b265c278 sp=0x0000008473dfed20
Event: 5.389 Thread 0x00000244a1fd4800 DEOPT UNPACKING pc=0x00000244aa7aa1af sp=0x0000008473dfec60 mode 2
Event: 5.389 Thread 0x00000244a1fd4800 Uncommon trap: trap_request=0xffffff4d fr.pc=0x00000244b265bda4 relative=0x0000000000000064
Event: 5.389 Thread 0x00000244a1fd4800 Uncommon trap: reason=unstable_if action=reinterpret pc=0x00000244b265bda4 method=java.util.Arrays.sort([Ljava/lang/Object;IILjava/util/Comparator;)V @ 1 c2
Event: 5.389 Thread 0x00000244a1fd4800 DEOPT PACKING pc=0x00000244b265bda4 sp=0x0000008473dfeca0
Event: 5.389 Thread 0x00000244a1fd4800 DEOPT UNPACKING pc=0x00000244aa7aa1af sp=0x0000008473dfec60 mode 2
Event: 5.433 Thread 0x00000244a1fd4800 Uncommon trap: trap_request=0xffffff4d fr.pc=0x00000244b23aecfc relative=0x000000000000005c
Event: 5.433 Thread 0x00000244a1fd4800 Uncommon trap: reason=unstable_if action=reinterpret pc=0x00000244b23aecfc method=org.springframework.util.ConcurrentReferenceHashMap$Segment.clear()V @ 7 c2
Event: 5.433 Thread 0x00000244a1fd4800 DEOPT PACKING pc=0x00000244b23aecfc sp=0x0000008473dfebe0
Event: 5.433 Thread 0x00000244a1fd4800 DEOPT UNPACKING pc=0x00000244aa7aa1af sp=0x0000008473dfeb70 mode 2

Classes redefined (0 events):
No events

Internal exceptions (20 events):
Event: 5.121 Thread 0x00000244a1fd4800 Exception <a 'java/lang/ClassNotFoundException'{0x00000007198acbb0}: org/springframework/data/redis/core/convert/RedisConverterCustomizer> (0x00000007198acbb0) thrown at [s\src\hotspot\share\classfile\systemDictionary.cpp, line 230]
Event: 5.122 Thread 0x00000244a1fd4800 Exception <a 'java/lang/ClassNotFoundException'{0x00000007198c2028}: org/springframework/data/convert/EntityConverterCustomizer> (0x00000007198c2028) thrown at [s\src\hotspot\share\classfile\systemDictionary.cpp, line 230]
Event: 5.122 Thread 0x00000244a1fd4800 Exception <a 'java/lang/ClassNotFoundException'{0x00000007198d6ed0}: org/springframework/data/convert/EntityReaderCustomizer> (0x00000007198d6ed0) thrown at [s\src\hotspot\share\classfile\systemDictionary.cpp, line 230]
Event: 5.123 Thread 0x00000244a1fd4800 Exception <a 'java/lang/ClassNotFoundException'{0x00000007198ea1a0}: org/springframework/data/convert/EntityWriterCustomizer> (0x00000007198ea1a0) thrown at [s\src\hotspot\share\classfile\systemDictionary.cpp, line 230]
Event: 5.124 Thread 0x00000244a1fd4800 Exception <a 'java/lang/ClassNotFoundException'{0x00000007198fdc30}: org/springframework/beans/factory/InitializingBeanCustomizer> (0x00000007198fdc30) thrown at [s\src\hotspot\share\classfile\systemDictionary.cpp, line 230]
Event: 5.133 Thread 0x00000244a1fd4800 Exception <a 'java/lang/ClassNotFoundException'{0x000000071978fde0}: java/lang/ObjectCustomizer> (0x000000071978fde0) thrown at [s\src\hotspot\share\classfile\systemDictionary.cpp, line 230]
Event: 5.134 Thread 0x00000244a1fd4800 Exception <a 'java/lang/ClassNotFoundException'{0x00000007197a71d8}: org/springframework/data/keyvalue/core/AbstractKeyValueAdapterCustomizer> (0x00000007197a71d8) thrown at [s\src\hotspot\share\classfile\systemDictionary.cpp, line 230]
Event: 5.135 Thread 0x00000244a1fd4800 Exception <a 'java/lang/ClassNotFoundException'{0x00000007197c4138}: org/springframework/data/redis/core/RedisKeyValueAdapterCustomizer> (0x00000007197c4138) thrown at [s\src\hotspot\share\classfile\systemDictionary.cpp, line 230]
Event: 5.138 Thread 0x00000244a1fd4800 Exception <a 'java/lang/ClassNotFoundException'{0x00000007197f7558}: org/springframework/beans/factory/InitializingBeanCustomizer> (0x00000007197f7558) thrown at [s\src\hotspot\share\classfile\systemDictionary.cpp, line 230]
Event: 5.138 Thread 0x00000244a1fd4800 Exception <a 'java/lang/ClassNotFoundException'{0x000000071960ac98}: org/springframework/context/ApplicationContextAwareCustomizer> (0x000000071960ac98) thrown at [s\src\hotspot\share\classfile\systemDictionary.cpp, line 230]
Event: 5.139 Thread 0x00000244a1fd4800 Exception <a 'java/lang/ClassNotFoundException'{0x000000071961cb30}: org/springframework/beans/factory/AwareCustomizer> (0x000000071961cb30) thrown at [s\src\hotspot\share\classfile\systemDictionary.cpp, line 230]
Event: 5.140 Thread 0x00000244a1fd4800 Exception <a 'java/lang/ClassNotFoundException'{0x000000071962e880}: org/springframework/context/ApplicationListenerCustomizer> (0x000000071962e880) thrown at [s\src\hotspot\share\classfile\systemDictionary.cpp, line 230]
Event: 5.140 Thread 0x00000244a1fd4800 Exception <a 'java/lang/ClassNotFoundException'{0x0000000719630ef0}: java/util/EventListenerCustomizer> (0x0000000719630ef0) thrown at [s\src\hotspot\share\classfile\systemDictionary.cpp, line 230]
Event: 5.140 Thread 0x00000244a1fd4800 Exception <a 'java/lang/ClassNotFoundException'{0x0000000719644468}: org/springframework/data/keyvalue/core/KeyValueAdapterCustomizer> (0x0000000719644468) thrown at [s\src\hotspot\share\classfile\systemDictionary.cpp, line 230]
Event: 5.142 Thread 0x00000244a1fd4800 Exception <a 'java/lang/ClassNotFoundException'{0x0000000719667660}: org/springframework/beans/factory/DisposableBeanCustomizer> (0x0000000719667660) thrown at [s\src\hotspot\share\classfile\systemDictionary.cpp, line 230]
Event: 5.338 Thread 0x00000244a1fd4800 Exception <a 'java/lang/NoSuchMethodError'{0x0000000718ab8e68}: 'void java.lang.invoke.DirectMethodHandle$Holder.invokeVirtual(java.lang.Object, java.lang.Object, int)'> (0x0000000718ab8e68) thrown at [s\src\hotspot\share\interpreter\linkResolver.cpp, line 773]
Event: 5.386 Thread 0x00000244a1fd4800 Exception <a 'java/lang/NoSuchMethodError'{0x000000071879b628}: 'java.lang.Object java.lang.invoke.DirectMethodHandle$Holder.invokeSpecial(java.lang.Object, java.lang.Object, int, java.lang.Object, int, java.lang.Object)'> (0x000000071879b628) thrown at [s\src\hotspot\share\interpreter\linkResolver.cpp, line 773]
Event: 5.386 Thread 0x00000244a1fd4800 Exception <a 'java/lang/NoSuchMethodError'{0x00000007187a2b10}: 'java.lang.Object java.lang.invoke.DirectMethodHandle$Holder.invokeStatic(java.lang.Object, java.lang.Object, int, java.lang.Object, int)'> (0x00000007187a2b10) thrown at [s\src\hotspot\share\interpreter\linkResolver.cpp, line 773]
Event: 5.387 Thread 0x00000244a1fd4800 Exception <a 'java/lang/NoSuchMethodError'{0x00000007187a62f0}: 'java.lang.Object java.lang.invoke.DirectMethodHandle$Holder.invokeSpecial(java.lang.Object, java.lang.Object, java.lang.Object, int, java.lang.Object, int)'> (0x00000007187a62f0) thrown at [s\src\hotspot\share\interpreter\linkResolver.cpp, line 773]
Event: 5.388 Thread 0x00000244a1fd4800 Exception <a 'java/lang/NoSuchMethodError'{0x00000007187b3308}: 'void java.lang.invoke.DirectMethodHandle$Holder.invokeVirtual(java.lang.Object, java.lang.Object)'> (0x00000007187b3308) thrown at [s\src\hotspot\share\interpreter\linkResolver.cpp, line 773]

Events (20 events):
Event: 5.446 loading class java/util/AbstractMap$1$1
Event: 5.446 loading class java/util/AbstractMap$1$1 done
Event: 5.446 loading class org/springframework/util/ConcurrentReferenceHashMap$EntrySet
Event: 5.446 loading class org/springframework/util/ConcurrentReferenceHashMap$EntrySet done
Event: 5.448 loading class org/springframework/util/ConcurrentReferenceHashMap$EntryIterator
Event: 5.448 loading class org/springframework/util/ConcurrentReferenceHashMap$EntryIterator done
Event: 5.449 loading class jdk/internal/math/FDBigInteger
Event: 5.449 loading class jdk/internal/math/FDBigInteger done
Event: 5.451 loading class org/springframework/context/ConfigurableApplicationContext
Event: 5.451 loading class org/springframework/context/ConfigurableApplicationContext done
Event: 5.451 loading class org/springframework/context/ConfigurableApplicationContext
Event: 5.451 loading class org/springframework/context/ConfigurableApplicationContext done
Event: 5.453 loading class org/springframework/context/ConfigurableApplicationContext
Event: 5.453 loading class org/springframework/context/ConfigurableApplicationContext done
Event: 5.454 loading class org/springframework/context/ConfigurableApplicationContext
Event: 5.454 loading class org/springframework/context/ConfigurableApplicationContext done
Event: 5.455 loading class java/util/IdentityHashMap$KeyIterator
Event: 5.455 loading class java/util/IdentityHashMap$KeyIterator done
Event: 5.455 Thread 0x00000244a1fd4800 Thread exited: 0x00000244a1fd4800
Event: 5.456 Thread 0x00000244cfe4a000 Thread added: 0x00000244cfe4a000


Dynamic libraries:
0x00007ff7042b0000 - 0x00007ff7042be000 	C:\Users\7000qwq\.jdks\corretto-11.0.24\bin\java.exe
0x00007ffd68510000 - 0x00007ffd68727000 	C:\WINDOWS\SYSTEM32\ntdll.dll
0x00007ffd67460000 - 0x00007ffd67524000 	C:\WINDOWS\System32\KERNEL32.DLL
0x00007ffd65a40000 - 0x00007ffd65df7000 	C:\WINDOWS\System32\KERNELBASE.dll
0x00007ffd66080000 - 0x00007ffd66191000 	C:\WINDOWS\System32\ucrtbase.dll
0x00007ffd61850000 - 0x00007ffd61867000 	C:\Users\7000qwq\.jdks\corretto-11.0.24\bin\jli.dll
0x00007ffd614c0000 - 0x00007ffd614db000 	C:\Users\7000qwq\.jdks\corretto-11.0.24\bin\VCRUNTIME140.dll
0x00007ffd68310000 - 0x00007ffd684bf000 	C:\WINDOWS\System32\USER32.dll
0x00007ffd65e00000 - 0x00007ffd65e26000 	C:\WINDOWS\System32\win32u.dll
0x00007ffd4fa80000 - 0x00007ffd4fd13000 	C:\WINDOWS\WinSxS\amd64_microsoft.windows.common-controls_6595b64144ccf1df_6.0.22621.3672_none_2713b9d173822955\COMCTL32.dll
0x00007ffd66240000 - 0x00007ffd66269000 	C:\WINDOWS\System32\GDI32.dll
0x00007ffd66d80000 - 0x00007ffd66e27000 	C:\WINDOWS\System32\msvcrt.dll
0x00007ffd65e30000 - 0x00007ffd65f48000 	C:\WINDOWS\System32\gdi32full.dll
0x00007ffd661a0000 - 0x00007ffd6623a000 	C:\WINDOWS\System32\msvcp_win.dll
0x00007ffd669e0000 - 0x00007ffd66a11000 	C:\WINDOWS\System32\IMM32.DLL
0x00007ffd61840000 - 0x00007ffd6184c000 	C:\Users\7000qwq\.jdks\corretto-11.0.24\bin\vcruntime140_1.dll
0x00007ffd5fd10000 - 0x00007ffd5fd9d000 	C:\Users\7000qwq\.jdks\corretto-11.0.24\bin\msvcp140.dll
0x00007ffd52c80000 - 0x00007ffd53845000 	C:\Users\7000qwq\.jdks\corretto-11.0.24\bin\server\jvm.dll
0x00007ffd66270000 - 0x00007ffd66322000 	C:\WINDOWS\System32\ADVAPI32.dll
0x00007ffd672d0000 - 0x00007ffd67378000 	C:\WINDOWS\System32\sechost.dll
0x00007ffd65a10000 - 0x00007ffd65a38000 	C:\WINDOWS\System32\bcrypt.dll
0x00007ffd66ef0000 - 0x00007ffd67004000 	C:\WINDOWS\System32\RPCRT4.dll
0x00007ffd684c0000 - 0x00007ffd684c8000 	C:\WINDOWS\System32\PSAPI.DLL
0x00007ffd60960000 - 0x00007ffd60994000 	C:\WINDOWS\SYSTEM32\WINMM.dll
0x00007ffd5be40000 - 0x00007ffd5be4a000 	C:\WINDOWS\SYSTEM32\VERSION.dll
0x00007ffd60b30000 - 0x00007ffd60b39000 	C:\WINDOWS\SYSTEM32\WSOCK32.dll
0x00007ffd67380000 - 0x00007ffd673f1000 	C:\WINDOWS\System32\WS2_32.dll
0x00007ffd64870000 - 0x00007ffd64888000 	C:\WINDOWS\SYSTEM32\kernel.appcore.dll
0x00007ffd611b0000 - 0x00007ffd611c0000 	C:\Users\7000qwq\.jdks\corretto-11.0.24\bin\verify.dll
0x00007ffd63370000 - 0x00007ffd635a2000 	C:\WINDOWS\SYSTEM32\DBGHELP.DLL
0x00007ffd665f0000 - 0x00007ffd6697e000 	C:\WINDOWS\System32\combase.dll
0x00007ffd66ad0000 - 0x00007ffd66ba7000 	C:\WINDOWS\System32\OLEAUT32.dll
0x00007ffd4e710000 - 0x00007ffd4e742000 	C:\WINDOWS\SYSTEM32\dbgcore.DLL
0x00007ffd65820000 - 0x00007ffd6589b000 	C:\WINDOWS\System32\bcryptPrimitives.dll
0x00007ffd5fa70000 - 0x00007ffd5fa98000 	C:\Users\7000qwq\.jdks\corretto-11.0.24\bin\java.dll
0x00007ffd611a0000 - 0x00007ffd611aa000 	C:\Users\7000qwq\.jdks\corretto-11.0.24\bin\jimage.dll
0x00007ffd61190000 - 0x00007ffd6119e000 	C:\Users\7000qwq\.jdks\corretto-11.0.24\bin\instrument.dll
0x00007ffd60b90000 - 0x00007ffd60ba8000 	C:\Users\7000qwq\.jdks\corretto-11.0.24\bin\zip.dll
0x00007ffd67530000 - 0x00007ffd67d99000 	C:\WINDOWS\System32\SHELL32.dll
0x00007ffd63790000 - 0x00007ffd6408f000 	C:\WINDOWS\SYSTEM32\windows.storage.dll
0x00007ffd63650000 - 0x00007ffd6378f000 	C:\WINDOWS\SYSTEM32\wintypes.dll
0x00007ffd671d0000 - 0x00007ffd672c9000 	C:\WINDOWS\System32\SHCORE.dll
0x00007ffd67170000 - 0x00007ffd671ce000 	C:\WINDOWS\System32\shlwapi.dll
0x00007ffd65750000 - 0x00007ffd65777000 	C:\WINDOWS\SYSTEM32\profapi.dll
0x00007ffd60b10000 - 0x00007ffd60b29000 	C:\Users\7000qwq\.jdks\corretto-11.0.24\bin\net.dll
0x00007ffd605a0000 - 0x00007ffd606d6000 	C:\WINDOWS\SYSTEM32\WINHTTP.dll
0x00007ffd64ce0000 - 0x00007ffd64d49000 	C:\WINDOWS\system32\mswsock.dll
0x00007ffd60a20000 - 0x00007ffd60a32000 	C:\Users\7000qwq\.jdks\corretto-11.0.24\bin\nio.dll
0x00007ffd55ec0000 - 0x00007ffd55eda000 	D:\Program Files\IntelliJ IDEA Community Edition 2024.2.1\bin\breakgen64.dll
0x00007ffd60a60000 - 0x00007ffd60a69000 	C:\Users\7000qwq\.jdks\corretto-11.0.24\bin\management.dll
0x00007ffd5fd00000 - 0x00007ffd5fd0b000 	C:\Users\7000qwq\.jdks\corretto-11.0.24\bin\management_ext.dll
0x00007ffd4b8f0000 - 0x00007ffd4b907000 	C:\WINDOWS\system32\napinsp.dll
0x00007ffd4b8d0000 - 0x00007ffd4b8eb000 	C:\WINDOWS\system32\pnrpnsp.dll
0x00007ffd64360000 - 0x00007ffd64462000 	C:\WINDOWS\SYSTEM32\DNSAPI.dll
0x00007ffd642f0000 - 0x00007ffd6431d000 	C:\WINDOWS\SYSTEM32\IPHLPAPI.DLL
0x00007ffd66e30000 - 0x00007ffd66e39000 	C:\WINDOWS\System32\NSI.dll
0x00007ffd4b2c0000 - 0x00007ffd4b2d1000 	C:\WINDOWS\System32\winrnr.dll
0x00007ffd4b0e0000 - 0x00007ffd4b0f5000 	C:\WINDOWS\system32\wshbth.dll
0x00007ffd4b060000 - 0x00007ffd4b087000 	C:\WINDOWS\system32\nlansp_c.dll
0x00007ffd60880000 - 0x00007ffd6088a000 	C:\Windows\System32\rasadhlp.dll
0x00007ffd5ff30000 - 0x00007ffd5ffb3000 	C:\WINDOWS\System32\fwpuclnt.dll
0x00007ffd64f30000 - 0x00007ffd64f4b000 	C:\WINDOWS\SYSTEM32\CRYPTSP.dll
0x00007ffd647d0000 - 0x00007ffd64805000 	C:\WINDOWS\system32\rsaenh.dll
0x00007ffd64dd0000 - 0x00007ffd64df8000 	C:\WINDOWS\SYSTEM32\USERENV.dll
0x00007ffd64f50000 - 0x00007ffd64f5c000 	C:\WINDOWS\SYSTEM32\CRYPTBASE.dll
0x00007ffd60890000 - 0x00007ffd608a9000 	C:\WINDOWS\SYSTEM32\dhcpcsvc6.DLL
0x00007ffd60540000 - 0x00007ffd6055f000 	C:\WINDOWS\SYSTEM32\dhcpcsvc.DLL
0x00007ffd55e90000 - 0x00007ffd55eb7000 	C:\Users\7000qwq\.jdks\corretto-11.0.24\bin\sunec.dll
0x00007ffd56220000 - 0x00007ffd5622e000 	C:\Users\7000qwq\.jdks\corretto-11.0.24\bin\sunmscapi.dll
0x00007ffd658a0000 - 0x00007ffd65a06000 	C:\WINDOWS\System32\CRYPT32.dll
0x00007ffd650f0000 - 0x00007ffd6511d000 	C:\WINDOWS\SYSTEM32\ncrypt.dll
0x00007ffd650b0000 - 0x00007ffd650e7000 	C:\WINDOWS\SYSTEM32\NTASN1.dll

dbghelp: loaded successfully - version: 4.0.5 - missing functions: none
symbol engine: initialized successfully - sym options: 0x614 - pdb path: .;C:\Users\7000qwq\.jdks\corretto-11.0.24\bin;C:\WINDOWS\SYSTEM32;C:\WINDOWS\WinSxS\amd64_microsoft.windows.common-controls_6595b64144ccf1df_6.0.22621.3672_none_2713b9d173822955;C:\Users\7000qwq\.jdks\corretto-11.0.24\bin\server;D:\Program Files\IntelliJ IDEA Community Edition 2024.2.1\bin

VM Arguments:
jvm_args: -javaagent:D:\Program Files\IntelliJ IDEA Community Edition 2024.2.1\lib\idea_rt.jar=10099:D:\Program Files\IntelliJ IDEA Community Edition 2024.2.1\bin -Dfile.encoding=UTF-8 
java_command: gold.GoldApplication
java_class_path (initial): C:\Users\7000qwq\Desktop\goldProject\back-end\gold-java\server\target\classes;C:\Users\7000qwq\Desktop\goldProject\back-end\gold-java\common\target\classes;C:\Users\7000qwq\.m2\repository\commons-lang\commons-lang\2.6\commons-lang-2.6.jar;C:\Users\7000qwq\.m2\repository\org\springframework\boot\spring-boot-starter-json\2.7.3\spring-boot-starter-json-2.7.3.jar;C:\Users\7000qwq\.m2\repository\com\fasterxml\jackson\datatype\jackson-datatype-jdk8\2.13.3\jackson-datatype-jdk8-2.13.3.jar;C:\Users\7000qwq\.m2\repository\com\fasterxml\jackson\datatype\jackson-datatype-jsr310\2.13.3\jackson-datatype-jsr310-2.13.3.jar;C:\Users\7000qwq\.m2\repository\com\fasterxml\jackson\module\jackson-module-parameter-names\2.13.3\jackson-module-parameter-names-2.13.3.jar;C:\Users\7000qwq\.m2\repository\io\jsonwebtoken\jjwt\0.9.1\jjwt-0.9.1.jar;C:\Users\7000qwq\.m2\repository\com\aliyun\oss\aliyun-sdk-oss\3.10.2\aliyun-sdk-oss-3.10.2.jar;C:\Users\7000qwq\.m2\repository\org\apache\httpcomponents\httpclient\4.5.13\httpclient-4.5.13.jar;C:\Users\7000qwq\.m2\repository\org\apache\httpcomponents\httpcore\4.4.15\httpcore-4.4.15.jar;C:\Users\7000qwq\.m2\repository\org\jdom\jdom2\2.0.6.1\jdom2-2.0.6.1.jar;C:\Users\7000qwq\.m2\repository\org\codehaus\jettison\jettison\1.1\jettison-1.1.jar;C:\Users\7000qwq\.m2\repository\stax\stax-api\1.0.1\stax-api-1.0.1.jar;C:\Users\7000qwq\.m2\repository\com\aliyun\aliyun-java-sdk-core\3.4.0\aliyun-java-sdk-core-3.4.0.jar;C:\Users\7000qwq\.m2\repository\com\aliyun\aliyun-java-sdk-ram\3.0.0\aliyun-java-sdk-ram-3.0.0.jar;C:\Users\7000qwq\.m2\repository\com\aliyun\aliyun-java-sdk-sts\3.0.0\aliyun-java-sdk-sts-3.0.0.jar;C:\Users\7000qwq\.m2\repository\com\aliyun\aliyun-java-sdk-ecs\4.2.0\aliyun-java-sdk-ecs-4.2.0.jar;C:\Users\7000qwq\.m2\repository\com\aliyun\aliyun-java-sdk-kms\2.7.0\aliyun-java-sdk-kms-2.7.0.jar;C:\Users\7000qwq\.m2\repository\com\google\code\gson\gson\2.9.1\gson-2.9.1.jar;C:\Users\7000qwq\Desktop\goldProject\back-end\gol
Launcher Type: SUN_STANDARD

[Global flags]
     intx CICompilerCount                          = 12                                        {product} {ergonomic}
     uint ConcGCThreads                            = 3                                         {product} {ergonomic}
     uint G1ConcRefinementThreads                  = 13                                        {product} {ergonomic}
   size_t G1HeapRegionSize                         = 1048576                                   {product} {ergonomic}
    uintx GCDrainStackTargetSize                   = 64                                        {product} {ergonomic}
   size_t InitialHeapSize                          = 257949696                                 {product} {ergonomic}
   size_t MarkStackSize                            = 4194304                                   {product} {ergonomic}
   size_t MaxHeapSize                              = 4125097984                                {product} {ergonomic}
   size_t MaxNewSize                               = 2474639360                                {product} {ergonomic}
   size_t MinHeapDeltaBytes                        = 1048576                                   {product} {ergonomic}
    uintx NonNMethodCodeHeapSize                   = 7594288                                {pd product} {ergonomic}
    uintx NonProfiledCodeHeapSize                  = 122031976                              {pd product} {ergonomic}
    uintx ProfiledCodeHeapSize                     = 122031976                              {pd product} {ergonomic}
    uintx ReservedCodeCacheSize                    = 251658240                              {pd product} {ergonomic}
     bool SegmentedCodeCache                       = true                                      {product} {ergonomic}
     bool UseCompressedClassPointers               = true                                 {lp64_product} {ergonomic}
     bool UseCompressedOops                        = true                                 {lp64_product} {ergonomic}
     bool UseG1GC                                  = true                                      {product} {ergonomic}
     bool UseLargePagesIndividualAllocation        = false                                  {pd product} {ergonomic}

Logging:
Log output configuration:
 #0: stdout all=warning uptime,level,tags
 #1: stderr all=off uptime,level,tags

Environment Variables:
JAVA_HOME=C:\Users\7000qwq\.jdks\corretto-11.0.24
PATH=D:\Program Files\VMware\bin\;D:\texlive\2022\bin\win32;C:\WINDOWS\system32;C:\WINDOWS;C:\WINDOWS\System32\Wbem;C:\WINDOWS\System32\WindowsPowerShell\v1.0\;C:\WINDOWS\System32\OpenSSH\;D:\matlab\bin;D:\Program Files\Git\cmd;D:\Program Files\web\dll;C:\Program Files (x86)\Windows Kits\10\Windows Performance Toolkit\;C:\Program Files\MySQL\MySQL Server 8.0\bin;D:\Program Files\IntelliJ IDEA Community Edition 2024.2.1\plugins\maven\lib\maven3\bin;C:\Users\7000qwq\.jdks\corretto-11.0.24\bin;D:\anaconda3;D:\anaconda3\Scripts;D:\anaconda3\Library\bin;D:\anaconda3\envs\whisper_project\Scripts;C:\Program Files\MySQL\MySQL Shell 8.0\bin\;C:\Users\7000qwq\AppData\Local\Microsoft\WindowsApps;C:\Program Files\Bandizip\;D:\ffmpeg-5.0-full_build\bin;D:\texlive\2022\bin\win32;D:\Program Files\IntelliJ IDEA Community Edition 2024.2.1\bin;;D:\Program Files\cpolar\;D:\Program Files\Microsoft VS Code\bin
USERNAME=7000qwq
OS=Windows_NT
PROCESSOR_IDENTIFIER=AMD64 Family 23 Model 96 Stepping 1, AuthenticAMD
TMP=C:\Users\7000qwq\AppData\Local\Temp
TEMP=C:\Users\7000qwq\AppData\Local\Temp



---------------  S Y S T E M  ---------------

OS: Windows 11 , 64 bit Build 22621 (10.0.22621.3958)
OS uptime: 0 days 5:25 hours

CPU:total 16 (initial active 16) (16 cores per cpu, 2 threads per core) family 23 model 96 stepping 1 microcode 0x0, cmov, cx8, fxsr, mmx, sse, sse2, sse3, ssse3, sse4.1, sse4.2, popcnt, avx, avx2, aes, clmul, mmxext, 3dnowpref, lzcnt, sse4a, ht, tsc, tscinvbit, tscinv, bmi1, bmi2, adx, sha, fma

Memory: 4k page, system-wide physical 15734M (5551M free)
TotalPageFile size 16822M (AvailPageFile size 4593M)
current process WorkingSet (physical memory assigned to process): 426M, peak: 468M
current process commit charge ("private bytes"): 583M, peak: 629M

vm_info: OpenJDK 64-Bit Server VM (11.0.24+8-LTS) for windows-amd64 JRE (11.0.24+8-LTS), built on Jul  9 2024 22:03:43 by "Administrator" with MS VC++ 16.10 / 16.11 (VS2019)

END.
