#
# A fatal error has been detected by the Java Runtime Environment:
#
#  EXCEPTION_ACCESS_VIOLATION (0xc0000005) at pc=0x00007ffdc0dcef40, pid=14844, tid=11096
#
# JRE version: OpenJDK Runtime Environment Corretto-11.0.24.8.1 (11.0.24+8) (build 11.0.24+8-LTS)
# Java VM: OpenJDK 64-Bit Server VM Corretto-11.0.24.8.1 (11.0.24+8-LTS, mixed mode, tiered, compressed oops, g1 gc, windows-amd64)
# Problematic frame:
# V  [jvm.dll+0x37ef40]
#
# No core dump will be written. Minidumps are not enabled by default on client versions of Windows
#
# If you would like to submit a bug report, please visit:
#   https://github.com/corretto/corretto-11/issues/
#

---------------  S U M M A R Y ------------

Command Line: -agentlib:jdwp=transport=dt_socket,address=127.0.0.1:9212,suspend=y,server=n -javaagent:C:\Users\7000qwq\AppData\Local\JetBrains\IdeaIC2024.2\captureAgent\debugger-agent.jar=file:/C:/Users/7000qwq/AppData/Local/Temp/capture.props -Dkotlinx.coroutines.debug.enable.creation.stack.trace=false -Ddebugger.agent.enable.coroutines=true -Dfile.encoding=UTF-8 gold.GoldApplication

Host: AMD Ryzen 7 4800U with Radeon Graphics         , 16 cores, 15G,  Windows 11 , 64 bit Build 22621 (10.0.22621.3958)
Time: Wed Nov  6 23:58:24 2024  Windows 11 , 64 bit Build 22621 (10.0.22621.3958) elapsed time: 6.049377 seconds (0d 0h 0m 6s)

---------------  T H R E A D  ---------------

Current thread (0x0000020017659800):  JavaThread "C2 CompilerThread4" daemon [_thread_in_native, id=11096, stack(0x000000660e400000,0x000000660e500000)]


Current CompileTask:
C2:   6049 4854       4       org.springframework.core.ResolvableType::forType (115 bytes)

Stack: [0x000000660e400000,0x000000660e500000],  sp=0x000000660e4fbd50,  free space=1007k
Native frames: (J=compiled Java code, j=interpreted, Vv=VM code, C=native code)
V  [jvm.dll+0x37ef40]
V  [jvm.dll+0x37aab0]
V  [jvm.dll+0x1b46e7]
V  [jvm.dll+0x1b3e3f]
V  [jvm.dll+0x221d7f]
V  [jvm.dll+0x220c38]
V  [jvm.dll+0x19e9e1]
V  [jvm.dll+0x230ae9]
V  [jvm.dll+0x22ec5f]
V  [jvm.dll+0x79b991]
V  [jvm.dll+0x794664]
V  [jvm.dll+0x644fb5]
C  [ucrtbase.dll+0x29333]
C  [KERNEL32.DLL+0x1257d]
C  [ntdll.dll+0x5af08]


siginfo: EXCEPTION_ACCESS_VIOLATION (0xc0000005), reading address 0xffffffffffffffff


Register to memory mapping:

RIP=0x00007ffdc0dcef40 jvm.dll
RAX=0x0 is NULL
RBX=0x000000660e4fbda0 is pointing into the stack for thread: 0x0000020017659800
RCX=0x0 is NULL
RDX=0x0000000000000003 is an unknown value
RSP=0x000000660e4fbd50 is pointing into the stack for thread: 0x0000020017659800
RBP=0x0000000000000095 is an unknown value
RSI=0x00007ffdc153fdf0 jvm.dll
RDI=0x000000000000002e is an unknown value
R8 =0x10007ffdc153fdf0 is an unknown value
R9 =0x0000000000000007 is an unknown value
R10=0x0000020019ae6880 points into unknown readable memory: 0x0000000000000000 | 00 00 00 00 00 00 00 00
R11=0x000000660e4fbde0 is pointing into the stack for thread: 0x0000020017659800
R12=0x00007ffdc0a50000 jvm.dll
R13=0x000002001c406118 points into unknown readable memory: 0x88000c00c998b413 | 13 b4 98 c9 00 0c 00 88
R14=0x00000000000bb1c0 is an unknown value
R15=0x00000000000012b6 is an unknown value


Registers:
RAX=0x0000000000000000, RBX=0x000000660e4fbda0, RCX=0x0000000000000000, RDX=0x0000000000000003
RSP=0x000000660e4fbd50, RBP=0x0000000000000095, RSI=0x00007ffdc153fdf0, RDI=0x000000000000002e
R8 =0x10007ffdc153fdf0, R9 =0x0000000000000007, R10=0x0000020019ae6880, R11=0x000000660e4fbde0
R12=0x00007ffdc0a50000, R13=0x000002001c406118, R14=0x00000000000bb1c0, R15=0x00000000000012b6
RIP=0x00007ffdc0dcef40, EFLAGS=0x0000000000010246

Top of Stack: (sp=0x000000660e4fbd50)
0x000000660e4fbd50:   000000660e4fbda0 0000000000000095
0x000000660e4fbd60:   00007ffdc153fdf0 0000000000000048
0x000000660e4fbd70:   000002001c88c050 00007ffdc0dcaab0
0x000000660e4fbd80:   0000000000000016 000000660e4fc080
0x000000660e4fbd90:   000002001e6dd190 0000020000000048
0x000000660e4fbda0:   000012ba00000000 0000020000000006
0x000000660e4fbdb0:   10007ffdc153fdf0 00007ffd00000013
0x000000660e4fbdc0:   000002001edda960 0000000000000048
0x000000660e4fbdd0:   000002001b5fc210 000000660e4fc190
0x000000660e4fbde0:   00007ffdc0a50000 00000000000003d8
0x000000660e4fbdf0:   0000000000000000 00007ffdc0c046e7
0x000000660e4fbe00:   00000000000012b6 000000660e4fc0b0
0x000000660e4fbe10:   000000660e4fc518 000000660e4fc430
0x000000660e4fbe20:   00000000001e2da0 00007ffdc0c48809
0x000000660e4fbe30:   0000000000003049 0000000000000000
0x000000660e4fbe40:   0000000000000000 000000660e4fbee1 

Instructions: (pc=0x00007ffdc0dcef40)
0x00007ffdc0dcee40:   00 00 3b bb 90 00 00 00 0f 82 62 ff ff ff 4c 8b
0x00007ffdc0dcee50:   74 24 60 4c 8b 6c 24 58 4c 8b 64 24 50 48 8b c3
0x00007ffdc0dcee60:   48 83 c4 20 41 5f 5f 5e 5d 5b c3 cc cc cc cc cc
0x00007ffdc0dcee70:   8b 02 45 33 c0 44 89 01 c7 41 08 08 00 00 00 85
0x00007ffdc0dcee80:   c0 75 12 c7 41 18 01 00 00 00 48 8b c1 c7 41 28
0x00007ffdc0dcee90:   01 00 00 00 c3 44 89 41 04 44 89 41 18 8b 82 90
0x00007ffdc0dceea0:   00 00 00 89 41 28 4c 89 41 10 48 8b 42 08 48 89
0x00007ffdc0dceeb0:   41 20 48 8b c1 48 89 51 30 c3 cc cc cc cc cc cc
0x00007ffdc0dceec0:   40 53 48 83 ec 20 8b 51 08 48 8b d9 83 fa 08 73
0x00007ffdc0dceed0:   2a 4c 8b 51 10 66 66 66 0f 1f 84 00 00 00 00 00
0x00007ffdc0dceee0:   44 8b ca 44 8d 42 01 43 83 3c 8a 00 0f 85 98 00
0x00007ffdc0dceef0:   00 00 41 8b d0 41 83 f8 08 72 e5 8b 41 28 48 89
0x00007ffdc0dcef00:   74 24 30 48 89 7c 24 38 8b 79 18 3b f8 73 5f 48
0x00007ffdc0dcef10:   8d 35 da 0e 77 00 66 66 0f 1f 84 00 00 00 00 00
0x00007ffdc0dcef20:   48 8b 43 20 8b cf 4c 8b 04 c8 4c 3b c6 74 36 33
0x00007ffdc0dcef30:   c0 4c 89 43 10 33 c9 66 0f 1f 84 00 00 00 00 00
0x00007ffdc0dcef40:   42 83 3c 01 00 8d 50 01 75 69 48 83 c1 04 8b c2
0x00007ffdc0dcef50:   83 fa 08 72 eb 48 8b 4b 30 48 85 c9 74 07 8b d7
0x00007ffdc0dcef60:   e8 3b 01 00 00 8b 43 28 ff c7 3b f8 72 b2 48 8b
0x00007ffdc0dcef70:   74 24 30 48 8b 7c 24 38 89 43 18 33 c0 c7 43 08
0x00007ffdc0dcef80:   08 00 00 00 48 83 c4 20 5b c3 8b 41 18 8d 0c c2
0x00007ffdc0dcef90:   c1 e1 05 81 e9 00 01 00 00 89 4b 04 48 8b cb 43
0x00007ffdc0dcefa0:   8b 04 8a 89 03 44 89 43 08 48 83 c4 20 5b e9 8d
0x00007ffdc0dcefb0:   7e e3 ff 8d 0c f8 c1 e1 05 89 4b 04 8b c8 8d 47
0x00007ffdc0dcefc0:   01 41 8b 0c 88 89 0b 48 8b cb 89 43 18 89 53 08
0x00007ffdc0dcefd0:   48 8b 74 24 30 48 8b 7c 24 38 48 83 c4 20 5b e9
0x00007ffdc0dcefe0:   5c 7e e3 ff cc cc cc cc cc cc cc cc cc cc cc cc
0x00007ffdc0dceff0:   40 53 48 83 ec 20 65 48 8b 04 25 58 00 00 00 8b
0x00007ffdc0dcf000:   0d e3 cc 7a 00 48 8b 1c c8 b8 10 00 00 00 80 3c
0x00007ffdc0dcf010:   18 00 75 05 e8 0b da 48 00 b8 08 00 00 00 48 8b
0x00007ffdc0dcf020:   04 18 48 8b 88 f0 04 00 00 48 8b 99 80 00 00 00
0x00007ffdc0dcf030:   48 8b 83 b8 08 00 00 48 85 c0 75 0c e8 4f 0a 00 


Stack slot to memory mapping:
stack at sp + 0 slots: 0x000000660e4fbda0 is pointing into the stack for thread: 0x0000020017659800
stack at sp + 1 slots: 0x0000000000000095 is an unknown value
stack at sp + 2 slots: 0x00007ffdc153fdf0 jvm.dll
stack at sp + 3 slots: 0x0000000000000048 is an unknown value
stack at sp + 4 slots: 0x000002001c88c050 points into unknown readable memory: 0x0000000000000000 | 00 00 00 00 00 00 00 00
stack at sp + 5 slots: 0x00007ffdc0dcaab0 jvm.dll
stack at sp + 6 slots: 0x0000000000000016 is an unknown value
stack at sp + 7 slots: 0x000000660e4fc080 is pointing into the stack for thread: 0x0000020017659800


---------------  P R O C E S S  ---------------

Threads class SMR info:
_java_thread_list=0x000002001bc41de0, length=30, elements={
0x000002006ad84000, 0x0000020011aa4000, 0x0000020011aaf800, 0x0000020011b14000,
0x0000020011b15000, 0x0000020011b16000, 0x0000020011b1b800, 0x0000020011b25800,
0x0000020011b47800, 0x0000020011cc7800, 0x0000020011cce800, 0x0000020011ccf800,
0x0000020011cd5000, 0x0000020011e41000, 0x0000020011e5f800, 0x0000020011e61000,
0x0000020011f53800, 0x0000020014afc000, 0x0000020014cfe000, 0x0000020017ad5800,
0x0000020017aac000, 0x0000020017d6f800, 0x0000020017659800, 0x000002001b45d800,
0x000002001be6b800, 0x0000020016468800, 0x000002001e8a5000, 0x000002001e8a7800,
0x000002001ebc9800, 0x000002001b8f0000
}

Java Threads: ( => current thread )
  0x000002006ad84000 JavaThread "main" [_thread_in_vm, id=3460, stack(0x000000660c100000,0x000000660c200000)]
  0x0000020011aa4000 JavaThread "Reference Handler" daemon [_thread_blocked, id=9800, stack(0x000000660c800000,0x000000660c900000)]
  0x0000020011aaf800 JavaThread "Finalizer" daemon [_thread_blocked, id=6180, stack(0x000000660c900000,0x000000660ca00000)]
  0x0000020011b14000 JavaThread "Signal Dispatcher" daemon [_thread_blocked, id=9552, stack(0x000000660ca00000,0x000000660cb00000)]
  0x0000020011b15000 JavaThread "Attach Listener" daemon [_thread_blocked, id=9752, stack(0x000000660cb00000,0x000000660cc00000)]
  0x0000020011b16000 JavaThread "Service Thread" daemon [_thread_blocked, id=18316, stack(0x000000660cc00000,0x000000660cd00000)]
  0x0000020011b1b800 JavaThread "C2 CompilerThread0" daemon [_thread_in_native, id=17888, stack(0x000000660cd00000,0x000000660ce00000)]
  0x0000020011b25800 JavaThread "C1 CompilerThread0" daemon [_thread_blocked, id=6528, stack(0x000000660ce00000,0x000000660cf00000)]
  0x0000020011b47800 JavaThread "Sweeper thread" daemon [_thread_blocked, id=11216, stack(0x000000660cf00000,0x000000660d000000)]
  0x0000020011cc7800 JavaThread "Common-Cleaner" daemon [_thread_blocked, id=7900, stack(0x000000660d000000,0x000000660d100000)]
  0x0000020011cce800 JavaThread "C1 CompilerThread1" daemon [_thread_blocked, id=6484, stack(0x000000660d100000,0x000000660d200000)]
  0x0000020011ccf800 JavaThread "C1 CompilerThread2" daemon [_thread_blocked, id=10388, stack(0x000000660d200000,0x000000660d300000)]
  0x0000020011cd5000 JavaThread "C1 CompilerThread3" daemon [_thread_blocked, id=8312, stack(0x000000660d300000,0x000000660d400000)]
  0x0000020011e41000 JavaThread "JDWP Transport Listener: dt_socket" daemon [_thread_blocked, id=2852, stack(0x000000660d500000,0x000000660d600000)]
  0x0000020011e5f800 JavaThread "JDWP Event Helper Thread" daemon [_thread_blocked, id=15252, stack(0x000000660d600000,0x000000660d700000)]
  0x0000020011e61000 JavaThread "JDWP Command Reader" daemon [_thread_in_native, id=13388, stack(0x000000660d700000,0x000000660d800000)]
  0x0000020011f53800 JavaThread "C2 CompilerThread1" daemon [_thread_in_native, id=8728, stack(0x000000660d800000,0x000000660d900000)]
  0x0000020014afc000 JavaThread "C2 CompilerThread2" daemon [_thread_in_native, id=6116, stack(0x000000660d900000,0x000000660da00000)]
  0x0000020014cfe000 JavaThread "C2 CompilerThread3" daemon [_thread_in_native, id=17788, stack(0x000000660de00000,0x000000660df00000)]
  0x0000020017ad5800 JavaThread "Catalina-utility-1" [_thread_blocked, id=5816, stack(0x000000660e100000,0x000000660e200000)]
  0x0000020017aac000 JavaThread "Catalina-utility-2" [_thread_blocked, id=8912, stack(0x000000660e200000,0x000000660e300000)]
  0x0000020017d6f800 JavaThread "container-0" [_thread_blocked, id=14544, stack(0x000000660e300000,0x000000660e400000)]
=>0x0000020017659800 JavaThread "C2 CompilerThread4" daemon [_thread_in_native, id=11096, stack(0x000000660e400000,0x000000660e500000)]
  0x000002001b45d800 JavaThread "C2 CompilerThread5" daemon [_thread_in_native, id=18200, stack(0x000000660e500000,0x000000660e600000)]
  0x000002001be6b800 JavaThread "mysql-cj-abandoned-connection-cleanup" daemon [_thread_blocked, id=13512, stack(0x000000660e600000,0x000000660e700000)]
  0x0000020016468800 JavaThread "Druid-ConnectionPool-Create-1383761509" daemon [_thread_blocked, id=9380, stack(0x000000660e700000,0x000000660e800000)]
  0x000002001e8a5000 JavaThread "Druid-ConnectionPool-Destroy-1383761509" daemon [_thread_blocked, id=18244, stack(0x000000660e800000,0x000000660e900000)]
  0x000002001e8a7800 JavaThread "lettuce-timer-3-1" daemon [_thread_blocked, id=4820, stack(0x000000660e900000,0x000000660ea00000)]
  0x000002001ebc9800 JavaThread "C2 CompilerThread6" daemon [_thread_in_native, id=3888, stack(0x000000660ed00000,0x000000660ee00000)]
  0x000002001b8f0000 JavaThread "C2 CompilerThread7" daemon [_thread_in_native, id=5604, stack(0x000000660ee00000,0x000000660ef00000)]

Other Threads:
  0x00000200111fc000 VMThread "VM Thread" [stack: 0x000000660c700000,0x000000660c800000] [id=3212]
  0x0000020011ea5000 WatcherThread [stack: 0x000000660d400000,0x000000660d500000] [id=13884]
  0x000002006ad9e000 GCTaskThread "GC Thread#0" [stack: 0x000000660c200000,0x000000660c300000] [id=14700]
  0x0000020012c03800 GCTaskThread "GC Thread#1" [stack: 0x000000660da00000,0x000000660db00000] [id=14008]
  0x0000020012c10000 GCTaskThread "GC Thread#2" [stack: 0x000000660db00000,0x000000660dc00000] [id=12936]
  0x0000020012cf0800 GCTaskThread "GC Thread#3" [stack: 0x000000660dc00000,0x000000660dd00000] [id=5676]
  0x0000020012bd6000 GCTaskThread "GC Thread#4" [stack: 0x000000660dd00000,0x000000660de00000] [id=4440]
  0x000002001cfac800 GCTaskThread "GC Thread#5" [stack: 0x000000660ea00000,0x000000660eb00000] [id=9636]
  0x0000020017dcc000 GCTaskThread "GC Thread#6" [stack: 0x000000660eb00000,0x000000660ec00000] [id=4208]
  0x0000020018062000 GCTaskThread "GC Thread#7" [stack: 0x000000660ec00000,0x000000660ed00000] [id=11088]
  0x000002006adf7800 ConcurrentGCThread "G1 Main Marker" [stack: 0x000000660c300000,0x000000660c400000] [id=6356]
  0x000002006adf9000 ConcurrentGCThread "G1 Conc#0" [stack: 0x000000660c400000,0x000000660c500000] [id=14868]
  0x0000020012dac800 ConcurrentGCThread "G1 Conc#1" [stack: 0x000000660df00000,0x000000660e000000] [id=9244]
  0x0000020013e5c800 ConcurrentGCThread "G1 Conc#2" [stack: 0x000000660e000000,0x000000660e100000] [id=9388]
  0x00000200110e5000 ConcurrentGCThread "G1 Refine#0" [stack: 0x000000660c500000,0x000000660c600000] [id=16848]
  0x00000200110e6000 ConcurrentGCThread "G1 Young RemSet Sampling" [stack: 0x000000660c600000,0x000000660c700000] [id=15016]

Threads with active compile tasks:
C2 CompilerThread0     6132 5069       4       org.springframework.core.annotation.TypeMappedAnnotations::isMappingForType (41 bytes)
C2 CompilerThread1     6132 5073       4       org.springframework.transaction.annotation.AnnotationTransactionAttributeSource::determineTransactionAttribute (51 bytes)
C2 CompilerThread2     6132 5096       4       org.springframework.util.ReflectionUtils::findMethod (109 bytes)
C2 CompilerThread3     6133 4886   !   4       org.springframework.util.ClassUtils::getMostSpecificMethod (72 bytes)
C2 CompilerThread4     6133 4854       4       org.springframework.core.ResolvableType::forType (115 bytes)
C2 CompilerThread5     6133 4871       4       org.springframework.core.ResolvableType::as (86 bytes)
C2 CompilerThread6     6133 4930       4       org.springframework.beans.factory.support.AbstractBeanFactory::isTypeMatch (607 bytes)
C2 CompilerThread7     6133 5027       4       org.springframework.cache.annotation.AnnotationCacheOperationSource::determineCacheOperations (107 bytes)

VM state:not at safepoint (normal execution)

VM Mutex/Monitor currently owned by a thread: None

Heap address: 0x000000070a200000, size: 3934 MB, Compressed Oops mode: Zero based, Oop shift amount: 3
Narrow klass base: 0x0000000800000000, Narrow klass shift: 0
Compressed class space size: 1073741824 Address: 0x0000000800000000

Heap:
 garbage-first heap   total 251904K, used 44804K [0x000000070a200000, 0x0000000800000000)
  region size 1024K, 40 young (40960K), 14 survivors (14336K)
 Metaspace       used 53774K, capacity 55271K, committed 55472K, reserved 1097728K
  class space    used 6275K, capacity 6892K, committed 6912K, reserved 1048576K
Heap Regions: E=young(eden), S=young(survivor), O=old, HS=humongous(starts), HC=humongous(continues), CS=collection set, F=free, A=archive, TAMS=top-at-mark-start (previous, next)
|   0|0x000000070a200000, 0x000000070a300000, 0x000000070a300000|100%| O|  |TAMS 0x000000070a300000, 0x000000070a200000| Untracked 
|   1|0x000000070a300000, 0x000000070a400000, 0x000000070a400000|100%| O|  |TAMS 0x000000070a400000, 0x000000070a300000| Untracked 
|   2|0x000000070a400000, 0x000000070a500000, 0x000000070a500000|100%| O|  |TAMS 0x000000070a500000, 0x000000070a400000| Untracked 
|   3|0x000000070a500000, 0x000000070a600000, 0x000000070a600000|100%| O|  |TAMS 0x000000070a600000, 0x000000070a500000| Untracked 
|   4|0x000000070a600000, 0x000000070a700000, 0x000000070a700000|100%| O|  |TAMS 0x000000070a700000, 0x000000070a600000| Untracked 
|   5|0x000000070a700000, 0x000000070a772800, 0x000000070a800000| 44%| O|  |TAMS 0x000000070a772800, 0x000000070a700000| Untracked 
|   6|0x000000070a800000, 0x000000070a800000, 0x000000070a900000|  0%| F|  |TAMS 0x000000070a800000, 0x000000070a800000| Untracked 
|   7|0x000000070a900000, 0x000000070a900000, 0x000000070aa00000|  0%| F|  |TAMS 0x000000070a900000, 0x000000070a900000| Untracked 
|   8|0x000000070aa00000, 0x000000070aa00000, 0x000000070ab00000|  0%| F|  |TAMS 0x000000070aa00000, 0x000000070aa00000| Untracked 
|   9|0x000000070ab00000, 0x000000070ab00000, 0x000000070ac00000|  0%| F|  |TAMS 0x000000070ab00000, 0x000000070ab00000| Untracked 
|  10|0x000000070ac00000, 0x000000070ac00000, 0x000000070ad00000|  0%| F|  |TAMS 0x000000070ac00000, 0x000000070ac00000| Untracked 
|  11|0x000000070ad00000, 0x000000070ad00000, 0x000000070ae00000|  0%| F|  |TAMS 0x000000070ad00000, 0x000000070ad00000| Untracked 
|  12|0x000000070ae00000, 0x000000070ae00000, 0x000000070af00000|  0%| F|  |TAMS 0x000000070ae00000, 0x000000070ae00000| Untracked 
|  13|0x000000070af00000, 0x000000070af00000, 0x000000070b000000|  0%| F|  |TAMS 0x000000070af00000, 0x000000070af00000| Untracked 
|  14|0x000000070b000000, 0x000000070b000000, 0x000000070b100000|  0%| F|  |TAMS 0x000000070b000000, 0x000000070b000000| Untracked 
|  15|0x000000070b100000, 0x000000070b100000, 0x000000070b200000|  0%| F|  |TAMS 0x000000070b100000, 0x000000070b100000| Untracked 
|  16|0x000000070b200000, 0x000000070b200000, 0x000000070b300000|  0%| F|  |TAMS 0x000000070b200000, 0x000000070b200000| Untracked 
|  17|0x000000070b300000, 0x000000070b300000, 0x000000070b400000|  0%| F|  |TAMS 0x000000070b300000, 0x000000070b300000| Untracked 
|  18|0x000000070b400000, 0x000000070b400000, 0x000000070b500000|  0%| F|  |TAMS 0x000000070b400000, 0x000000070b400000| Untracked 
|  19|0x000000070b500000, 0x000000070b500000, 0x000000070b600000|  0%| F|  |TAMS 0x000000070b500000, 0x000000070b500000| Untracked 
|  20|0x000000070b600000, 0x000000070b600000, 0x000000070b700000|  0%| F|  |TAMS 0x000000070b600000, 0x000000070b600000| Untracked 
|  21|0x000000070b700000, 0x000000070b700000, 0x000000070b800000|  0%| F|  |TAMS 0x000000070b700000, 0x000000070b700000| Untracked 
|  22|0x000000070b800000, 0x000000070b800000, 0x000000070b900000|  0%| F|  |TAMS 0x000000070b800000, 0x000000070b800000| Untracked 
|  23|0x000000070b900000, 0x000000070b900000, 0x000000070ba00000|  0%| F|  |TAMS 0x000000070b900000, 0x000000070b900000| Untracked 
|  24|0x000000070ba00000, 0x000000070ba00000, 0x000000070bb00000|  0%| F|  |TAMS 0x000000070ba00000, 0x000000070ba00000| Untracked 
|  25|0x000000070bb00000, 0x000000070bb00000, 0x000000070bc00000|  0%| F|  |TAMS 0x000000070bb00000, 0x000000070bb00000| Untracked 
|  26|0x000000070bc00000, 0x000000070bc00000, 0x000000070bd00000|  0%| F|  |TAMS 0x000000070bc00000, 0x000000070bc00000| Untracked 
|  27|0x000000070bd00000, 0x000000070bd00000, 0x000000070be00000|  0%| F|  |TAMS 0x000000070bd00000, 0x000000070bd00000| Untracked 
|  28|0x000000070be00000, 0x000000070be00000, 0x000000070bf00000|  0%| F|  |TAMS 0x000000070be00000, 0x000000070be00000| Untracked 
|  29|0x000000070bf00000, 0x000000070bf00000, 0x000000070c000000|  0%| F|  |TAMS 0x000000070bf00000, 0x000000070bf00000| Untracked 
|  30|0x000000070c000000, 0x000000070c000000, 0x000000070c100000|  0%| F|  |TAMS 0x000000070c000000, 0x000000070c000000| Untracked 
|  31|0x000000070c100000, 0x000000070c100000, 0x000000070c200000|  0%| F|  |TAMS 0x000000070c100000, 0x000000070c100000| Untracked 
|  32|0x000000070c200000, 0x000000070c200000, 0x000000070c300000|  0%| F|  |TAMS 0x000000070c200000, 0x000000070c200000| Untracked 
|  33|0x000000070c300000, 0x000000070c300000, 0x000000070c400000|  0%| F|  |TAMS 0x000000070c300000, 0x000000070c300000| Untracked 
|  34|0x000000070c400000, 0x000000070c400000, 0x000000070c500000|  0%| F|  |TAMS 0x000000070c400000, 0x000000070c400000| Untracked 
|  35|0x000000070c500000, 0x000000070c500000, 0x000000070c600000|  0%| F|  |TAMS 0x000000070c500000, 0x000000070c500000| Untracked 
|  36|0x000000070c600000, 0x000000070c600000, 0x000000070c700000|  0%| F|  |TAMS 0x000000070c600000, 0x000000070c600000| Untracked 
|  37|0x000000070c700000, 0x000000070c700000, 0x000000070c800000|  0%| F|  |TAMS 0x000000070c700000, 0x000000070c700000| Untracked 
|  38|0x000000070c800000, 0x000000070c800000, 0x000000070c900000|  0%| F|  |TAMS 0x000000070c800000, 0x000000070c800000| Untracked 
|  39|0x000000070c900000, 0x000000070c900000, 0x000000070ca00000|  0%| F|  |TAMS 0x000000070c900000, 0x000000070c900000| Untracked 
|  40|0x000000070ca00000, 0x000000070ca00000, 0x000000070cb00000|  0%| F|  |TAMS 0x000000070ca00000, 0x000000070ca00000| Untracked 
|  41|0x000000070cb00000, 0x000000070cb00000, 0x000000070cc00000|  0%| F|  |TAMS 0x000000070cb00000, 0x000000070cb00000| Untracked 
|  42|0x000000070cc00000, 0x000000070cc00000, 0x000000070cd00000|  0%| F|  |TAMS 0x000000070cc00000, 0x000000070cc00000| Untracked 
|  43|0x000000070cd00000, 0x000000070cd00000, 0x000000070ce00000|  0%| F|  |TAMS 0x000000070cd00000, 0x000000070cd00000| Untracked 
|  44|0x000000070ce00000, 0x000000070ce00000, 0x000000070cf00000|  0%| F|  |TAMS 0x000000070ce00000, 0x000000070ce00000| Untracked 
|  45|0x000000070cf00000, 0x000000070cf00000, 0x000000070d000000|  0%| F|  |TAMS 0x000000070cf00000, 0x000000070cf00000| Untracked 
|  46|0x000000070d000000, 0x000000070d000000, 0x000000070d100000|  0%| F|  |TAMS 0x000000070d000000, 0x000000070d000000| Untracked 
|  47|0x000000070d100000, 0x000000070d100000, 0x000000070d200000|  0%| F|  |TAMS 0x000000070d100000, 0x000000070d100000| Untracked 
|  48|0x000000070d200000, 0x000000070d200000, 0x000000070d300000|  0%| F|  |TAMS 0x000000070d200000, 0x000000070d200000| Untracked 
|  49|0x000000070d300000, 0x000000070d300000, 0x000000070d400000|  0%| F|  |TAMS 0x000000070d300000, 0x000000070d300000| Untracked 
|  50|0x000000070d400000, 0x000000070d400000, 0x000000070d500000|  0%| F|  |TAMS 0x000000070d400000, 0x000000070d400000| Untracked 
|  51|0x000000070d500000, 0x000000070d500000, 0x000000070d600000|  0%| F|  |TAMS 0x000000070d500000, 0x000000070d500000| Untracked 
|  52|0x000000070d600000, 0x000000070d600000, 0x000000070d700000|  0%| F|  |TAMS 0x000000070d600000, 0x000000070d600000| Untracked 
|  53|0x000000070d700000, 0x000000070d700000, 0x000000070d800000|  0%| F|  |TAMS 0x000000070d700000, 0x000000070d700000| Untracked 
|  54|0x000000070d800000, 0x000000070d800000, 0x000000070d900000|  0%| F|  |TAMS 0x000000070d800000, 0x000000070d800000| Untracked 
|  55|0x000000070d900000, 0x000000070d900000, 0x000000070da00000|  0%| F|  |TAMS 0x000000070d900000, 0x000000070d900000| Untracked 
|  56|0x000000070da00000, 0x000000070da00000, 0x000000070db00000|  0%| F|  |TAMS 0x000000070da00000, 0x000000070da00000| Untracked 
|  57|0x000000070db00000, 0x000000070db00000, 0x000000070dc00000|  0%| F|  |TAMS 0x000000070db00000, 0x000000070db00000| Untracked 
|  58|0x000000070dc00000, 0x000000070dc00000, 0x000000070dd00000|  0%| F|  |TAMS 0x000000070dc00000, 0x000000070dc00000| Untracked 
|  59|0x000000070dd00000, 0x000000070dd00000, 0x000000070de00000|  0%| F|  |TAMS 0x000000070dd00000, 0x000000070dd00000| Untracked 
|  60|0x000000070de00000, 0x000000070de00000, 0x000000070df00000|  0%| F|  |TAMS 0x000000070de00000, 0x000000070de00000| Untracked 
|  61|0x000000070df00000, 0x000000070df00000, 0x000000070e000000|  0%| F|  |TAMS 0x000000070df00000, 0x000000070df00000| Untracked 
|  62|0x000000070e000000, 0x000000070e000000, 0x000000070e100000|  0%| F|  |TAMS 0x000000070e000000, 0x000000070e000000| Untracked 
|  63|0x000000070e100000, 0x000000070e100000, 0x000000070e200000|  0%| F|  |TAMS 0x000000070e100000, 0x000000070e100000| Untracked 
|  64|0x000000070e200000, 0x000000070e200000, 0x000000070e300000|  0%| F|  |TAMS 0x000000070e200000, 0x000000070e200000| Untracked 
|  65|0x000000070e300000, 0x000000070e300000, 0x000000070e400000|  0%| F|  |TAMS 0x000000070e300000, 0x000000070e300000| Untracked 
|  66|0x000000070e400000, 0x000000070e400000, 0x000000070e500000|  0%| F|  |TAMS 0x000000070e400000, 0x000000070e400000| Untracked 
|  67|0x000000070e500000, 0x000000070e500000, 0x000000070e600000|  0%| F|  |TAMS 0x000000070e500000, 0x000000070e500000| Untracked 
|  68|0x000000070e600000, 0x000000070e600000, 0x000000070e700000|  0%| F|  |TAMS 0x000000070e600000, 0x000000070e600000| Untracked 
|  69|0x000000070e700000, 0x000000070e700000, 0x000000070e800000|  0%| F|  |TAMS 0x000000070e700000, 0x000000070e700000| Untracked 
|  70|0x000000070e800000, 0x000000070e800000, 0x000000070e900000|  0%| F|  |TAMS 0x000000070e800000, 0x000000070e800000| Untracked 
|  71|0x000000070e900000, 0x000000070e900000, 0x000000070ea00000|  0%| F|  |TAMS 0x000000070e900000, 0x000000070e900000| Untracked 
|  72|0x000000070ea00000, 0x000000070ea00000, 0x000000070eb00000|  0%| F|  |TAMS 0x000000070ea00000, 0x000000070ea00000| Untracked 
|  73|0x000000070eb00000, 0x000000070eb00000, 0x000000070ec00000|  0%| F|  |TAMS 0x000000070eb00000, 0x000000070eb00000| Untracked 
|  74|0x000000070ec00000, 0x000000070ec00000, 0x000000070ed00000|  0%| F|  |TAMS 0x000000070ec00000, 0x000000070ec00000| Untracked 
|  75|0x000000070ed00000, 0x000000070ed00000, 0x000000070ee00000|  0%| F|  |TAMS 0x000000070ed00000, 0x000000070ed00000| Untracked 
|  76|0x000000070ee00000, 0x000000070ee00000, 0x000000070ef00000|  0%| F|  |TAMS 0x000000070ee00000, 0x000000070ee00000| Untracked 
|  77|0x000000070ef00000, 0x000000070ef00000, 0x000000070f000000|  0%| F|  |TAMS 0x000000070ef00000, 0x000000070ef00000| Untracked 
|  78|0x000000070f000000, 0x000000070f000000, 0x000000070f100000|  0%| F|  |TAMS 0x000000070f000000, 0x000000070f000000| Untracked 
|  79|0x000000070f100000, 0x000000070f100000, 0x000000070f200000|  0%| F|  |TAMS 0x000000070f100000, 0x000000070f100000| Untracked 
|  80|0x000000070f200000, 0x000000070f200000, 0x000000070f300000|  0%| F|  |TAMS 0x000000070f200000, 0x000000070f200000| Untracked 
|  81|0x000000070f300000, 0x000000070f300000, 0x000000070f400000|  0%| F|  |TAMS 0x000000070f300000, 0x000000070f300000| Untracked 
|  82|0x000000070f400000, 0x000000070f400000, 0x000000070f500000|  0%| F|  |TAMS 0x000000070f400000, 0x000000070f400000| Untracked 
|  83|0x000000070f500000, 0x000000070f500000, 0x000000070f600000|  0%| F|  |TAMS 0x000000070f500000, 0x000000070f500000| Untracked 
|  84|0x000000070f600000, 0x000000070f600000, 0x000000070f700000|  0%| F|  |TAMS 0x000000070f600000, 0x000000070f600000| Untracked 
|  85|0x000000070f700000, 0x000000070f74eb40, 0x000000070f800000| 30%| S|CS|TAMS 0x000000070f700000, 0x000000070f700000| Complete 
|  86|0x000000070f800000, 0x000000070f900000, 0x000000070f900000|100%| S|CS|TAMS 0x000000070f800000, 0x000000070f800000| Complete 
|  87|0x000000070f900000, 0x000000070fa00000, 0x000000070fa00000|100%| S|CS|TAMS 0x000000070f900000, 0x000000070f900000| Complete 
|  88|0x000000070fa00000, 0x000000070fb00000, 0x000000070fb00000|100%| S|CS|TAMS 0x000000070fa00000, 0x000000070fa00000| Complete 
|  89|0x000000070fb00000, 0x000000070fc00000, 0x000000070fc00000|100%| S|CS|TAMS 0x000000070fb00000, 0x000000070fb00000| Complete 
|  90|0x000000070fc00000, 0x000000070fd00000, 0x000000070fd00000|100%| S|CS|TAMS 0x000000070fc00000, 0x000000070fc00000| Complete 
|  91|0x000000070fd00000, 0x000000070fe00000, 0x000000070fe00000|100%| S|CS|TAMS 0x000000070fd00000, 0x000000070fd00000| Complete 
|  92|0x000000070fe00000, 0x000000070ff00000, 0x000000070ff00000|100%| S|CS|TAMS 0x000000070fe00000, 0x000000070fe00000| Complete 
|  93|0x000000070ff00000, 0x0000000710000000, 0x0000000710000000|100%| S|CS|TAMS 0x000000070ff00000, 0x000000070ff00000| Complete 
|  94|0x0000000710000000, 0x0000000710100000, 0x0000000710100000|100%| S|CS|TAMS 0x0000000710000000, 0x0000000710000000| Complete 
|  95|0x0000000710100000, 0x0000000710200000, 0x0000000710200000|100%| S|CS|TAMS 0x0000000710100000, 0x0000000710100000| Complete 
|  96|0x0000000710200000, 0x0000000710300000, 0x0000000710300000|100%| S|CS|TAMS 0x0000000710200000, 0x0000000710200000| Complete 
|  97|0x0000000710300000, 0x0000000710400000, 0x0000000710400000|100%| S|CS|TAMS 0x0000000710300000, 0x0000000710300000| Complete 
|  98|0x0000000710400000, 0x0000000710500000, 0x0000000710500000|100%| S|CS|TAMS 0x0000000710400000, 0x0000000710400000| Complete 
|  99|0x0000000710500000, 0x0000000710500000, 0x0000000710600000|  0%| F|  |TAMS 0x0000000710500000, 0x0000000710500000| Untracked 
| 100|0x0000000710600000, 0x0000000710600000, 0x0000000710700000|  0%| F|  |TAMS 0x0000000710600000, 0x0000000710600000| Untracked 
| 101|0x0000000710700000, 0x0000000710700000, 0x0000000710800000|  0%| F|  |TAMS 0x0000000710700000, 0x0000000710700000| Untracked 
| 102|0x0000000710800000, 0x0000000710800000, 0x0000000710900000|  0%| F|  |TAMS 0x0000000710800000, 0x0000000710800000| Untracked 
| 103|0x0000000710900000, 0x0000000710900000, 0x0000000710a00000|  0%| F|  |TAMS 0x0000000710900000, 0x0000000710900000| Untracked 
| 104|0x0000000710a00000, 0x0000000710a00000, 0x0000000710b00000|  0%| F|  |TAMS 0x0000000710a00000, 0x0000000710a00000| Untracked 
| 105|0x0000000710b00000, 0x0000000710b00000, 0x0000000710c00000|  0%| F|  |TAMS 0x0000000710b00000, 0x0000000710b00000| Untracked 
| 106|0x0000000710c00000, 0x0000000710c00000, 0x0000000710d00000|  0%| F|  |TAMS 0x0000000710c00000, 0x0000000710c00000| Untracked 
| 107|0x0000000710d00000, 0x0000000710d00000, 0x0000000710e00000|  0%| F|  |TAMS 0x0000000710d00000, 0x0000000710d00000| Untracked 
| 108|0x0000000710e00000, 0x0000000710e00000, 0x0000000710f00000|  0%| F|  |TAMS 0x0000000710e00000, 0x0000000710e00000| Untracked 
| 109|0x0000000710f00000, 0x0000000710f00000, 0x0000000711000000|  0%| F|  |TAMS 0x0000000710f00000, 0x0000000710f00000| Untracked 
| 110|0x0000000711000000, 0x0000000711000000, 0x0000000711100000|  0%| F|  |TAMS 0x0000000711000000, 0x0000000711000000| Untracked 
| 111|0x0000000711100000, 0x0000000711100000, 0x0000000711200000|  0%| F|  |TAMS 0x0000000711100000, 0x0000000711100000| Untracked 
| 112|0x0000000711200000, 0x0000000711200000, 0x0000000711300000|  0%| F|  |TAMS 0x0000000711200000, 0x0000000711200000| Untracked 
| 113|0x0000000711300000, 0x0000000711300000, 0x0000000711400000|  0%| F|  |TAMS 0x0000000711300000, 0x0000000711300000| Untracked 
| 114|0x0000000711400000, 0x0000000711400000, 0x0000000711500000|  0%| F|  |TAMS 0x0000000711400000, 0x0000000711400000| Untracked 
| 115|0x0000000711500000, 0x0000000711500000, 0x0000000711600000|  0%| F|  |TAMS 0x0000000711500000, 0x0000000711500000| Untracked 
| 116|0x0000000711600000, 0x0000000711600000, 0x0000000711700000|  0%| F|  |TAMS 0x0000000711600000, 0x0000000711600000| Untracked 
| 117|0x0000000711700000, 0x0000000711700000, 0x0000000711800000|  0%| F|  |TAMS 0x0000000711700000, 0x0000000711700000| Untracked 
| 118|0x0000000711800000, 0x0000000711800000, 0x0000000711900000|  0%| F|  |TAMS 0x0000000711800000, 0x0000000711800000| Untracked 
| 119|0x0000000711900000, 0x0000000711900000, 0x0000000711a00000|  0%| F|  |TAMS 0x0000000711900000, 0x0000000711900000| Untracked 
| 120|0x0000000711a00000, 0x0000000711a00000, 0x0000000711b00000|  0%| F|  |TAMS 0x0000000711a00000, 0x0000000711a00000| Untracked 
| 121|0x0000000711b00000, 0x0000000711b00000, 0x0000000711c00000|  0%| F|  |TAMS 0x0000000711b00000, 0x0000000711b00000| Untracked 
| 122|0x0000000711c00000, 0x0000000711c00000, 0x0000000711d00000|  0%| F|  |TAMS 0x0000000711c00000, 0x0000000711c00000| Untracked 
| 123|0x0000000711d00000, 0x0000000711d00000, 0x0000000711e00000|  0%| F|  |TAMS 0x0000000711d00000, 0x0000000711d00000| Untracked 
| 124|0x0000000711e00000, 0x0000000711e00000, 0x0000000711f00000|  0%| F|  |TAMS 0x0000000711e00000, 0x0000000711e00000| Untracked 
| 125|0x0000000711f00000, 0x0000000711f00000, 0x0000000712000000|  0%| F|  |TAMS 0x0000000711f00000, 0x0000000711f00000| Untracked 
| 126|0x0000000712000000, 0x0000000712000000, 0x0000000712100000|  0%| F|  |TAMS 0x0000000712000000, 0x0000000712000000| Untracked 
| 127|0x0000000712100000, 0x0000000712100000, 0x0000000712200000|  0%| F|  |TAMS 0x0000000712100000, 0x0000000712100000| Untracked 
| 128|0x0000000712200000, 0x0000000712200000, 0x0000000712300000|  0%| F|  |TAMS 0x0000000712200000, 0x0000000712200000| Untracked 
| 129|0x0000000712300000, 0x0000000712300000, 0x0000000712400000|  0%| F|  |TAMS 0x0000000712300000, 0x0000000712300000| Untracked 
| 130|0x0000000712400000, 0x0000000712400000, 0x0000000712500000|  0%| F|  |TAMS 0x0000000712400000, 0x0000000712400000| Untracked 
| 131|0x0000000712500000, 0x0000000712500000, 0x0000000712600000|  0%| F|  |TAMS 0x0000000712500000, 0x0000000712500000| Untracked 
| 132|0x0000000712600000, 0x0000000712600000, 0x0000000712700000|  0%| F|  |TAMS 0x0000000712600000, 0x0000000712600000| Untracked 
| 133|0x0000000712700000, 0x0000000712700000, 0x0000000712800000|  0%| F|  |TAMS 0x0000000712700000, 0x0000000712700000| Untracked 
| 134|0x0000000712800000, 0x0000000712800000, 0x0000000712900000|  0%| F|  |TAMS 0x0000000712800000, 0x0000000712800000| Untracked 
| 135|0x0000000712900000, 0x0000000712900000, 0x0000000712a00000|  0%| F|  |TAMS 0x0000000712900000, 0x0000000712900000| Untracked 
| 136|0x0000000712a00000, 0x0000000712a00000, 0x0000000712b00000|  0%| F|  |TAMS 0x0000000712a00000, 0x0000000712a00000| Untracked 
| 137|0x0000000712b00000, 0x0000000712b00000, 0x0000000712c00000|  0%| F|  |TAMS 0x0000000712b00000, 0x0000000712b00000| Untracked 
| 138|0x0000000712c00000, 0x0000000712c00000, 0x0000000712d00000|  0%| F|  |TAMS 0x0000000712c00000, 0x0000000712c00000| Untracked 
| 139|0x0000000712d00000, 0x0000000712d00000, 0x0000000712e00000|  0%| F|  |TAMS 0x0000000712d00000, 0x0000000712d00000| Untracked 
| 140|0x0000000712e00000, 0x0000000712e00000, 0x0000000712f00000|  0%| F|  |TAMS 0x0000000712e00000, 0x0000000712e00000| Untracked 
| 141|0x0000000712f00000, 0x0000000712f00000, 0x0000000713000000|  0%| F|  |TAMS 0x0000000712f00000, 0x0000000712f00000| Untracked 
| 142|0x0000000713000000, 0x0000000713000000, 0x0000000713100000|  0%| F|  |TAMS 0x0000000713000000, 0x0000000713000000| Untracked 
| 143|0x0000000713100000, 0x0000000713100000, 0x0000000713200000|  0%| F|  |TAMS 0x0000000713100000, 0x0000000713100000| Untracked 
| 144|0x0000000713200000, 0x0000000713200000, 0x0000000713300000|  0%| F|  |TAMS 0x0000000713200000, 0x0000000713200000| Untracked 
| 145|0x0000000713300000, 0x0000000713300000, 0x0000000713400000|  0%| F|  |TAMS 0x0000000713300000, 0x0000000713300000| Untracked 
| 146|0x0000000713400000, 0x0000000713400000, 0x0000000713500000|  0%| F|  |TAMS 0x0000000713400000, 0x0000000713400000| Untracked 
| 147|0x0000000713500000, 0x0000000713500000, 0x0000000713600000|  0%| F|  |TAMS 0x0000000713500000, 0x0000000713500000| Untracked 
| 148|0x0000000713600000, 0x0000000713600000, 0x0000000713700000|  0%| F|  |TAMS 0x0000000713600000, 0x0000000713600000| Untracked 
| 149|0x0000000713700000, 0x0000000713700000, 0x0000000713800000|  0%| F|  |TAMS 0x0000000713700000, 0x0000000713700000| Untracked 
| 150|0x0000000713800000, 0x0000000713800000, 0x0000000713900000|  0%| F|  |TAMS 0x0000000713800000, 0x0000000713800000| Untracked 
| 151|0x0000000713900000, 0x0000000713900000, 0x0000000713a00000|  0%| F|  |TAMS 0x0000000713900000, 0x0000000713900000| Untracked 
| 152|0x0000000713a00000, 0x0000000713a00000, 0x0000000713b00000|  0%| F|  |TAMS 0x0000000713a00000, 0x0000000713a00000| Untracked 
| 153|0x0000000713b00000, 0x0000000713b00000, 0x0000000713c00000|  0%| F|  |TAMS 0x0000000713b00000, 0x0000000713b00000| Untracked 
| 154|0x0000000713c00000, 0x0000000713c00000, 0x0000000713d00000|  0%| F|  |TAMS 0x0000000713c00000, 0x0000000713c00000| Untracked 
| 155|0x0000000713d00000, 0x0000000713d00000, 0x0000000713e00000|  0%| F|  |TAMS 0x0000000713d00000, 0x0000000713d00000| Untracked 
| 156|0x0000000713e00000, 0x0000000713e00000, 0x0000000713f00000|  0%| F|  |TAMS 0x0000000713e00000, 0x0000000713e00000| Untracked 
| 157|0x0000000713f00000, 0x0000000713f00000, 0x0000000714000000|  0%| F|  |TAMS 0x0000000713f00000, 0x0000000713f00000| Untracked 
| 158|0x0000000714000000, 0x0000000714000000, 0x0000000714100000|  0%| F|  |TAMS 0x0000000714000000, 0x0000000714000000| Untracked 
| 159|0x0000000714100000, 0x0000000714100000, 0x0000000714200000|  0%| F|  |TAMS 0x0000000714100000, 0x0000000714100000| Untracked 
| 160|0x0000000714200000, 0x0000000714200000, 0x0000000714300000|  0%| F|  |TAMS 0x0000000714200000, 0x0000000714200000| Untracked 
| 161|0x0000000714300000, 0x0000000714300000, 0x0000000714400000|  0%| F|  |TAMS 0x0000000714300000, 0x0000000714300000| Untracked 
| 162|0x0000000714400000, 0x0000000714400000, 0x0000000714500000|  0%| F|  |TAMS 0x0000000714400000, 0x0000000714400000| Untracked 
| 163|0x0000000714500000, 0x0000000714500000, 0x0000000714600000|  0%| F|  |TAMS 0x0000000714500000, 0x0000000714500000| Untracked 
| 164|0x0000000714600000, 0x0000000714600000, 0x0000000714700000|  0%| F|  |TAMS 0x0000000714600000, 0x0000000714600000| Untracked 
| 165|0x0000000714700000, 0x0000000714700000, 0x0000000714800000|  0%| F|  |TAMS 0x0000000714700000, 0x0000000714700000| Untracked 
| 166|0x0000000714800000, 0x0000000714800000, 0x0000000714900000|  0%| F|  |TAMS 0x0000000714800000, 0x0000000714800000| Untracked 
| 167|0x0000000714900000, 0x0000000714900000, 0x0000000714a00000|  0%| F|  |TAMS 0x0000000714900000, 0x0000000714900000| Untracked 
| 168|0x0000000714a00000, 0x0000000714a00000, 0x0000000714b00000|  0%| F|  |TAMS 0x0000000714a00000, 0x0000000714a00000| Untracked 
| 169|0x0000000714b00000, 0x0000000714b00000, 0x0000000714c00000|  0%| F|  |TAMS 0x0000000714b00000, 0x0000000714b00000| Untracked 
| 170|0x0000000714c00000, 0x0000000714c00000, 0x0000000714d00000|  0%| F|  |TAMS 0x0000000714c00000, 0x0000000714c00000| Untracked 
| 171|0x0000000714d00000, 0x0000000714d00000, 0x0000000714e00000|  0%| F|  |TAMS 0x0000000714d00000, 0x0000000714d00000| Untracked 
| 172|0x0000000714e00000, 0x0000000714e00000, 0x0000000714f00000|  0%| F|  |TAMS 0x0000000714e00000, 0x0000000714e00000| Untracked 
| 173|0x0000000714f00000, 0x0000000714f00000, 0x0000000715000000|  0%| F|  |TAMS 0x0000000714f00000, 0x0000000714f00000| Untracked 
| 174|0x0000000715000000, 0x0000000715000000, 0x0000000715100000|  0%| F|  |TAMS 0x0000000715000000, 0x0000000715000000| Untracked 
| 175|0x0000000715100000, 0x0000000715100000, 0x0000000715200000|  0%| F|  |TAMS 0x0000000715100000, 0x0000000715100000| Untracked 
| 176|0x0000000715200000, 0x0000000715200000, 0x0000000715300000|  0%| F|  |TAMS 0x0000000715200000, 0x0000000715200000| Untracked 
| 177|0x0000000715300000, 0x0000000715300000, 0x0000000715400000|  0%| F|  |TAMS 0x0000000715300000, 0x0000000715300000| Untracked 
| 178|0x0000000715400000, 0x0000000715400000, 0x0000000715500000|  0%| F|  |TAMS 0x0000000715400000, 0x0000000715400000| Untracked 
| 179|0x0000000715500000, 0x0000000715500000, 0x0000000715600000|  0%| F|  |TAMS 0x0000000715500000, 0x0000000715500000| Untracked 
| 180|0x0000000715600000, 0x0000000715600000, 0x0000000715700000|  0%| F|  |TAMS 0x0000000715600000, 0x0000000715600000| Untracked 
| 181|0x0000000715700000, 0x0000000715700000, 0x0000000715800000|  0%| F|  |TAMS 0x0000000715700000, 0x0000000715700000| Untracked 
| 182|0x0000000715800000, 0x0000000715800000, 0x0000000715900000|  0%| F|  |TAMS 0x0000000715800000, 0x0000000715800000| Untracked 
| 183|0x0000000715900000, 0x0000000715900000, 0x0000000715a00000|  0%| F|  |TAMS 0x0000000715900000, 0x0000000715900000| Untracked 
| 184|0x0000000715a00000, 0x0000000715a00000, 0x0000000715b00000|  0%| F|  |TAMS 0x0000000715a00000, 0x0000000715a00000| Untracked 
| 185|0x0000000715b00000, 0x0000000715b00000, 0x0000000715c00000|  0%| F|  |TAMS 0x0000000715b00000, 0x0000000715b00000| Untracked 
| 186|0x0000000715c00000, 0x0000000715c00000, 0x0000000715d00000|  0%| F|  |TAMS 0x0000000715c00000, 0x0000000715c00000| Untracked 
| 187|0x0000000715d00000, 0x0000000715d00000, 0x0000000715e00000|  0%| F|  |TAMS 0x0000000715d00000, 0x0000000715d00000| Untracked 
| 188|0x0000000715e00000, 0x0000000715e00000, 0x0000000715f00000|  0%| F|  |TAMS 0x0000000715e00000, 0x0000000715e00000| Untracked 
| 189|0x0000000715f00000, 0x0000000715f00000, 0x0000000716000000|  0%| F|  |TAMS 0x0000000715f00000, 0x0000000715f00000| Untracked 
| 190|0x0000000716000000, 0x0000000716000000, 0x0000000716100000|  0%| F|  |TAMS 0x0000000716000000, 0x0000000716000000| Untracked 
| 191|0x0000000716100000, 0x0000000716100000, 0x0000000716200000|  0%| F|  |TAMS 0x0000000716100000, 0x0000000716100000| Untracked 
| 192|0x0000000716200000, 0x0000000716200000, 0x0000000716300000|  0%| F|  |TAMS 0x0000000716200000, 0x0000000716200000| Untracked 
| 193|0x0000000716300000, 0x0000000716300000, 0x0000000716400000|  0%| F|  |TAMS 0x0000000716300000, 0x0000000716300000| Untracked 
| 194|0x0000000716400000, 0x0000000716400000, 0x0000000716500000|  0%| F|  |TAMS 0x0000000716400000, 0x0000000716400000| Untracked 
| 195|0x0000000716500000, 0x0000000716500000, 0x0000000716600000|  0%| F|  |TAMS 0x0000000716500000, 0x0000000716500000| Untracked 
| 196|0x0000000716600000, 0x0000000716600000, 0x0000000716700000|  0%| F|  |TAMS 0x0000000716600000, 0x0000000716600000| Untracked 
| 197|0x0000000716700000, 0x0000000716700000, 0x0000000716800000|  0%| F|  |TAMS 0x0000000716700000, 0x0000000716700000| Untracked 
| 198|0x0000000716800000, 0x0000000716800000, 0x0000000716900000|  0%| F|  |TAMS 0x0000000716800000, 0x0000000716800000| Untracked 
| 199|0x0000000716900000, 0x0000000716900000, 0x0000000716a00000|  0%| F|  |TAMS 0x0000000716900000, 0x0000000716900000| Untracked 
| 200|0x0000000716a00000, 0x0000000716a00000, 0x0000000716b00000|  0%| F|  |TAMS 0x0000000716a00000, 0x0000000716a00000| Untracked 
| 201|0x0000000716b00000, 0x0000000716b00000, 0x0000000716c00000|  0%| F|  |TAMS 0x0000000716b00000, 0x0000000716b00000| Untracked 
| 202|0x0000000716c00000, 0x0000000716c00000, 0x0000000716d00000|  0%| F|  |TAMS 0x0000000716c00000, 0x0000000716c00000| Untracked 
| 203|0x0000000716d00000, 0x0000000716d00000, 0x0000000716e00000|  0%| F|  |TAMS 0x0000000716d00000, 0x0000000716d00000| Untracked 
| 204|0x0000000716e00000, 0x0000000716e00000, 0x0000000716f00000|  0%| F|  |TAMS 0x0000000716e00000, 0x0000000716e00000| Untracked 
| 205|0x0000000716f00000, 0x0000000716f00000, 0x0000000717000000|  0%| F|  |TAMS 0x0000000716f00000, 0x0000000716f00000| Untracked 
| 206|0x0000000717000000, 0x0000000717000000, 0x0000000717100000|  0%| F|  |TAMS 0x0000000717000000, 0x0000000717000000| Untracked 
| 207|0x0000000717100000, 0x0000000717100000, 0x0000000717200000|  0%| F|  |TAMS 0x0000000717100000, 0x0000000717100000| Untracked 
| 208|0x0000000717200000, 0x0000000717200000, 0x0000000717300000|  0%| F|  |TAMS 0x0000000717200000, 0x0000000717200000| Untracked 
| 209|0x0000000717300000, 0x0000000717300000, 0x0000000717400000|  0%| F|  |TAMS 0x0000000717300000, 0x0000000717300000| Untracked 
| 210|0x0000000717400000, 0x0000000717400000, 0x0000000717500000|  0%| F|  |TAMS 0x0000000717400000, 0x0000000717400000| Untracked 
| 211|0x0000000717500000, 0x0000000717500000, 0x0000000717600000|  0%| F|  |TAMS 0x0000000717500000, 0x0000000717500000| Untracked 
| 212|0x0000000717600000, 0x0000000717600000, 0x0000000717700000|  0%| F|  |TAMS 0x0000000717600000, 0x0000000717600000| Untracked 
| 213|0x0000000717700000, 0x0000000717700000, 0x0000000717800000|  0%| F|  |TAMS 0x0000000717700000, 0x0000000717700000| Untracked 
| 214|0x0000000717800000, 0x0000000717800000, 0x0000000717900000|  0%| F|  |TAMS 0x0000000717800000, 0x0000000717800000| Untracked 
| 215|0x0000000717900000, 0x0000000717900000, 0x0000000717a00000|  0%| F|  |TAMS 0x0000000717900000, 0x0000000717900000| Untracked 
| 216|0x0000000717a00000, 0x0000000717a00000, 0x0000000717b00000|  0%| F|  |TAMS 0x0000000717a00000, 0x0000000717a00000| Untracked 
| 217|0x0000000717b00000, 0x0000000717b00000, 0x0000000717c00000|  0%| F|  |TAMS 0x0000000717b00000, 0x0000000717b00000| Untracked 
| 218|0x0000000717c00000, 0x0000000717c00000, 0x0000000717d00000|  0%| F|  |TAMS 0x0000000717c00000, 0x0000000717c00000| Untracked 
| 219|0x0000000717d00000, 0x0000000717d00000, 0x0000000717e00000|  0%| F|  |TAMS 0x0000000717d00000, 0x0000000717d00000| Untracked 
| 220|0x0000000717e00000, 0x0000000717f00000, 0x0000000717f00000|100%| E|  |TAMS 0x0000000717e00000, 0x0000000717e00000| Complete 
| 221|0x0000000717f00000, 0x0000000718000000, 0x0000000718000000|100%| E|CS|TAMS 0x0000000717f00000, 0x0000000717f00000| Complete 
| 222|0x0000000718000000, 0x0000000718100000, 0x0000000718100000|100%| E|CS|TAMS 0x0000000718000000, 0x0000000718000000| Complete 
| 223|0x0000000718100000, 0x0000000718200000, 0x0000000718200000|100%| E|CS|TAMS 0x0000000718100000, 0x0000000718100000| Complete 
| 224|0x0000000718200000, 0x0000000718300000, 0x0000000718300000|100%| E|CS|TAMS 0x0000000718200000, 0x0000000718200000| Complete 
| 225|0x0000000718300000, 0x0000000718400000, 0x0000000718400000|100%| E|CS|TAMS 0x0000000718300000, 0x0000000718300000| Complete 
| 226|0x0000000718400000, 0x0000000718500000, 0x0000000718500000|100%| E|CS|TAMS 0x0000000718400000, 0x0000000718400000| Complete 
| 227|0x0000000718500000, 0x0000000718600000, 0x0000000718600000|100%| E|CS|TAMS 0x0000000718500000, 0x0000000718500000| Complete 
| 228|0x0000000718600000, 0x0000000718700000, 0x0000000718700000|100%| E|CS|TAMS 0x0000000718600000, 0x0000000718600000| Complete 
| 229|0x0000000718700000, 0x0000000718800000, 0x0000000718800000|100%| E|CS|TAMS 0x0000000718700000, 0x0000000718700000| Complete 
| 230|0x0000000718800000, 0x0000000718900000, 0x0000000718900000|100%| E|CS|TAMS 0x0000000718800000, 0x0000000718800000| Complete 
| 231|0x0000000718900000, 0x0000000718a00000, 0x0000000718a00000|100%| E|CS|TAMS 0x0000000718900000, 0x0000000718900000| Complete 
| 232|0x0000000718a00000, 0x0000000718b00000, 0x0000000718b00000|100%| E|CS|TAMS 0x0000000718a00000, 0x0000000718a00000| Complete 
| 233|0x0000000718b00000, 0x0000000718c00000, 0x0000000718c00000|100%| E|CS|TAMS 0x0000000718b00000, 0x0000000718b00000| Complete 
| 234|0x0000000718c00000, 0x0000000718d00000, 0x0000000718d00000|100%| E|CS|TAMS 0x0000000718c00000, 0x0000000718c00000| Complete 
| 235|0x0000000718d00000, 0x0000000718e00000, 0x0000000718e00000|100%| E|CS|TAMS 0x0000000718d00000, 0x0000000718d00000| Complete 
| 236|0x0000000718e00000, 0x0000000718f00000, 0x0000000718f00000|100%| E|CS|TAMS 0x0000000718e00000, 0x0000000718e00000| Complete 
| 237|0x0000000718f00000, 0x0000000719000000, 0x0000000719000000|100%| E|CS|TAMS 0x0000000718f00000, 0x0000000718f00000| Complete 
| 238|0x0000000719000000, 0x0000000719100000, 0x0000000719100000|100%| E|CS|TAMS 0x0000000719000000, 0x0000000719000000| Complete 
| 239|0x0000000719100000, 0x0000000719200000, 0x0000000719200000|100%| E|CS|TAMS 0x0000000719100000, 0x0000000719100000| Complete 
| 240|0x0000000719200000, 0x0000000719300000, 0x0000000719300000|100%| E|CS|TAMS 0x0000000719200000, 0x0000000719200000| Complete 
| 241|0x0000000719300000, 0x0000000719400000, 0x0000000719400000|100%| E|CS|TAMS 0x0000000719300000, 0x0000000719300000| Complete 
| 242|0x0000000719400000, 0x0000000719500000, 0x0000000719500000|100%| E|CS|TAMS 0x0000000719400000, 0x0000000719400000| Complete 
| 243|0x0000000719500000, 0x0000000719600000, 0x0000000719600000|100%| E|CS|TAMS 0x0000000719500000, 0x0000000719500000| Complete 
| 244|0x0000000719600000, 0x0000000719700000, 0x0000000719700000|100%| E|CS|TAMS 0x0000000719600000, 0x0000000719600000| Complete 
| 245|0x0000000719700000, 0x0000000719800000, 0x0000000719800000|100%| E|CS|TAMS 0x0000000719700000, 0x0000000719700000| Complete 

Card table byte_map: [0x0000020076450000,0x0000020076c00000] _byte_map_base: 0x0000020072bff000

Marking Bits (Prev, Next): (CMBitMap*) 0x000002006ade76f8, (CMBitMap*) 0x000002006ade7730
 Prev Bits: [0x00000200773b0000, 0x000002007b128000)
 Next Bits: [0x000002007b130000, 0x000002007eea8000)

Polling page: 0x000002006ae40000

Metaspace:

Usage:
  Non-class:     47.31 MB capacity,    46.43 MB ( 98%) used,   714.69 KB (  1%) free+waste,   186.00 KB ( <1%) overhead. 
      Class:      6.73 MB capacity,     6.13 MB ( 91%) used,   528.41 KB (  8%) free+waste,    86.44 KB (  1%) overhead. 
       Both:     54.04 MB capacity,    52.56 MB ( 97%) used,     1.21 MB (  2%) free+waste,   272.44 KB ( <1%) overhead. 

Virtual space:
  Non-class space:       48.00 MB reserved,      47.42 MB ( 99%) committed 
      Class space:        1.00 GB reserved,       6.75 MB ( <1%) committed 
             Both:        1.05 GB reserved,      54.17 MB (  5%) committed 

Chunk freelists:
   Non-Class:  51.00 KB
       Class:  0 bytes
        Both:  51.00 KB

MaxMetaspaceSize: 17179869184.00 GB
CompressedClassSpaceSize: 1.00 GB
Initial GC threshold: 20.80 MB
Current GC threshold: 58.83 MB
CDS: off

CodeHeap 'non-profiled nmethods': size=119168Kb used=4078Kb max_used=4078Kb free=115089Kb
 bounds [0x0000020007ba0000, 0x0000020007fa0000, 0x000002000f000000]
CodeHeap 'profiled nmethods': size=119168Kb used=12508Kb max_used=12508Kb free=106659Kb
 bounds [0x0000020000740000, 0x0000020001380000, 0x0000020007ba0000]
CodeHeap 'non-nmethods': size=7424Kb used=3026Kb max_used=3117Kb free=4397Kb
 bounds [0x0000020000000000, 0x0000020000320000, 0x0000020000740000]
 total_blobs=5636 nmethods=5092 adapters=461
 compilation: enabled
              stopped_count=0, restarted_count=0
 full_count=0

Compilation events (20 events):
Event: 6.018 Thread 0x0000020011cce800 5029       3       org.springframework.util.ReflectionUtils::makeAccessible (36 bytes)
Event: 6.019 Thread 0x0000020011cce800 nmethod 5029 0x0000020001340290 code [0x00000200013404e0, 0x0000020001340d98]
Event: 6.026 Thread 0x0000020014afc000 nmethod 5017 0x0000020007f65b90 code [0x0000020007f65d80, 0x0000020007f669e8]
Event: 6.026 Thread 0x0000020014afc000 5018       4       java.util.stream.ReferencePipeline::filter (22 bytes)
Event: 6.031 Thread 0x0000020014afc000 nmethod 5018 0x0000020007f66e90 code [0x0000020007f67040, 0x0000020007f67438]
Event: 6.031 Thread 0x0000020014afc000 5019       4       java.util.stream.ReferencePipeline$2::opWrapSink (10 bytes)
Event: 6.033 Thread 0x0000020014afc000 nmethod 5019 0x0000020007f67610 code [0x0000020007f677c0, 0x0000020007f679b8]
Event: 6.033 Thread 0x0000020014afc000 5020       4       java.util.stream.ReferencePipeline$2$1::begin (13 bytes)
Event: 6.033 Thread 0x0000020014afc000 nmethod 5020 0x0000020007f67b10 code [0x0000020007f67ca0, 0x0000020007f67d38]
Event: 6.034 Thread 0x0000020014afc000 5026       4       java.util.stream.SortedOps$OfRef::opWrapSink (60 bytes)
Event: 6.034 Thread 0x0000020011b25800 5030       3       org.springframework.core.ResolvableType::resolveClass (73 bytes)
Event: 6.034 Thread 0x0000020011ccf800 5031       3       org.springframework.core.MethodParameter::getGenericParameterType (147 bytes)
Event: 6.034 Thread 0x0000020011cd5000 5032       1       sun.reflect.generics.tree.MethodTypeSignature::getParameterTypes (5 bytes)
Event: 6.035 Thread 0x0000020011b25800 nmethod 5030 0x0000020001341090 code [0x00000200013412a0, 0x0000020001341bc8]
Event: 6.035 Thread 0x0000020011cd5000 nmethod 5032 0x0000020007f67e10 code [0x0000020007f67fc0, 0x0000020007f68078]
Event: 6.036 Thread 0x0000020011ccf800 nmethod 5031 0x0000020001341d90 code [0x0000020001342140, 0x0000020001343f78]
Event: 6.037 Thread 0x0000020014afc000 nmethod 5026 0x0000020007f68110 code [0x0000020007f682e0, 0x0000020007f68708]
Event: 6.037 Thread 0x0000020014afc000 5033   !   4       java.lang.reflect.Executable::declaredAnnotations (85 bytes)
Event: 6.041 Thread 0x0000020011b1b800 nmethod 4993 0x0000020007f68910 code [0x0000020007f68be0, 0x0000020007f6c938]
Event: 6.041 Thread 0x0000020011b1b800 4992       4       java.util.StringJoiner::<init> (56 bytes)

GC Heap History (12 events):
Event: 1.001 GC heap before
{Heap before GC invocations=0 (full 0):
 garbage-first heap   total 251904K, used 23552K [0x000000070a200000, 0x0000000800000000)
  region size 1024K, 24 young (24576K), 0 survivors (0K)
 Metaspace       used 11001K, capacity 11169K, committed 11392K, reserved 1058816K
  class space    used 1009K, capacity 1067K, committed 1152K, reserved 1048576K
}
Event: 1.005 GC heap after
{Heap after GC invocations=1 (full 0):
 garbage-first heap   total 251904K, used 5625K [0x000000070a200000, 0x0000000800000000)
  region size 1024K, 3 young (3072K), 3 survivors (3072K)
 Metaspace       used 11001K, capacity 11169K, committed 11392K, reserved 1058816K
  class space    used 1009K, capacity 1067K, committed 1152K, reserved 1048576K
}
Event: 1.838 GC heap before
{Heap before GC invocations=1 (full 0):
 garbage-first heap   total 251904K, used 55801K [0x000000070a200000, 0x0000000800000000)
  region size 1024K, 53 young (54272K), 3 survivors (3072K)
 Metaspace       used 20649K, capacity 21138K, committed 21296K, reserved 1069056K
  class space    used 2202K, capacity 2384K, committed 2432K, reserved 1048576K
}
Event: 1.845 GC heap after
{Heap after GC invocations=2 (full 0):
 garbage-first heap   total 251904K, used 7973K [0x000000070a200000, 0x0000000800000000)
  region size 1024K, 6 young (6144K), 6 survivors (6144K)
 Metaspace       used 20649K, capacity 21138K, committed 21296K, reserved 1069056K
  class space    used 2202K, capacity 2384K, committed 2432K, reserved 1048576K
}
Event: 2.381 GC heap before
{Heap before GC invocations=3 (full 0):
 garbage-first heap   total 251904K, used 58149K [0x000000070a200000, 0x0000000800000000)
  region size 1024K, 56 young (57344K), 6 survivors (6144K)
 Metaspace       used 26895K, capacity 27611K, committed 27824K, reserved 1073152K
  class space    used 2951K, capacity 3216K, committed 3328K, reserved 1048576K
}
Event: 2.386 GC heap after
{Heap after GC invocations=4 (full 0):
 garbage-first heap   total 251904K, used 10036K [0x000000070a200000, 0x0000000800000000)
  region size 1024K, 5 young (5120K), 5 survivors (5120K)
 Metaspace       used 26895K, capacity 27611K, committed 27824K, reserved 1073152K
  class space    used 2951K, capacity 3216K, committed 3328K, reserved 1048576K
}
Event: 3.370 GC heap before
{Heap before GC invocations=4 (full 0):
 garbage-first heap   total 251904K, used 82740K [0x000000070a200000, 0x0000000800000000)
  region size 1024K, 77 young (78848K), 5 survivors (5120K)
 Metaspace       used 33856K, capacity 34681K, committed 34864K, reserved 1079296K
  class space    used 3803K, capacity 4128K, committed 4224K, reserved 1048576K
}
Event: 3.376 GC heap after
{Heap after GC invocations=5 (full 0):
 garbage-first heap   total 251904K, used 12179K [0x000000070a200000, 0x0000000800000000)
  region size 1024K, 7 young (7168K), 7 survivors (7168K)
 Metaspace       used 33856K, capacity 34681K, committed 34864K, reserved 1079296K
  class space    used 3803K, capacity 4128K, committed 4224K, reserved 1048576K
}
Event: 3.498 GC heap before
{Heap before GC invocations=5 (full 0):
 garbage-first heap   total 251904K, used 22419K [0x000000070a200000, 0x0000000800000000)
  region size 1024K, 18 young (18432K), 7 survivors (7168K)
 Metaspace       used 34864K, capacity 35720K, committed 35888K, reserved 1081344K
  class space    used 4020K, capacity 4371K, committed 4480K, reserved 1048576K
}
Event: 3.505 GC heap after
{Heap after GC invocations=6 (full 0):
 garbage-first heap   total 251904K, used 12746K [0x000000070a200000, 0x0000000800000000)
  region size 1024K, 7 young (7168K), 7 survivors (7168K)
 Metaspace       used 34864K, capacity 35720K, committed 35888K, reserved 1081344K
  class space    used 4020K, capacity 4371K, committed 4480K, reserved 1048576K
}
Event: 5.652 GC heap before
{Heap before GC invocations=7 (full 0):
 garbage-first heap   total 251904K, used 156106K [0x000000070a200000, 0x0000000800000000)
  region size 1024K, 147 young (150528K), 7 survivors (7168K)
 Metaspace       used 51893K, capacity 53292K, committed 53424K, reserved 1095680K
  class space    used 6032K, capacity 6580K, committed 6656K, reserved 1048576K
}
Event: 5.663 GC heap after
{Heap after GC invocations=8 (full 0):
 garbage-first heap   total 251904K, used 19204K [0x000000070a200000, 0x0000000800000000)
  region size 1024K, 14 young (14336K), 14 survivors (14336K)
 Metaspace       used 51893K, capacity 53292K, committed 53424K, reserved 1095680K
  class space    used 6032K, capacity 6580K, committed 6656K, reserved 1048576K
}

Deoptimization events (20 events):
Event: 5.985 Thread 0x000002006ad84000 DEOPT PACKING pc=0x0000020000caf644 sp=0x000000660c1fd2a0
Event: 5.985 Thread 0x000002006ad84000 DEOPT UNPACKING pc=0x000002000004a95e sp=0x000000660c1fc838 mode 1
Event: 5.986 Thread 0x000002006ad84000 DEOPT PACKING pc=0x0000020007d64bf4 sp=0x000000660c1fd310
Event: 5.986 Thread 0x000002006ad84000 DEOPT UNPACKING pc=0x000002000004a95e sp=0x000000660c1fc7a0 mode 1
Event: 5.999 Thread 0x000002006ad84000 DEOPT PACKING pc=0x0000020000c15954 sp=0x000000660c1fe310
Event: 5.999 Thread 0x000002006ad84000 DEOPT UNPACKING pc=0x000002000004a95e sp=0x000000660c1fd848 mode 1
Event: 5.999 Thread 0x000002006ad84000 DEOPT PACKING pc=0x0000020000c15954 sp=0x000000660c1fe310
Event: 5.999 Thread 0x000002006ad84000 DEOPT UNPACKING pc=0x000002000004a95e sp=0x000000660c1fd848 mode 1
Event: 6.002 Thread 0x000002006ad84000 DEOPT PACKING pc=0x0000020000c15954 sp=0x000000660c1fe310
Event: 6.002 Thread 0x000002006ad84000 DEOPT UNPACKING pc=0x000002000004a95e sp=0x000000660c1fd848 mode 1
Event: 6.002 Thread 0x000002006ad84000 DEOPT PACKING pc=0x0000020000c15954 sp=0x000000660c1fe310
Event: 6.002 Thread 0x000002006ad84000 DEOPT UNPACKING pc=0x000002000004a95e sp=0x000000660c1fd848 mode 1
Event: 6.005 Thread 0x000002006ad84000 DEOPT PACKING pc=0x0000020000c15954 sp=0x000000660c1fe310
Event: 6.005 Thread 0x000002006ad84000 DEOPT UNPACKING pc=0x000002000004a95e sp=0x000000660c1fd848 mode 1
Event: 6.005 Thread 0x000002006ad84000 DEOPT PACKING pc=0x0000020000c15954 sp=0x000000660c1fe310
Event: 6.005 Thread 0x000002006ad84000 DEOPT UNPACKING pc=0x000002000004a95e sp=0x000000660c1fd848 mode 1
Event: 6.009 Thread 0x000002006ad84000 DEOPT PACKING pc=0x0000020000c15954 sp=0x000000660c1fe310
Event: 6.009 Thread 0x000002006ad84000 DEOPT UNPACKING pc=0x000002000004a95e sp=0x000000660c1fd848 mode 1
Event: 6.009 Thread 0x000002006ad84000 DEOPT PACKING pc=0x0000020000c15954 sp=0x000000660c1fe310
Event: 6.010 Thread 0x000002006ad84000 DEOPT UNPACKING pc=0x000002000004a95e sp=0x000000660c1fd848 mode 1

Classes redefined (0 events):
No events

Internal exceptions (20 events):
Event: 4.868 Thread 0x000002006ad84000 Exception <a 'java/lang/ClassNotFoundException'{0x0000000713b5eb48}: org/springframework/beans/factory/FactoryBeanCustomizer> (0x0000000713b5eb48) thrown at [s\src\hotspot\share\classfile\systemDictionary.cpp, line 230]
Event: 4.869 Thread 0x000002006ad84000 Exception <a 'java/lang/ClassNotFoundException'{0x0000000713b71c28}: org/springframework/beans/factory/InitializingBeanCustomizer> (0x0000000713b71c28) thrown at [s\src\hotspot\share\classfile\systemDictionary.cpp, line 230]
Event: 4.870 Thread 0x000002006ad84000 Exception <a 'java/lang/ClassNotFoundException'{0x0000000713b82588}: org/springframework/context/ApplicationListenerCustomizer> (0x0000000713b82588) thrown at [s\src\hotspot\share\classfile\systemDictionary.cpp, line 230]
Event: 4.870 Thread 0x000002006ad84000 Exception <a 'java/lang/ClassNotFoundException'{0x0000000713b86e88}: java/util/EventListenerCustomizer> (0x0000000713b86e88) thrown at [s\src\hotspot\share\classfile\systemDictionary.cpp, line 230]
Event: 5.360 Thread 0x000002006ad84000 Exception <a 'java/lang/NoSuchMethodError'{0x000000071191f560}: 'java.lang.Object java.lang.invoke.DirectMethodHandle$Holder.invokeStatic(java.lang.Object, long)'> (0x000000071191f560) thrown at [s\src\hotspot\share\interpreter\linkResolver.cpp, line 773]
Event: 5.360 Thread 0x000002006ad84000 Exception <a 'java/lang/NoSuchMethodError'{0x0000000711924f80}: 'java.lang.Object java.lang.invoke.DirectMethodHandle$Holder.invokeStaticInit(java.lang.Object, long)'> (0x0000000711924f80) thrown at [s\src\hotspot\share\interpreter\linkResolver.cpp, line 773]
Event: 5.477 Thread 0x000002006ad84000 Exception <a 'java/lang/IncompatibleClassChangeError'{0x0000000710e497f8}: Found class java.lang.Object, but interface was expected> (0x0000000710e497f8) thrown at [s\src\hotspot\share\interpreter\linkResolver.cpp, line 839]
Event: 5.519 Thread 0x000002006ad84000 Exception <a 'java/lang/IncompatibleClassChangeError'{0x0000000710cc3918}: Found class java.lang.Object, but interface was expected> (0x0000000710cc3918) thrown at [s\src\hotspot\share\interpreter\linkResolver.cpp, line 839]
Event: 5.617 Thread 0x000002006ad84000 Exception <a 'java/lang/ClassNotFoundException'{0x00000007107b33e8}: java/lang/ObjectCustomizer> (0x00000007107b33e8) thrown at [s\src\hotspot\share\classfile\systemDictionary.cpp, line 230]
Event: 5.618 Thread 0x000002006ad84000 Exception <a 'java/lang/ClassNotFoundException'{0x00000007107c9a20}: org/springframework/web/servlet/config/annotation/WebMvcConfigurationSupportCustomizer> (0x00000007107c9a20) thrown at [s\src\hotspot\share\classfile\systemDictionary.cpp, line 230]
Event: 5.620 Thread 0x000002006ad84000 Exception <a 'java/lang/ClassNotFoundException'{0x00000007107ec5b8}: org/springframework/web/servlet/config/annotation/DelegatingWebMvcConfigurationCustomizer> (0x00000007107ec5b8) thrown at [s\src\hotspot\share\classfile\systemDictionary.cpp, line 230]
Event: 5.621 Thread 0x000002006ad84000 Exception <a 'java/lang/ClassNotFoundException'{0x00000007106072c8}: org/springframework/boot/autoconfigure/web/servlet/WebMvcAutoConfiguration$EnableWebMvcConfigurationCustomizer> (0x00000007106072c8) thrown at [s\src\hotspot\share\classfile\systemDictionary.cpp, line 230]
Event: 5.623 Thread 0x000002006ad84000 Exception <a 'java/lang/ClassNotFoundException'{0x0000000710624cd8}: org/springframework/context/ResourceLoaderAwareCustomizer> (0x0000000710624cd8) thrown at [s\src\hotspot\share\classfile\systemDictionary.cpp, line 230]
Event: 5.624 Thread 0x000002006ad84000 Exception <a 'java/lang/ClassNotFoundException'{0x0000000710634308}: org/springframework/beans/factory/AwareCustomizer> (0x0000000710634308) thrown at [s\src\hotspot\share\classfile\systemDictionary.cpp, line 230]
Event: 5.625 Thread 0x000002006ad84000 Exception <a 'java/lang/ClassNotFoundException'{0x0000000710644508}: org/springframework/context/ApplicationContextAwareCustomizer> (0x0000000710644508) thrown at [s\src\hotspot\share\classfile\systemDictionary.cpp, line 230]
Event: 5.626 Thread 0x000002006ad84000 Exception <a 'java/lang/ClassNotFoundException'{0x0000000710654090}: org/springframework/beans/factory/AwareCustomizer> (0x0000000710654090) thrown at [s\src\hotspot\share\classfile\systemDictionary.cpp, line 230]
Event: 5.627 Thread 0x000002006ad84000 Exception <a 'java/lang/ClassNotFoundException'{0x00000007106642a8}: org/springframework/web/context/ServletContextAwareCustomizer> (0x00000007106642a8) thrown at [s\src\hotspot\share\classfile\systemDictionary.cpp, line 230]
Event: 5.628 Thread 0x000002006ad84000 Exception <a 'java/lang/ClassNotFoundException'{0x0000000710673d40}: org/springframework/beans/factory/AwareCustomizer> (0x0000000710673d40) thrown at [s\src\hotspot\share\classfile\systemDictionary.cpp, line 230]
Event: 5.850 Thread 0x000002006ad84000 Exception <a 'java/lang/NoSuchMethodError'{0x0000000718c156b0}: 'void java.lang.invoke.DirectMethodHandle$Holder.invokeVirtual(java.lang.Object, java.lang.Object, int)'> (0x0000000718c156b0) thrown at [s\src\hotspot\share\interpreter\linkResolver.cpp, line 773]
Event: 5.854 Thread 0x000002006ad84000 Exception <a 'java/lang/NoSuchMethodError'{0x0000000718c2f4a8}: 'void java.lang.invoke.DirectMethodHandle$Holder.invokeVirtual(java.lang.Object, java.lang.Object, long)'> (0x0000000718c2f4a8) thrown at [s\src\hotspot\share\interpreter\linkResolver.cpp, line 773]

Events (20 events):
Event: 6.029 loading class org/springframework/web/servlet/mvc/condition/AbstractRequestCondition
Event: 6.029 loading class org/springframework/web/servlet/mvc/condition/AbstractRequestCondition done
Event: 6.030 loading class org/springframework/web/servlet/mvc/condition/PatternsRequestCondition
Event: 6.030 loading class org/springframework/web/servlet/mvc/condition/PatternsRequestCondition done
Event: 6.032 loading class org/springframework/web/util/pattern/PathPattern
Event: 6.032 loading class org/springframework/web/util/pattern/PathPattern done
Event: 6.036 loading class org/springframework/web/servlet/handler/AbstractHandlerMethodMapping
Event: 6.036 loading class org/springframework/web/servlet/handler/AbstractHandlerMethodMapping done
Event: 6.038 loading class org/springframework/web/servlet/mvc/method/RequestMappingInfo$Builder
Event: 6.038 loading class org/springframework/web/servlet/mvc/method/RequestMappingInfo$Builder done
Event: 6.039 loading class org/springframework/web/util/pattern/InternalPathPatternParser
Event: 6.039 loading class org/springframework/web/util/pattern/InternalPathPatternParser done
Event: 6.040 loading class org/springframework/web/util/pattern/PathElement
Event: 6.040 loading class org/springframework/web/util/pattern/PathElement done
Event: 6.040 loading class org/springframework/web/util/pattern/WildcardTheRestPathElement
Event: 6.040 loading class org/springframework/web/util/pattern/WildcardTheRestPathElement done
Event: 6.041 loading class org/springframework/web/util/pattern/SeparatorPathElement
Event: 6.041 loading class org/springframework/web/util/pattern/SeparatorPathElement done
Event: 6.042 loading class org/springframework/web/util/pattern/PatternParseException
Event: 6.042 loading class org/springframework/web/util/pattern/PatternParseException done


Dynamic libraries:
0x00007ff784940000 - 0x00007ff78494e000 	C:\Users\7000qwq\.jdks\corretto-11.0.24\bin\java.exe
0x00007ffe26df0000 - 0x00007ffe27007000 	C:\WINDOWS\SYSTEM32\ntdll.dll
0x00007ffe25f70000 - 0x00007ffe26034000 	C:\WINDOWS\System32\KERNEL32.DLL
0x00007ffe24270000 - 0x00007ffe24627000 	C:\WINDOWS\System32\KERNELBASE.dll
0x00007ffe248b0000 - 0x00007ffe249c1000 	C:\WINDOWS\System32\ucrtbase.dll
0x00007ffe120c0000 - 0x00007ffe120db000 	C:\Users\7000qwq\.jdks\corretto-11.0.24\bin\VCRUNTIME140.dll
0x00007ffe120e0000 - 0x00007ffe120f7000 	C:\Users\7000qwq\.jdks\corretto-11.0.24\bin\jli.dll
0x00007ffe25330000 - 0x00007ffe254df000 	C:\WINDOWS\System32\USER32.dll
0x00007ffe24880000 - 0x00007ffe248a6000 	C:\WINDOWS\System32\win32u.dll
0x00007ffe26540000 - 0x00007ffe26569000 	C:\WINDOWS\System32\GDI32.dll
0x00007ffe0d5b0000 - 0x00007ffe0d843000 	C:\WINDOWS\WinSxS\amd64_microsoft.windows.common-controls_6595b64144ccf1df_6.0.22621.3672_none_2713b9d173822955\COMCTL32.dll
0x00007ffe246a0000 - 0x00007ffe247b8000 	C:\WINDOWS\System32\gdi32full.dll
0x00007ffe251a0000 - 0x00007ffe25247000 	C:\WINDOWS\System32\msvcrt.dll
0x00007ffe24a80000 - 0x00007ffe24b1a000 	C:\WINDOWS\System32\msvcp_win.dll
0x00007ffe26320000 - 0x00007ffe26351000 	C:\WINDOWS\System32\IMM32.DLL
0x00007ffe14300000 - 0x00007ffe1430c000 	C:\Users\7000qwq\.jdks\corretto-11.0.24\bin\vcruntime140_1.dll
0x00007ffde9900000 - 0x00007ffde998d000 	C:\Users\7000qwq\.jdks\corretto-11.0.24\bin\msvcp140.dll
0x00007ffdc0a50000 - 0x00007ffdc1615000 	C:\Users\7000qwq\.jdks\corretto-11.0.24\bin\server\jvm.dll
0x00007ffe25050000 - 0x00007ffe25102000 	C:\WINDOWS\System32\ADVAPI32.dll
0x00007ffe26270000 - 0x00007ffe26318000 	C:\WINDOWS\System32\sechost.dll
0x00007ffe249d0000 - 0x00007ffe249f8000 	C:\WINDOWS\System32\bcrypt.dll
0x00007ffe25d50000 - 0x00007ffe25e64000 	C:\WINDOWS\System32\RPCRT4.dll
0x00007ffe26da0000 - 0x00007ffe26da8000 	C:\WINDOWS\System32\PSAPI.DLL
0x00007ffe1e640000 - 0x00007ffe1e649000 	C:\WINDOWS\SYSTEM32\WSOCK32.dll
0x00007ffe264c0000 - 0x00007ffe26531000 	C:\WINDOWS\System32\WS2_32.dll
0x00007ffe1f190000 - 0x00007ffe1f1c4000 	C:\WINDOWS\SYSTEM32\WINMM.dll
0x00007ffe1d000000 - 0x00007ffe1d00a000 	C:\WINDOWS\SYSTEM32\VERSION.dll
0x00007ffe23150000 - 0x00007ffe23168000 	C:\WINDOWS\SYSTEM32\kernel.appcore.dll
0x00007ffe14210000 - 0x00007ffe14220000 	C:\Users\7000qwq\.jdks\corretto-11.0.24\bin\verify.dll
0x00007ffe21c50000 - 0x00007ffe21e82000 	C:\WINDOWS\SYSTEM32\DBGHELP.DLL
0x00007ffe26a10000 - 0x00007ffe26d9e000 	C:\WINDOWS\System32\combase.dll
0x00007ffe265e0000 - 0x00007ffe266b7000 	C:\WINDOWS\System32\OLEAUT32.dll
0x00007ffe0d1b0000 - 0x00007ffe0d1e2000 	C:\WINDOWS\SYSTEM32\dbgcore.DLL
0x00007ffe24a00000 - 0x00007ffe24a7b000 	C:\WINDOWS\System32\bcryptPrimitives.dll
0x00007ffe10440000 - 0x00007ffe10468000 	C:\Users\7000qwq\.jdks\corretto-11.0.24\bin\java.dll
0x00007ffe10600000 - 0x00007ffe1060a000 	C:\Users\7000qwq\.jdks\corretto-11.0.24\bin\jimage.dll
0x00007ffe0f0a0000 - 0x00007ffe0f0d9000 	C:\Users\7000qwq\.jdks\corretto-11.0.24\bin\jdwp.dll
0x00007ffe12110000 - 0x00007ffe1211e000 	C:\Users\7000qwq\.jdks\corretto-11.0.24\bin\instrument.dll
0x00007ffe0f120000 - 0x00007ffe0f138000 	C:\Users\7000qwq\.jdks\corretto-11.0.24\bin\zip.dll
0x00007ffe254e0000 - 0x00007ffe25d49000 	C:\WINDOWS\System32\SHELL32.dll
0x00007ffe22070000 - 0x00007ffe2296f000 	C:\WINDOWS\SYSTEM32\windows.storage.dll
0x00007ffe21f30000 - 0x00007ffe2206f000 	C:\WINDOWS\SYSTEM32\wintypes.dll
0x00007ffe266c0000 - 0x00007ffe267b9000 	C:\WINDOWS\System32\SHCORE.dll
0x00007ffe25250000 - 0x00007ffe252ae000 	C:\WINDOWS\System32\shlwapi.dll
0x00007ffe24030000 - 0x00007ffe24057000 	C:\WINDOWS\SYSTEM32\profapi.dll
0x00007ffe14510000 - 0x00007ffe1451a000 	C:\Users\7000qwq\.jdks\corretto-11.0.24\bin\dt_socket.dll
0x00007ffe235c0000 - 0x00007ffe23629000 	C:\WINDOWS\system32\mswsock.dll
0x00007ffe0efc0000 - 0x00007ffe0efd9000 	C:\Users\7000qwq\.jdks\corretto-11.0.24\bin\net.dll
0x00007ffe1efa0000 - 0x00007ffe1f0d6000 	C:\WINDOWS\SYSTEM32\WINHTTP.dll
0x00007ffe0e9f0000 - 0x00007ffe0ea02000 	C:\Users\7000qwq\.jdks\corretto-11.0.24\bin\nio.dll
0x00007ffe0ec70000 - 0x00007ffe0ec79000 	C:\Users\7000qwq\.jdks\corretto-11.0.24\bin\management.dll
0x00007ffe0ac80000 - 0x00007ffe0ac8b000 	C:\Users\7000qwq\.jdks\corretto-11.0.24\bin\management_ext.dll
0x00007ffe0aa60000 - 0x00007ffe0aa77000 	C:\WINDOWS\system32\napinsp.dll
0x00007ffe0aa40000 - 0x00007ffe0aa5b000 	C:\WINDOWS\system32\pnrpnsp.dll
0x00007ffe22c40000 - 0x00007ffe22d42000 	C:\WINDOWS\SYSTEM32\DNSAPI.dll
0x00007ffe22bd0000 - 0x00007ffe22bfd000 	C:\WINDOWS\SYSTEM32\IPHLPAPI.DLL
0x00007ffe26570000 - 0x00007ffe26579000 	C:\WINDOWS\System32\NSI.dll
0x00007ffe0a960000 - 0x00007ffe0a971000 	C:\WINDOWS\System32\winrnr.dll
0x00007ffe0a980000 - 0x00007ffe0a995000 	C:\WINDOWS\system32\wshbth.dll
0x00007ffe0a910000 - 0x00007ffe0a937000 	C:\WINDOWS\system32\nlansp_c.dll
0x00007ffe1d050000 - 0x00007ffe1d05a000 	C:\Windows\System32\rasadhlp.dll
0x00007ffe1e110000 - 0x00007ffe1e193000 	C:\WINDOWS\System32\fwpuclnt.dll
0x00007ffe23810000 - 0x00007ffe2382b000 	C:\WINDOWS\SYSTEM32\CRYPTSP.dll
0x00007ffe230b0000 - 0x00007ffe230e5000 	C:\WINDOWS\system32\rsaenh.dll
0x00007ffe236b0000 - 0x00007ffe236d8000 	C:\WINDOWS\SYSTEM32\USERENV.dll
0x00007ffe23830000 - 0x00007ffe2383c000 	C:\WINDOWS\SYSTEM32\CRYPTBASE.dll
0x00007ffe1eea0000 - 0x00007ffe1eeb9000 	C:\WINDOWS\SYSTEM32\dhcpcsvc6.DLL
0x00007ffe1edc0000 - 0x00007ffe1eddf000 	C:\WINDOWS\SYSTEM32\dhcpcsvc.DLL
0x00007ffe0a9d0000 - 0x00007ffe0a9f7000 	C:\Users\7000qwq\.jdks\corretto-11.0.24\bin\sunec.dll
0x00007ffe0efe0000 - 0x00007ffe0efee000 	C:\Users\7000qwq\.jdks\corretto-11.0.24\bin\sunmscapi.dll
0x00007ffe24100000 - 0x00007ffe24266000 	C:\WINDOWS\System32\CRYPT32.dll
0x00007ffe239d0000 - 0x00007ffe239fd000 	C:\WINDOWS\SYSTEM32\ncrypt.dll
0x00007ffe23990000 - 0x00007ffe239c7000 	C:\WINDOWS\SYSTEM32\NTASN1.dll

dbghelp: loaded successfully - version: 4.0.5 - missing functions: none
symbol engine: initialized successfully - sym options: 0x614 - pdb path: .;C:\Users\7000qwq\.jdks\corretto-11.0.24\bin;C:\WINDOWS\SYSTEM32;C:\WINDOWS\WinSxS\amd64_microsoft.windows.common-controls_6595b64144ccf1df_6.0.22621.3672_none_2713b9d173822955;C:\Users\7000qwq\.jdks\corretto-11.0.24\bin\server

VM Arguments:
jvm_args: -agentlib:jdwp=transport=dt_socket,address=127.0.0.1:9212,suspend=y,server=n -javaagent:C:\Users\7000qwq\AppData\Local\JetBrains\IdeaIC2024.2\captureAgent\debugger-agent.jar=file:/C:/Users/7000qwq/AppData/Local/Temp/capture.props -Dkotlinx.coroutines.debug.enable.creation.stack.trace=false -Ddebugger.agent.enable.coroutines=true -Dfile.encoding=UTF-8 
java_command: gold.GoldApplication
java_class_path (initial): C:\Users\7000qwq\Desktop\goldProject\back-end\gold-java\server\target\classes;C:\Users\7000qwq\Desktop\goldProject\back-end\gold-java\common\target\classes;C:\Users\7000qwq\.m2\repository\commons-lang\commons-lang\2.6\commons-lang-2.6.jar;C:\Users\7000qwq\.m2\repository\org\springframework\boot\spring-boot-starter-json\2.7.3\spring-boot-starter-json-2.7.3.jar;C:\Users\7000qwq\.m2\repository\com\fasterxml\jackson\datatype\jackson-datatype-jdk8\2.13.3\jackson-datatype-jdk8-2.13.3.jar;C:\Users\7000qwq\.m2\repository\com\fasterxml\jackson\datatype\jackson-datatype-jsr310\2.13.3\jackson-datatype-jsr310-2.13.3.jar;C:\Users\7000qwq\.m2\repository\com\fasterxml\jackson\module\jackson-module-parameter-names\2.13.3\jackson-module-parameter-names-2.13.3.jar;C:\Users\7000qwq\.m2\repository\io\jsonwebtoken\jjwt\0.9.1\jjwt-0.9.1.jar;C:\Users\7000qwq\.m2\repository\javax\xml\bind\jaxb-api\2.3.1\jaxb-api-2.3.1.jar;C:\Users\7000qwq\.m2\repository\javax\activation\javax.activation-api\1.2.0\javax.activation-api-1.2.0.jar;C:\Users\7000qwq\Desktop\goldProject\back-end\gold-java\pojo\target\classes;C:\Users\7000qwq\.m2\repository\com\fasterxml\jackson\core\jackson-databind\2.13.3\jackson-databind-2.13.3.jar;C:\Users\7000qwq\.m2\repository\com\fasterxml\jackson\core\jackson-annotations\2.13.3\jackson-annotations-2.13.3.jar;C:\Users\7000qwq\.m2\repository\com\fasterxml\jackson\core\jackson-core\2.13.3\jackson-core-2.13.3.jar;C:\Users\7000qwq\.m2\repository\org\springframework\boot\spring-boot-starter\2.7.3\spring-boot-starter-2.7.3.jar;C:\Users\7000qwq\.m2\repository\org\springframework\boot\spring-boot\2.7.3\spring-boot-2.7.3.jar;C:\Users\7000qwq\.m2\repository\org\springframework\spring-context\5.3.22\spring-context-5.3.22.jar;C:\Users\7000qwq\.m2\repository\org\springframework\boot\spring-boot-autoconfigure\2.7.3\spring-boot-autoconfigure-2.7.3.jar;C:\Users\7000qwq\.m2\repository\org\springframework\boot\spring-boot-starter-logging\2.7.3\spring-boot-starter
Launcher Type: SUN_STANDARD

[Global flags]
     intx CICompilerCount                          = 12                                        {product} {ergonomic}
     uint ConcGCThreads                            = 3                                         {product} {ergonomic}
     uint G1ConcRefinementThreads                  = 13                                        {product} {ergonomic}
   size_t G1HeapRegionSize                         = 1048576                                   {product} {ergonomic}
    uintx GCDrainStackTargetSize                   = 64                                        {product} {ergonomic}
   size_t InitialHeapSize                          = 257949696                                 {product} {ergonomic}
   size_t MarkStackSize                            = 4194304                                   {product} {ergonomic}
   size_t MaxHeapSize                              = 4125097984                                {product} {ergonomic}
   size_t MaxNewSize                               = 2474639360                                {product} {ergonomic}
   size_t MinHeapDeltaBytes                        = 1048576                                   {product} {ergonomic}
    uintx NonNMethodCodeHeapSize                   = 7594288                                {pd product} {ergonomic}
    uintx NonProfiledCodeHeapSize                  = 122031976                              {pd product} {ergonomic}
    uintx ProfiledCodeHeapSize                     = 122031976                              {pd product} {ergonomic}
    uintx ReservedCodeCacheSize                    = 251658240                              {pd product} {ergonomic}
     bool SegmentedCodeCache                       = true                                      {product} {ergonomic}
     bool UseCompressedClassPointers               = true                                 {lp64_product} {ergonomic}
     bool UseCompressedOops                        = true                                 {lp64_product} {ergonomic}
     bool UseG1GC                                  = true                                      {product} {ergonomic}
     bool UseLargePagesIndividualAllocation        = false                                  {pd product} {ergonomic}

Logging:
Log output configuration:
 #0: stdout all=warning uptime,level,tags
 #1: stderr all=off uptime,level,tags

Environment Variables:
JAVA_HOME=C:\Users\7000qwq\.jdks\corretto-11.0.24
PATH=D:\Program Files\VMware\bin\;D:\texlive\2022\bin\win32;C:\WINDOWS\system32;C:\WINDOWS;C:\WINDOWS\System32\Wbem;C:\WINDOWS\System32\WindowsPowerShell\v1.0\;C:\WINDOWS\System32\OpenSSH\;D:\matlab\bin;D:\Program Files\Git\cmd;D:\Program Files\web\dll;C:\Program Files (x86)\Windows Kits\10\Windows Performance Toolkit\;C:\Program Files\MySQL\MySQL Server 8.0\bin;D:\Program Files\IntelliJ IDEA Community Edition 2024.2.1\plugins\maven\lib\maven3\bin;C:\Users\7000qwq\.jdks\corretto-11.0.24\bin;D:\anaconda3;D:\anaconda3\Scripts;D:\anaconda3\Library\bin;D:\anaconda3\envs\whisper_project\Scripts;C:\Program Files\MySQL\MySQL Shell 8.0\bin\;C:\Users\7000qwq\AppData\Local\Microsoft\WindowsApps;C:\Program Files\Bandizip\;D:\ffmpeg-5.0-full_build\bin;D:\texlive\2022\bin\win32;D:\Program Files\IntelliJ IDEA Community Edition 2024.2.1\bin;;D:\Program Files\cpolar\;D:\Program Files\Microsoft VS Code\bin
USERNAME=7000qwq
OS=Windows_NT
PROCESSOR_IDENTIFIER=AMD64 Family 23 Model 96 Stepping 1, AuthenticAMD
TMP=C:\Users\7000qwq\AppData\Local\Temp
TEMP=C:\Users\7000qwq\AppData\Local\Temp



---------------  S Y S T E M  ---------------

OS: Windows 11 , 64 bit Build 22621 (10.0.22621.3958)
OS uptime: 0 days 2:22 hours

CPU:total 16 (initial active 16) (16 cores per cpu, 2 threads per core) family 23 model 96 stepping 1 microcode 0x0, cmov, cx8, fxsr, mmx, sse, sse2, sse3, ssse3, sse4.1, sse4.2, popcnt, avx, avx2, aes, clmul, mmxext, 3dnowpref, lzcnt, sse4a, ht, tsc, tscinvbit, tscinv, bmi1, bmi2, adx, sha, fma

Memory: 4k page, system-wide physical 15734M (6109M free)
TotalPageFile size 16822M (AvailPageFile size 4613M)
current process WorkingSet (physical memory assigned to process): 505M, peak: 509M
current process commit charge ("private bytes"): 637M, peak: 641M

vm_info: OpenJDK 64-Bit Server VM (11.0.24+8-LTS) for windows-amd64 JRE (11.0.24+8-LTS), built on Jul  9 2024 22:03:43 by "Administrator" with MS VC++ 16.10 / 16.11 (VS2019)

END.
